[ 24-Oct-2022 12:44:17 ] [Total] []
[ 24-Oct-2022 13:06:13 ] [Total] []
[ 24-Oct-2022 13:07:27 ] [Total] []
[ 24-Oct-2022 13:07:33 ] [Total] []
[ 24-Oct-2022 13:08:01 ] [Total] []
[ 24-Oct-2022 13:11:46 ] [Date] Update 2005-12-04
[ 24-Oct-2022 13:45:18 ] [Date] Update 2005-12-04
[ 24-Oct-2022 13:47:17 ] [Date] Update 2005-12-04
[ 24-Oct-2022 13:47:17 ] 
[ 24-Oct-2022 13:49:06 ] 
[ 24-Oct-2022 13:50:33 ] [ ressource ] {"ip":"127.0.0.1","ressource":"\/"}
[ 24-Oct-2022 13:50:44 ] 
[ 24-Oct-2022 13:50:57 ] 
[ 24-Oct-2022 13:52:44 ] 
[ 24-Oct-2022 13:53:51 ] [ ressource ] {"ip":"127.0.0.1","ressource":"\/"}
[ 24-Oct-2022 13:53:55 ] [ ressource ] {"ip":"127.0.0.1","ressource":"\/"}
[ 24-Oct-2022 13:54:05 ] 
[ 24-Oct-2022 13:54:16 ] 
[ 24-Oct-2022 13:55:28 ] [AY] {"id":"1","0":"1","academie":"2022-2023","1":"2022-2023","debut":"2022-08-01","2":"2022-08-01","fin":"2023-06-23","3":"2023-06-23","annee_debut":"2022","4":"2022","annee_fin":"2023","5":"2023","etat":"O","6":"O","version":"1.0.0","7":"1.0.0"}
[ 24-Oct-2022 13:55:28 ] [AY] {"id":"1","0":"1","academie":"2022-2023","1":"2022-2023","debut":"2022-08-01","2":"2022-08-01","fin":"2023-06-23","3":"2023-06-23","annee_debut":"2022","4":"2022","annee_fin":"2023","5":"2023","etat":"O","6":"O","version":"1.0.0","7":"1.0.0"}
[ 24-Oct-2022 13:55:28 ] [AY] {"id":"1","0":"1","academie":"2022-2023","1":"2022-2023","debut":"2022-08-01","2":"2022-08-01","fin":"2023-06-23","3":"2023-06-23","annee_debut":"2022","4":"2022","annee_fin":"2023","5":"2023","etat":"O","6":"O","version":"1.0.0","7":"1.0.0"}
[ 24-Oct-2022 13:55:28 ] [AY] {"id":"1","0":"1","academie":"2022-2023","1":"2022-2023","debut":"2022-08-01","2":"2022-08-01","fin":"2023-06-23","3":"2023-06-23","annee_debut":"2022","4":"2022","annee_fin":"2023","5":"2023","etat":"O","6":"O","version":"1.0.0","7":"1.0.0"}
[ 24-Oct-2022 13:55:28 ] [AY] {"id":"1","0":"1","academie":"2022-2023","1":"2022-2023","debut":"2022-08-01","2":"2022-08-01","fin":"2023-06-23","3":"2023-06-23","annee_debut":"2022","4":"2022","annee_fin":"2023","5":"2023","etat":"O","6":"O","version":"1.0.0","7":"1.0.0"}
[ 24-Oct-2022 13:55:28 ] [AY] {"id":"1","0":"1","academie":"2022-2023","1":"2022-2023","debut":"2022-08-01","2":"2022-08-01","fin":"2023-06-23","3":"2023-06-23","annee_debut":"2022","4":"2022","annee_fin":"2023","5":"2023","etat":"O","6":"O","version":"1.0.0","7":"1.0.0"}
[ 24-Oct-2022 13:55:29 ] [AY] {"id":"1","0":"1","academie":"2022-2023","1":"2022-2023","debut":"2022-08-01","2":"2022-08-01","fin":"2023-06-23","3":"2023-06-23","annee_debut":"2022","4":"2022","annee_fin":"2023","5":"2023","etat":"O","6":"O","version":"1.0.0","7":"1.0.0"}
[ 24-Oct-2022 13:55:29 ] [AY] {"id":"1","0":"1","academie":"2022-2023","1":"2022-2023","debut":"2022-08-01","2":"2022-08-01","fin":"2023-06-23","3":"2023-06-23","annee_debut":"2022","4":"2022","annee_fin":"2023","5":"2023","etat":"O","6":"O","version":"1.0.0","7":"1.0.0"}
[ 24-Oct-2022 13:55:29 ] [AY] {"id":"1","0":"1","academie":"2022-2023","1":"2022-2023","debut":"2022-08-01","2":"2022-08-01","fin":"2023-06-23","3":"2023-06-23","annee_debut":"2022","4":"2022","annee_fin":"2023","5":"2023","etat":"O","6":"O","version":"1.0.0","7":"1.0.0"}
[ 24-Oct-2022 13:55:29 ] [AY] {"id":"1","0":"1","academie":"2022-2023","1":"2022-2023","debut":"2022-08-01","2":"2022-08-01","fin":"2023-06-23","3":"2023-06-23","annee_debut":"2022","4":"2022","annee_fin":"2023","5":"2023","etat":"O","6":"O","version":"1.0.0","7":"1.0.0"}
[ 24-Oct-2022 13:55:29 ] [AY] {"id":"1","0":"1","academie":"2022-2023","1":"2022-2023","debut":"2022-08-01","2":"2022-08-01","fin":"2023-06-23","3":"2023-06-23","annee_debut":"2022","4":"2022","annee_fin":"2023","5":"2023","etat":"O","6":"O","version":"1.0.0","7":"1.0.0"}
[ 24-Oct-2022 13:55:29 ] [AY] {"id":"1","0":"1","academie":"2022-2023","1":"2022-2023","debut":"2022-08-01","2":"2022-08-01","fin":"2023-06-23","3":"2023-06-23","annee_debut":"2022","4":"2022","annee_fin":"2023","5":"2023","etat":"O","6":"O","version":"1.0.0","7":"1.0.0"}
[ 24-Oct-2022 13:55:29 ] [AY] {"id":"1","0":"1","academie":"2022-2023","1":"2022-2023","debut":"2022-08-01","2":"2022-08-01","fin":"2023-06-23","3":"2023-06-23","annee_debut":"2022","4":"2022","annee_fin":"2023","5":"2023","etat":"O","6":"O","version":"1.0.0","7":"1.0.0"}
[ 24-Oct-2022 13:55:29 ] [AY] {"id":"1","0":"1","academie":"2022-2023","1":"2022-2023","debut":"2022-08-01","2":"2022-08-01","fin":"2023-06-23","3":"2023-06-23","annee_debut":"2022","4":"2022","annee_fin":"2023","5":"2023","etat":"O","6":"O","version":"1.0.0","7":"1.0.0"}
[ 24-Oct-2022 13:55:29 ] [AY] {"id":"1","0":"1","academie":"2022-2023","1":"2022-2023","debut":"2022-08-01","2":"2022-08-01","fin":"2023-06-23","3":"2023-06-23","annee_debut":"2022","4":"2022","annee_fin":"2023","5":"2023","etat":"O","6":"O","version":"1.0.0","7":"1.0.0"}
[ 24-Oct-2022 13:55:29 ] [AY] {"id":"1","0":"1","academie":"2022-2023","1":"2022-2023","debut":"2022-08-01","2":"2022-08-01","fin":"2023-06-23","3":"2023-06-23","annee_debut":"2022","4":"2022","annee_fin":"2023","5":"2023","etat":"O","6":"O","version":"1.0.0","7":"1.0.0"}
[ 24-Oct-2022 13:55:29 ] [AY] {"id":"1","0":"1","academie":"2022-2023","1":"2022-2023","debut":"2022-08-01","2":"2022-08-01","fin":"2023-06-23","3":"2023-06-23","annee_debut":"2022","4":"2022","annee_fin":"2023","5":"2023","etat":"O","6":"O","version":"1.0.0","7":"1.0.0"}
[ 24-Oct-2022 13:55:29 ] [AY] {"id":"1","0":"1","academie":"2022-2023","1":"2022-2023","debut":"2022-08-01","2":"2022-08-01","fin":"2023-06-23","3":"2023-06-23","annee_debut":"2022","4":"2022","annee_fin":"2023","5":"2023","etat":"O","6":"O","version":"1.0.0","7":"1.0.0"}
[ 24-Oct-2022 13:55:29 ] [AY] {"id":"1","0":"1","academie":"2022-2023","1":"2022-2023","debut":"2022-08-01","2":"2022-08-01","fin":"2023-06-23","3":"2023-06-23","annee_debut":"2022","4":"2022","annee_fin":"2023","5":"2023","etat":"O","6":"O","version":"1.0.0","7":"1.0.0"}
[ 24-Oct-2022 13:55:29 ] [AY] {"id":"1","0":"1","academie":"2022-2023","1":"2022-2023","debut":"2022-08-01","2":"2022-08-01","fin":"2023-06-23","3":"2023-06-23","annee_debut":"2022","4":"2022","annee_fin":"2023","5":"2023","etat":"O","6":"O","version":"1.0.0","7":"1.0.0"}
[ 24-Oct-2022 13:55:29 ] [AY] {"id":"1","0":"1","academie":"2022-2023","1":"2022-2023","debut":"2022-08-01","2":"2022-08-01","fin":"2023-06-23","3":"2023-06-23","annee_debut":"2022","4":"2022","annee_fin":"2023","5":"2023","etat":"O","6":"O","version":"1.0.0","7":"1.0.0"}
[ 24-Oct-2022 13:55:29 ] [AY] {"id":"1","0":"1","academie":"2022-2023","1":"2022-2023","debut":"2022-08-01","2":"2022-08-01","fin":"2023-06-23","3":"2023-06-23","annee_debut":"2022","4":"2022","annee_fin":"2023","5":"2023","etat":"O","6":"O","version":"1.0.0","7":"1.0.0"}
[ 24-Oct-2022 13:55:29 ] [AY] {"id":"1","0":"1","academie":"2022-2023","1":"2022-2023","debut":"2022-08-01","2":"2022-08-01","fin":"2023-06-23","3":"2023-06-23","annee_debut":"2022","4":"2022","annee_fin":"2023","5":"2023","etat":"O","6":"O","version":"1.0.0","7":"1.0.0"}
[ 24-Oct-2022 13:55:29 ] [AY] {"id":"1","0":"1","academie":"2022-2023","1":"2022-2023","debut":"2022-08-01","2":"2022-08-01","fin":"2023-06-23","3":"2023-06-23","annee_debut":"2022","4":"2022","annee_fin":"2023","5":"2023","etat":"O","6":"O","version":"1.0.0","7":"1.0.0"}
[ 24-Oct-2022 13:55:29 ] [AY] {"id":"1","0":"1","academie":"2022-2023","1":"2022-2023","debut":"2022-08-01","2":"2022-08-01","fin":"2023-06-23","3":"2023-06-23","annee_debut":"2022","4":"2022","annee_fin":"2023","5":"2023","etat":"O","6":"O","version":"1.0.0","7":"1.0.0"}
[ 24-Oct-2022 13:55:29 ] [AY] {"id":"1","0":"1","academie":"2022-2023","1":"2022-2023","debut":"2022-08-01","2":"2022-08-01","fin":"2023-06-23","3":"2023-06-23","annee_debut":"2022","4":"2022","annee_fin":"2023","5":"2023","etat":"O","6":"O","version":"1.0.0","7":"1.0.0"}
[ 24-Oct-2022 13:55:29 ] [AY] {"id":"1","0":"1","academie":"2022-2023","1":"2022-2023","debut":"2022-08-01","2":"2022-08-01","fin":"2023-06-23","3":"2023-06-23","annee_debut":"2022","4":"2022","annee_fin":"2023","5":"2023","etat":"O","6":"O","version":"1.0.0","7":"1.0.0"}
[ 24-Oct-2022 13:55:29 ] [AY] {"id":"1","0":"1","academie":"2022-2023","1":"2022-2023","debut":"2022-08-01","2":"2022-08-01","fin":"2023-06-23","3":"2023-06-23","annee_debut":"2022","4":"2022","annee_fin":"2023","5":"2023","etat":"O","6":"O","version":"1.0.0","7":"1.0.0"}
[ 24-Oct-2022 13:55:29 ] [AY] {"id":"1","0":"1","academie":"2022-2023","1":"2022-2023","debut":"2022-08-01","2":"2022-08-01","fin":"2023-06-23","3":"2023-06-23","annee_debut":"2022","4":"2022","annee_fin":"2023","5":"2023","etat":"O","6":"O","version":"1.0.0","7":"1.0.0"}
[ 24-Oct-2022 13:55:29 ] [AY] {"id":"1","0":"1","academie":"2022-2023","1":"2022-2023","debut":"2022-08-01","2":"2022-08-01","fin":"2023-06-23","3":"2023-06-23","annee_debut":"2022","4":"2022","annee_fin":"2023","5":"2023","etat":"O","6":"O","version":"1.0.0","7":"1.0.0"}
[ 24-Oct-2022 13:55:29 ] [AY] {"id":"1","0":"1","academie":"2022-2023","1":"2022-2023","debut":"2022-08-01","2":"2022-08-01","fin":"2023-06-23","3":"2023-06-23","annee_debut":"2022","4":"2022","annee_fin":"2023","5":"2023","etat":"O","6":"O","version":"1.0.0","7":"1.0.0"}
[ 24-Oct-2022 13:55:29 ] [AY] {"id":"1","0":"1","academie":"2022-2023","1":"2022-2023","debut":"2022-08-01","2":"2022-08-01","fin":"2023-06-23","3":"2023-06-23","annee_debut":"2022","4":"2022","annee_fin":"2023","5":"2023","etat":"O","6":"O","version":"1.0.0","7":"1.0.0"}
[ 24-Oct-2022 13:55:30 ] [AY] {"id":"1","0":"1","academie":"2022-2023","1":"2022-2023","debut":"2022-08-01","2":"2022-08-01","fin":"2023-06-23","3":"2023-06-23","annee_debut":"2022","4":"2022","annee_fin":"2023","5":"2023","etat":"O","6":"O","version":"1.0.0","7":"1.0.0"}
[ 24-Oct-2022 13:55:30 ] [AY] {"id":"1","0":"1","academie":"2022-2023","1":"2022-2023","debut":"2022-08-01","2":"2022-08-01","fin":"2023-06-23","3":"2023-06-23","annee_debut":"2022","4":"2022","annee_fin":"2023","5":"2023","etat":"O","6":"O","version":"1.0.0","7":"1.0.0"}
[ 24-Oct-2022 13:55:30 ] [AY] {"id":"1","0":"1","academie":"2022-2023","1":"2022-2023","debut":"2022-08-01","2":"2022-08-01","fin":"2023-06-23","3":"2023-06-23","annee_debut":"2022","4":"2022","annee_fin":"2023","5":"2023","etat":"O","6":"O","version":"1.0.0","7":"1.0.0"}
[ 24-Oct-2022 13:55:30 ] [AY] {"id":"1","0":"1","academie":"2022-2023","1":"2022-2023","debut":"2022-08-01","2":"2022-08-01","fin":"2023-06-23","3":"2023-06-23","annee_debut":"2022","4":"2022","annee_fin":"2023","5":"2023","etat":"O","6":"O","version":"1.0.0","7":"1.0.0"}
[ 24-Oct-2022 13:55:30 ] [AY] {"id":"1","0":"1","academie":"2022-2023","1":"2022-2023","debut":"2022-08-01","2":"2022-08-01","fin":"2023-06-23","3":"2023-06-23","annee_debut":"2022","4":"2022","annee_fin":"2023","5":"2023","etat":"O","6":"O","version":"1.0.0","7":"1.0.0"}
[ 24-Oct-2022 13:55:30 ] [AY] {"id":"1","0":"1","academie":"2022-2023","1":"2022-2023","debut":"2022-08-01","2":"2022-08-01","fin":"2023-06-23","3":"2023-06-23","annee_debut":"2022","4":"2022","annee_fin":"2023","5":"2023","etat":"O","6":"O","version":"1.0.0","7":"1.0.0"}
[ 24-Oct-2022 13:55:30 ] 
[ 24-Oct-2022 13:55:30 ] [AY] {"id":"1","0":"1","academie":"2022-2023","1":"2022-2023","debut":"2022-08-01","2":"2022-08-01","fin":"2023-06-23","3":"2023-06-23","annee_debut":"2022","4":"2022","annee_fin":"2023","5":"2023","etat":"O","6":"O","version":"1.0.0","7":"1.0.0"}
[ 24-Oct-2022 13:55:30 ] [AY] {"id":"1","0":"1","academie":"2022-2023","1":"2022-2023","debut":"2022-08-01","2":"2022-08-01","fin":"2023-06-23","3":"2023-06-23","annee_debut":"2022","4":"2022","annee_fin":"2023","5":"2023","etat":"O","6":"O","version":"1.0.0","7":"1.0.0"}
[ 24-Oct-2022 13:56:27 ] [AY] {"id":"1","0":"1","academie":"2022-2023","1":"2022-2023","debut":"2022-08-01","2":"2022-08-01","fin":"2023-06-23","3":"2023-06-23","annee_debut":"2022","4":"2022","annee_fin":"2023","5":"2023","etat":"O","6":"O","version":"1.0.0","7":"1.0.0"}
[ 24-Oct-2022 13:56:28 ] [AY] {"id":"1","0":"1","academie":"2022-2023","1":"2022-2023","debut":"2022-08-01","2":"2022-08-01","fin":"2023-06-23","3":"2023-06-23","annee_debut":"2022","4":"2022","annee_fin":"2023","5":"2023","etat":"O","6":"O","version":"1.0.0","7":"1.0.0"}
[ 24-Oct-2022 13:56:28 ] [AY] {"id":"1","0":"1","academie":"2022-2023","1":"2022-2023","debut":"2022-08-01","2":"2022-08-01","fin":"2023-06-23","3":"2023-06-23","annee_debut":"2022","4":"2022","annee_fin":"2023","5":"2023","etat":"O","6":"O","version":"1.0.0","7":"1.0.0"}
[ 24-Oct-2022 13:56:28 ] [AY] {"id":"1","0":"1","academie":"2022-2023","1":"2022-2023","debut":"2022-08-01","2":"2022-08-01","fin":"2023-06-23","3":"2023-06-23","annee_debut":"2022","4":"2022","annee_fin":"2023","5":"2023","etat":"O","6":"O","version":"1.0.0","7":"1.0.0"}
[ 24-Oct-2022 13:56:28 ] [AY] {"id":"1","0":"1","academie":"2022-2023","1":"2022-2023","debut":"2022-08-01","2":"2022-08-01","fin":"2023-06-23","3":"2023-06-23","annee_debut":"2022","4":"2022","annee_fin":"2023","5":"2023","etat":"O","6":"O","version":"1.0.0","7":"1.0.0"}
[ 24-Oct-2022 13:56:28 ] [AY] {"id":"1","0":"1","academie":"2022-2023","1":"2022-2023","debut":"2022-08-01","2":"2022-08-01","fin":"2023-06-23","3":"2023-06-23","annee_debut":"2022","4":"2022","annee_fin":"2023","5":"2023","etat":"O","6":"O","version":"1.0.0","7":"1.0.0"}
[ 24-Oct-2022 13:56:28 ] [AY] {"id":"1","0":"1","academie":"2022-2023","1":"2022-2023","debut":"2022-08-01","2":"2022-08-01","fin":"2023-06-23","3":"2023-06-23","annee_debut":"2022","4":"2022","annee_fin":"2023","5":"2023","etat":"O","6":"O","version":"1.0.0","7":"1.0.0"}
[ 24-Oct-2022 13:56:28 ] [AY] {"id":"1","0":"1","academie":"2022-2023","1":"2022-2023","debut":"2022-08-01","2":"2022-08-01","fin":"2023-06-23","3":"2023-06-23","annee_debut":"2022","4":"2022","annee_fin":"2023","5":"2023","etat":"O","6":"O","version":"1.0.0","7":"1.0.0"}
[ 24-Oct-2022 13:56:28 ] [AY] {"id":"1","0":"1","academie":"2022-2023","1":"2022-2023","debut":"2022-08-01","2":"2022-08-01","fin":"2023-06-23","3":"2023-06-23","annee_debut":"2022","4":"2022","annee_fin":"2023","5":"2023","etat":"O","6":"O","version":"1.0.0","7":"1.0.0"}
[ 24-Oct-2022 13:56:28 ] [AY] {"id":"1","0":"1","academie":"2022-2023","1":"2022-2023","debut":"2022-08-01","2":"2022-08-01","fin":"2023-06-23","3":"2023-06-23","annee_debut":"2022","4":"2022","annee_fin":"2023","5":"2023","etat":"O","6":"O","version":"1.0.0","7":"1.0.0"}
[ 24-Oct-2022 13:56:28 ] [AY] {"id":"1","0":"1","academie":"2022-2023","1":"2022-2023","debut":"2022-08-01","2":"2022-08-01","fin":"2023-06-23","3":"2023-06-23","annee_debut":"2022","4":"2022","annee_fin":"2023","5":"2023","etat":"O","6":"O","version":"1.0.0","7":"1.0.0"}
[ 24-Oct-2022 13:56:28 ] [AY] {"id":"1","0":"1","academie":"2022-2023","1":"2022-2023","debut":"2022-08-01","2":"2022-08-01","fin":"2023-06-23","3":"2023-06-23","annee_debut":"2022","4":"2022","annee_fin":"2023","5":"2023","etat":"O","6":"O","version":"1.0.0","7":"1.0.0"}
[ 24-Oct-2022 13:56:28 ] [AY] {"id":"1","0":"1","academie":"2022-2023","1":"2022-2023","debut":"2022-08-01","2":"2022-08-01","fin":"2023-06-23","3":"2023-06-23","annee_debut":"2022","4":"2022","annee_fin":"2023","5":"2023","etat":"O","6":"O","version":"1.0.0","7":"1.0.0"}
[ 24-Oct-2022 13:56:28 ] [AY] {"id":"1","0":"1","academie":"2022-2023","1":"2022-2023","debut":"2022-08-01","2":"2022-08-01","fin":"2023-06-23","3":"2023-06-23","annee_debut":"2022","4":"2022","annee_fin":"2023","5":"2023","etat":"O","6":"O","version":"1.0.0","7":"1.0.0"}
[ 24-Oct-2022 13:56:28 ] [AY] {"id":"1","0":"1","academie":"2022-2023","1":"2022-2023","debut":"2022-08-01","2":"2022-08-01","fin":"2023-06-23","3":"2023-06-23","annee_debut":"2022","4":"2022","annee_fin":"2023","5":"2023","etat":"O","6":"O","version":"1.0.0","7":"1.0.0"}
[ 24-Oct-2022 13:56:28 ] [AY] {"id":"1","0":"1","academie":"2022-2023","1":"2022-2023","debut":"2022-08-01","2":"2022-08-01","fin":"2023-06-23","3":"2023-06-23","annee_debut":"2022","4":"2022","annee_fin":"2023","5":"2023","etat":"O","6":"O","version":"1.0.0","7":"1.0.0"}
[ 24-Oct-2022 13:56:28 ] [AY] {"id":"1","0":"1","academie":"2022-2023","1":"2022-2023","debut":"2022-08-01","2":"2022-08-01","fin":"2023-06-23","3":"2023-06-23","annee_debut":"2022","4":"2022","annee_fin":"2023","5":"2023","etat":"O","6":"O","version":"1.0.0","7":"1.0.0"}
[ 24-Oct-2022 13:56:28 ] [AY] {"id":"1","0":"1","academie":"2022-2023","1":"2022-2023","debut":"2022-08-01","2":"2022-08-01","fin":"2023-06-23","3":"2023-06-23","annee_debut":"2022","4":"2022","annee_fin":"2023","5":"2023","etat":"O","6":"O","version":"1.0.0","7":"1.0.0"}
[ 24-Oct-2022 13:56:28 ] [AY] {"id":"1","0":"1","academie":"2022-2023","1":"2022-2023","debut":"2022-08-01","2":"2022-08-01","fin":"2023-06-23","3":"2023-06-23","annee_debut":"2022","4":"2022","annee_fin":"2023","5":"2023","etat":"O","6":"O","version":"1.0.0","7":"1.0.0"}
[ 24-Oct-2022 13:56:28 ] [AY] {"id":"1","0":"1","academie":"2022-2023","1":"2022-2023","debut":"2022-08-01","2":"2022-08-01","fin":"2023-06-23","3":"2023-06-23","annee_debut":"2022","4":"2022","annee_fin":"2023","5":"2023","etat":"O","6":"O","version":"1.0.0","7":"1.0.0"}
[ 24-Oct-2022 13:56:28 ] [AY] {"id":"1","0":"1","academie":"2022-2023","1":"2022-2023","debut":"2022-08-01","2":"2022-08-01","fin":"2023-06-23","3":"2023-06-23","annee_debut":"2022","4":"2022","annee_fin":"2023","5":"2023","etat":"O","6":"O","version":"1.0.0","7":"1.0.0"}
[ 24-Oct-2022 13:56:28 ] [AY] {"id":"1","0":"1","academie":"2022-2023","1":"2022-2023","debut":"2022-08-01","2":"2022-08-01","fin":"2023-06-23","3":"2023-06-23","annee_debut":"2022","4":"2022","annee_fin":"2023","5":"2023","etat":"O","6":"O","version":"1.0.0","7":"1.0.0"}
[ 24-Oct-2022 13:56:28 ] [AY] {"id":"1","0":"1","academie":"2022-2023","1":"2022-2023","debut":"2022-08-01","2":"2022-08-01","fin":"2023-06-23","3":"2023-06-23","annee_debut":"2022","4":"2022","annee_fin":"2023","5":"2023","etat":"O","6":"O","version":"1.0.0","7":"1.0.0"}
[ 24-Oct-2022 13:56:28 ] [AY] {"id":"1","0":"1","academie":"2022-2023","1":"2022-2023","debut":"2022-08-01","2":"2022-08-01","fin":"2023-06-23","3":"2023-06-23","annee_debut":"2022","4":"2022","annee_fin":"2023","5":"2023","etat":"O","6":"O","version":"1.0.0","7":"1.0.0"}
[ 24-Oct-2022 13:56:28 ] [AY] {"id":"1","0":"1","academie":"2022-2023","1":"2022-2023","debut":"2022-08-01","2":"2022-08-01","fin":"2023-06-23","3":"2023-06-23","annee_debut":"2022","4":"2022","annee_fin":"2023","5":"2023","etat":"O","6":"O","version":"1.0.0","7":"1.0.0"}
[ 24-Oct-2022 13:56:28 ] [AY] {"id":"1","0":"1","academie":"2022-2023","1":"2022-2023","debut":"2022-08-01","2":"2022-08-01","fin":"2023-06-23","3":"2023-06-23","annee_debut":"2022","4":"2022","annee_fin":"2023","5":"2023","etat":"O","6":"O","version":"1.0.0","7":"1.0.0"}
[ 24-Oct-2022 13:56:29 ] [AY] {"id":"1","0":"1","academie":"2022-2023","1":"2022-2023","debut":"2022-08-01","2":"2022-08-01","fin":"2023-06-23","3":"2023-06-23","annee_debut":"2022","4":"2022","annee_fin":"2023","5":"2023","etat":"O","6":"O","version":"1.0.0","7":"1.0.0"}
[ 24-Oct-2022 13:56:29 ] [AY] {"id":"1","0":"1","academie":"2022-2023","1":"2022-2023","debut":"2022-08-01","2":"2022-08-01","fin":"2023-06-23","3":"2023-06-23","annee_debut":"2022","4":"2022","annee_fin":"2023","5":"2023","etat":"O","6":"O","version":"1.0.0","7":"1.0.0"}
[ 24-Oct-2022 13:56:29 ] [AY] {"id":"1","0":"1","academie":"2022-2023","1":"2022-2023","debut":"2022-08-01","2":"2022-08-01","fin":"2023-06-23","3":"2023-06-23","annee_debut":"2022","4":"2022","annee_fin":"2023","5":"2023","etat":"O","6":"O","version":"1.0.0","7":"1.0.0"}
[ 24-Oct-2022 13:56:29 ] [AY] {"id":"1","0":"1","academie":"2022-2023","1":"2022-2023","debut":"2022-08-01","2":"2022-08-01","fin":"2023-06-23","3":"2023-06-23","annee_debut":"2022","4":"2022","annee_fin":"2023","5":"2023","etat":"O","6":"O","version":"1.0.0","7":"1.0.0"}
[ 24-Oct-2022 13:56:29 ] [AY] {"id":"1","0":"1","academie":"2022-2023","1":"2022-2023","debut":"2022-08-01","2":"2022-08-01","fin":"2023-06-23","3":"2023-06-23","annee_debut":"2022","4":"2022","annee_fin":"2023","5":"2023","etat":"O","6":"O","version":"1.0.0","7":"1.0.0"}
[ 24-Oct-2022 13:56:29 ] [AY] {"id":"1","0":"1","academie":"2022-2023","1":"2022-2023","debut":"2022-08-01","2":"2022-08-01","fin":"2023-06-23","3":"2023-06-23","annee_debut":"2022","4":"2022","annee_fin":"2023","5":"2023","etat":"O","6":"O","version":"1.0.0","7":"1.0.0"}
[ 24-Oct-2022 13:56:29 ] [AY] {"id":"1","0":"1","academie":"2022-2023","1":"2022-2023","debut":"2022-08-01","2":"2022-08-01","fin":"2023-06-23","3":"2023-06-23","annee_debut":"2022","4":"2022","annee_fin":"2023","5":"2023","etat":"O","6":"O","version":"1.0.0","7":"1.0.0"}
[ 24-Oct-2022 13:56:29 ] [AY] {"id":"1","0":"1","academie":"2022-2023","1":"2022-2023","debut":"2022-08-01","2":"2022-08-01","fin":"2023-06-23","3":"2023-06-23","annee_debut":"2022","4":"2022","annee_fin":"2023","5":"2023","etat":"O","6":"O","version":"1.0.0","7":"1.0.0"}
[ 24-Oct-2022 13:56:29 ] [AY] {"id":"1","0":"1","academie":"2022-2023","1":"2022-2023","debut":"2022-08-01","2":"2022-08-01","fin":"2023-06-23","3":"2023-06-23","annee_debut":"2022","4":"2022","annee_fin":"2023","5":"2023","etat":"O","6":"O","version":"1.0.0","7":"1.0.0"}
[ 24-Oct-2022 13:56:29 ] [AY] {"id":"1","0":"1","academie":"2022-2023","1":"2022-2023","debut":"2022-08-01","2":"2022-08-01","fin":"2023-06-23","3":"2023-06-23","annee_debut":"2022","4":"2022","annee_fin":"2023","5":"2023","etat":"O","6":"O","version":"1.0.0","7":"1.0.0"}
[ 24-Oct-2022 13:56:29 ] [AY] {"id":"1","0":"1","academie":"2022-2023","1":"2022-2023","debut":"2022-08-01","2":"2022-08-01","fin":"2023-06-23","3":"2023-06-23","annee_debut":"2022","4":"2022","annee_fin":"2023","5":"2023","etat":"O","6":"O","version":"1.0.0","7":"1.0.0"}
[ 24-Oct-2022 13:56:29 ] [AY] {"id":"1","0":"1","academie":"2022-2023","1":"2022-2023","debut":"2022-08-01","2":"2022-08-01","fin":"2023-06-23","3":"2023-06-23","annee_debut":"2022","4":"2022","annee_fin":"2023","5":"2023","etat":"O","6":"O","version":"1.0.0","7":"1.0.0"}
[ 24-Oct-2022 13:56:29 ] 
[ 24-Oct-2022 13:56:29 ] [AY] {"id":"1","0":"1","academie":"2022-2023","1":"2022-2023","debut":"2022-08-01","2":"2022-08-01","fin":"2023-06-23","3":"2023-06-23","annee_debut":"2022","4":"2022","annee_fin":"2023","5":"2023","etat":"O","6":"O","version":"1.0.0","7":"1.0.0"}
[ 24-Oct-2022 13:56:29 ] [AY] {"id":"1","0":"1","academie":"2022-2023","1":"2022-2023","debut":"2022-08-01","2":"2022-08-01","fin":"2023-06-23","3":"2023-06-23","annee_debut":"2022","4":"2022","annee_fin":"2023","5":"2023","etat":"O","6":"O","version":"1.0.0","7":"1.0.0"}
[ 24-Oct-2022 13:57:09 ] [AY] {"id":"1","0":"1","academie":"2022-2023","1":"2022-2023","debut":"2022-08-01","2":"2022-08-01","fin":"2023-06-23","3":"2023-06-23","annee_debut":"2022","4":"2022","annee_fin":"2023","5":"2023","etat":"O","6":"O","version":"1.0.0","7":"1.0.0"}
[ 24-Oct-2022 13:57:09 ] [AY] {"id":"1","0":"1","academie":"2022-2023","1":"2022-2023","debut":"2022-08-01","2":"2022-08-01","fin":"2023-06-23","3":"2023-06-23","annee_debut":"2022","4":"2022","annee_fin":"2023","5":"2023","etat":"O","6":"O","version":"1.0.0","7":"1.0.0"}
[ 24-Oct-2022 13:57:09 ] [AY] {"id":"1","0":"1","academie":"2022-2023","1":"2022-2023","debut":"2022-08-01","2":"2022-08-01","fin":"2023-06-23","3":"2023-06-23","annee_debut":"2022","4":"2022","annee_fin":"2023","5":"2023","etat":"O","6":"O","version":"1.0.0","7":"1.0.0"}
[ 24-Oct-2022 13:57:09 ] [AY] {"id":"1","0":"1","academie":"2022-2023","1":"2022-2023","debut":"2022-08-01","2":"2022-08-01","fin":"2023-06-23","3":"2023-06-23","annee_debut":"2022","4":"2022","annee_fin":"2023","5":"2023","etat":"O","6":"O","version":"1.0.0","7":"1.0.0"}
[ 24-Oct-2022 13:57:09 ] [AY] {"id":"1","0":"1","academie":"2022-2023","1":"2022-2023","debut":"2022-08-01","2":"2022-08-01","fin":"2023-06-23","3":"2023-06-23","annee_debut":"2022","4":"2022","annee_fin":"2023","5":"2023","etat":"O","6":"O","version":"1.0.0","7":"1.0.0"}
[ 24-Oct-2022 13:57:09 ] [AY] {"id":"1","0":"1","academie":"2022-2023","1":"2022-2023","debut":"2022-08-01","2":"2022-08-01","fin":"2023-06-23","3":"2023-06-23","annee_debut":"2022","4":"2022","annee_fin":"2023","5":"2023","etat":"O","6":"O","version":"1.0.0","7":"1.0.0"}
[ 24-Oct-2022 13:57:09 ] [AY] {"id":"1","0":"1","academie":"2022-2023","1":"2022-2023","debut":"2022-08-01","2":"2022-08-01","fin":"2023-06-23","3":"2023-06-23","annee_debut":"2022","4":"2022","annee_fin":"2023","5":"2023","etat":"O","6":"O","version":"1.0.0","7":"1.0.0"}
[ 24-Oct-2022 13:57:09 ] [AY] {"id":"1","0":"1","academie":"2022-2023","1":"2022-2023","debut":"2022-08-01","2":"2022-08-01","fin":"2023-06-23","3":"2023-06-23","annee_debut":"2022","4":"2022","annee_fin":"2023","5":"2023","etat":"O","6":"O","version":"1.0.0","7":"1.0.0"}
[ 24-Oct-2022 13:57:09 ] [AY] {"id":"1","0":"1","academie":"2022-2023","1":"2022-2023","debut":"2022-08-01","2":"2022-08-01","fin":"2023-06-23","3":"2023-06-23","annee_debut":"2022","4":"2022","annee_fin":"2023","5":"2023","etat":"O","6":"O","version":"1.0.0","7":"1.0.0"}
[ 24-Oct-2022 13:57:10 ] [AY] {"id":"1","0":"1","academie":"2022-2023","1":"2022-2023","debut":"2022-08-01","2":"2022-08-01","fin":"2023-06-23","3":"2023-06-23","annee_debut":"2022","4":"2022","annee_fin":"2023","5":"2023","etat":"O","6":"O","version":"1.0.0","7":"1.0.0"}
[ 24-Oct-2022 13:57:10 ] [AY] {"id":"1","0":"1","academie":"2022-2023","1":"2022-2023","debut":"2022-08-01","2":"2022-08-01","fin":"2023-06-23","3":"2023-06-23","annee_debut":"2022","4":"2022","annee_fin":"2023","5":"2023","etat":"O","6":"O","version":"1.0.0","7":"1.0.0"}
[ 24-Oct-2022 13:57:10 ] [AY] {"id":"1","0":"1","academie":"2022-2023","1":"2022-2023","debut":"2022-08-01","2":"2022-08-01","fin":"2023-06-23","3":"2023-06-23","annee_debut":"2022","4":"2022","annee_fin":"2023","5":"2023","etat":"O","6":"O","version":"1.0.0","7":"1.0.0"}
[ 24-Oct-2022 13:57:10 ] [AY] {"id":"1","0":"1","academie":"2022-2023","1":"2022-2023","debut":"2022-08-01","2":"2022-08-01","fin":"2023-06-23","3":"2023-06-23","annee_debut":"2022","4":"2022","annee_fin":"2023","5":"2023","etat":"O","6":"O","version":"1.0.0","7":"1.0.0"}
[ 24-Oct-2022 13:57:10 ] [AY] {"id":"1","0":"1","academie":"2022-2023","1":"2022-2023","debut":"2022-08-01","2":"2022-08-01","fin":"2023-06-23","3":"2023-06-23","annee_debut":"2022","4":"2022","annee_fin":"2023","5":"2023","etat":"O","6":"O","version":"1.0.0","7":"1.0.0"}
[ 24-Oct-2022 13:57:10 ] [AY] {"id":"1","0":"1","academie":"2022-2023","1":"2022-2023","debut":"2022-08-01","2":"2022-08-01","fin":"2023-06-23","3":"2023-06-23","annee_debut":"2022","4":"2022","annee_fin":"2023","5":"2023","etat":"O","6":"O","version":"1.0.0","7":"1.0.0"}
[ 24-Oct-2022 13:57:10 ] [AY] {"id":"1","0":"1","academie":"2022-2023","1":"2022-2023","debut":"2022-08-01","2":"2022-08-01","fin":"2023-06-23","3":"2023-06-23","annee_debut":"2022","4":"2022","annee_fin":"2023","5":"2023","etat":"O","6":"O","version":"1.0.0","7":"1.0.0"}
[ 24-Oct-2022 13:57:10 ] [AY] {"id":"1","0":"1","academie":"2022-2023","1":"2022-2023","debut":"2022-08-01","2":"2022-08-01","fin":"2023-06-23","3":"2023-06-23","annee_debut":"2022","4":"2022","annee_fin":"2023","5":"2023","etat":"O","6":"O","version":"1.0.0","7":"1.0.0"}
[ 24-Oct-2022 13:57:10 ] [AY] {"id":"1","0":"1","academie":"2022-2023","1":"2022-2023","debut":"2022-08-01","2":"2022-08-01","fin":"2023-06-23","3":"2023-06-23","annee_debut":"2022","4":"2022","annee_fin":"2023","5":"2023","etat":"O","6":"O","version":"1.0.0","7":"1.0.0"}
[ 24-Oct-2022 13:57:10 ] [AY] {"id":"1","0":"1","academie":"2022-2023","1":"2022-2023","debut":"2022-08-01","2":"2022-08-01","fin":"2023-06-23","3":"2023-06-23","annee_debut":"2022","4":"2022","annee_fin":"2023","5":"2023","etat":"O","6":"O","version":"1.0.0","7":"1.0.0"}
[ 24-Oct-2022 13:57:10 ] [AY] {"id":"1","0":"1","academie":"2022-2023","1":"2022-2023","debut":"2022-08-01","2":"2022-08-01","fin":"2023-06-23","3":"2023-06-23","annee_debut":"2022","4":"2022","annee_fin":"2023","5":"2023","etat":"O","6":"O","version":"1.0.0","7":"1.0.0"}
[ 24-Oct-2022 13:57:10 ] [AY] {"id":"1","0":"1","academie":"2022-2023","1":"2022-2023","debut":"2022-08-01","2":"2022-08-01","fin":"2023-06-23","3":"2023-06-23","annee_debut":"2022","4":"2022","annee_fin":"2023","5":"2023","etat":"O","6":"O","version":"1.0.0","7":"1.0.0"}
[ 24-Oct-2022 13:57:10 ] [AY] {"id":"1","0":"1","academie":"2022-2023","1":"2022-2023","debut":"2022-08-01","2":"2022-08-01","fin":"2023-06-23","3":"2023-06-23","annee_debut":"2022","4":"2022","annee_fin":"2023","5":"2023","etat":"O","6":"O","version":"1.0.0","7":"1.0.0"}
[ 24-Oct-2022 13:57:10 ] [AY] {"id":"1","0":"1","academie":"2022-2023","1":"2022-2023","debut":"2022-08-01","2":"2022-08-01","fin":"2023-06-23","3":"2023-06-23","annee_debut":"2022","4":"2022","annee_fin":"2023","5":"2023","etat":"O","6":"O","version":"1.0.0","7":"1.0.0"}
[ 24-Oct-2022 13:57:10 ] [AY] {"id":"1","0":"1","academie":"2022-2023","1":"2022-2023","debut":"2022-08-01","2":"2022-08-01","fin":"2023-06-23","3":"2023-06-23","annee_debut":"2022","4":"2022","annee_fin":"2023","5":"2023","etat":"O","6":"O","version":"1.0.0","7":"1.0.0"}
[ 24-Oct-2022 13:57:10 ] [AY] {"id":"1","0":"1","academie":"2022-2023","1":"2022-2023","debut":"2022-08-01","2":"2022-08-01","fin":"2023-06-23","3":"2023-06-23","annee_debut":"2022","4":"2022","annee_fin":"2023","5":"2023","etat":"O","6":"O","version":"1.0.0","7":"1.0.0"}
[ 24-Oct-2022 13:57:10 ] [AY] {"id":"1","0":"1","academie":"2022-2023","1":"2022-2023","debut":"2022-08-01","2":"2022-08-01","fin":"2023-06-23","3":"2023-06-23","annee_debut":"2022","4":"2022","annee_fin":"2023","5":"2023","etat":"O","6":"O","version":"1.0.0","7":"1.0.0"}
[ 24-Oct-2022 13:57:10 ] [AY] {"id":"1","0":"1","academie":"2022-2023","1":"2022-2023","debut":"2022-08-01","2":"2022-08-01","fin":"2023-06-23","3":"2023-06-23","annee_debut":"2022","4":"2022","annee_fin":"2023","5":"2023","etat":"O","6":"O","version":"1.0.0","7":"1.0.0"}
[ 24-Oct-2022 13:57:10 ] [AY] {"id":"1","0":"1","academie":"2022-2023","1":"2022-2023","debut":"2022-08-01","2":"2022-08-01","fin":"2023-06-23","3":"2023-06-23","annee_debut":"2022","4":"2022","annee_fin":"2023","5":"2023","etat":"O","6":"O","version":"1.0.0","7":"1.0.0"}
[ 24-Oct-2022 13:57:10 ] [AY] {"id":"1","0":"1","academie":"2022-2023","1":"2022-2023","debut":"2022-08-01","2":"2022-08-01","fin":"2023-06-23","3":"2023-06-23","annee_debut":"2022","4":"2022","annee_fin":"2023","5":"2023","etat":"O","6":"O","version":"1.0.0","7":"1.0.0"}
[ 24-Oct-2022 13:57:10 ] [AY] {"id":"1","0":"1","academie":"2022-2023","1":"2022-2023","debut":"2022-08-01","2":"2022-08-01","fin":"2023-06-23","3":"2023-06-23","annee_debut":"2022","4":"2022","annee_fin":"2023","5":"2023","etat":"O","6":"O","version":"1.0.0","7":"1.0.0"}
[ 24-Oct-2022 13:57:10 ] [AY] {"id":"1","0":"1","academie":"2022-2023","1":"2022-2023","debut":"2022-08-01","2":"2022-08-01","fin":"2023-06-23","3":"2023-06-23","annee_debut":"2022","4":"2022","annee_fin":"2023","5":"2023","etat":"O","6":"O","version":"1.0.0","7":"1.0.0"}
[ 24-Oct-2022 13:57:10 ] [AY] {"id":"1","0":"1","academie":"2022-2023","1":"2022-2023","debut":"2022-08-01","2":"2022-08-01","fin":"2023-06-23","3":"2023-06-23","annee_debut":"2022","4":"2022","annee_fin":"2023","5":"2023","etat":"O","6":"O","version":"1.0.0","7":"1.0.0"}
[ 24-Oct-2022 13:57:10 ] [AY] {"id":"1","0":"1","academie":"2022-2023","1":"2022-2023","debut":"2022-08-01","2":"2022-08-01","fin":"2023-06-23","3":"2023-06-23","annee_debut":"2022","4":"2022","annee_fin":"2023","5":"2023","etat":"O","6":"O","version":"1.0.0","7":"1.0.0"}
[ 24-Oct-2022 13:57:11 ] [AY] {"id":"1","0":"1","academie":"2022-2023","1":"2022-2023","debut":"2022-08-01","2":"2022-08-01","fin":"2023-06-23","3":"2023-06-23","annee_debut":"2022","4":"2022","annee_fin":"2023","5":"2023","etat":"O","6":"O","version":"1.0.0","7":"1.0.0"}
[ 24-Oct-2022 13:57:11 ] [AY] {"id":"1","0":"1","academie":"2022-2023","1":"2022-2023","debut":"2022-08-01","2":"2022-08-01","fin":"2023-06-23","3":"2023-06-23","annee_debut":"2022","4":"2022","annee_fin":"2023","5":"2023","etat":"O","6":"O","version":"1.0.0","7":"1.0.0"}
[ 24-Oct-2022 13:57:11 ] [AY] {"id":"1","0":"1","academie":"2022-2023","1":"2022-2023","debut":"2022-08-01","2":"2022-08-01","fin":"2023-06-23","3":"2023-06-23","annee_debut":"2022","4":"2022","annee_fin":"2023","5":"2023","etat":"O","6":"O","version":"1.0.0","7":"1.0.0"}
[ 24-Oct-2022 13:57:11 ] [AY] {"id":"1","0":"1","academie":"2022-2023","1":"2022-2023","debut":"2022-08-01","2":"2022-08-01","fin":"2023-06-23","3":"2023-06-23","annee_debut":"2022","4":"2022","annee_fin":"2023","5":"2023","etat":"O","6":"O","version":"1.0.0","7":"1.0.0"}
[ 24-Oct-2022 13:57:11 ] [AY] {"id":"1","0":"1","academie":"2022-2023","1":"2022-2023","debut":"2022-08-01","2":"2022-08-01","fin":"2023-06-23","3":"2023-06-23","annee_debut":"2022","4":"2022","annee_fin":"2023","5":"2023","etat":"O","6":"O","version":"1.0.0","7":"1.0.0"}
[ 24-Oct-2022 13:57:11 ] 
[ 24-Oct-2022 13:57:11 ] [AY] {"id":"1","0":"1","academie":"2022-2023","1":"2022-2023","debut":"2022-08-01","2":"2022-08-01","fin":"2023-06-23","3":"2023-06-23","annee_debut":"2022","4":"2022","annee_fin":"2023","5":"2023","etat":"O","6":"O","version":"1.0.0","7":"1.0.0"}
[ 24-Oct-2022 13:57:11 ] [AY] {"id":"1","0":"1","academie":"2022-2023","1":"2022-2023","debut":"2022-08-01","2":"2022-08-01","fin":"2023-06-23","3":"2023-06-23","annee_debut":"2022","4":"2022","annee_fin":"2023","5":"2023","etat":"O","6":"O","version":"1.0.0","7":"1.0.0"}
[ 24-Oct-2022 13:57:57 ] [AY] {"id":"1","0":"1","academie":"2022-2023","1":"2022-2023","debut":"2022-08-01","2":"2022-08-01","fin":"2023-06-23","3":"2023-06-23","annee_debut":"2022","4":"2022","annee_fin":"2023","5":"2023","etat":"O","6":"O","version":"1.0.0","7":"1.0.0"}
[ 24-Oct-2022 13:57:58 ] [AY] {"id":"1","0":"1","academie":"2022-2023","1":"2022-2023","debut":"2022-08-01","2":"2022-08-01","fin":"2023-06-23","3":"2023-06-23","annee_debut":"2022","4":"2022","annee_fin":"2023","5":"2023","etat":"O","6":"O","version":"1.0.0","7":"1.0.0"}
[ 24-Oct-2022 13:57:58 ] [AY] {"id":"1","0":"1","academie":"2022-2023","1":"2022-2023","debut":"2022-08-01","2":"2022-08-01","fin":"2023-06-23","3":"2023-06-23","annee_debut":"2022","4":"2022","annee_fin":"2023","5":"2023","etat":"O","6":"O","version":"1.0.0","7":"1.0.0"}
[ 24-Oct-2022 13:57:58 ] [AY] {"id":"1","0":"1","academie":"2022-2023","1":"2022-2023","debut":"2022-08-01","2":"2022-08-01","fin":"2023-06-23","3":"2023-06-23","annee_debut":"2022","4":"2022","annee_fin":"2023","5":"2023","etat":"O","6":"O","version":"1.0.0","7":"1.0.0"}
[ 24-Oct-2022 13:57:58 ] [AY] {"id":"1","0":"1","academie":"2022-2023","1":"2022-2023","debut":"2022-08-01","2":"2022-08-01","fin":"2023-06-23","3":"2023-06-23","annee_debut":"2022","4":"2022","annee_fin":"2023","5":"2023","etat":"O","6":"O","version":"1.0.0","7":"1.0.0"}
[ 24-Oct-2022 13:57:58 ] [AY] {"id":"1","0":"1","academie":"2022-2023","1":"2022-2023","debut":"2022-08-01","2":"2022-08-01","fin":"2023-06-23","3":"2023-06-23","annee_debut":"2022","4":"2022","annee_fin":"2023","5":"2023","etat":"O","6":"O","version":"1.0.0","7":"1.0.0"}
[ 24-Oct-2022 13:57:58 ] [AY] {"id":"1","0":"1","academie":"2022-2023","1":"2022-2023","debut":"2022-08-01","2":"2022-08-01","fin":"2023-06-23","3":"2023-06-23","annee_debut":"2022","4":"2022","annee_fin":"2023","5":"2023","etat":"O","6":"O","version":"1.0.0","7":"1.0.0"}
[ 24-Oct-2022 13:57:58 ] [AY] {"id":"1","0":"1","academie":"2022-2023","1":"2022-2023","debut":"2022-08-01","2":"2022-08-01","fin":"2023-06-23","3":"2023-06-23","annee_debut":"2022","4":"2022","annee_fin":"2023","5":"2023","etat":"O","6":"O","version":"1.0.0","7":"1.0.0"}
[ 24-Oct-2022 13:57:58 ] [AY] {"id":"1","0":"1","academie":"2022-2023","1":"2022-2023","debut":"2022-08-01","2":"2022-08-01","fin":"2023-06-23","3":"2023-06-23","annee_debut":"2022","4":"2022","annee_fin":"2023","5":"2023","etat":"O","6":"O","version":"1.0.0","7":"1.0.0"}
[ 24-Oct-2022 13:57:58 ] [AY] {"id":"1","0":"1","academie":"2022-2023","1":"2022-2023","debut":"2022-08-01","2":"2022-08-01","fin":"2023-06-23","3":"2023-06-23","annee_debut":"2022","4":"2022","annee_fin":"2023","5":"2023","etat":"O","6":"O","version":"1.0.0","7":"1.0.0"}
[ 24-Oct-2022 13:57:58 ] [AY] {"id":"1","0":"1","academie":"2022-2023","1":"2022-2023","debut":"2022-08-01","2":"2022-08-01","fin":"2023-06-23","3":"2023-06-23","annee_debut":"2022","4":"2022","annee_fin":"2023","5":"2023","etat":"O","6":"O","version":"1.0.0","7":"1.0.0"}
[ 24-Oct-2022 13:57:58 ] [AY] {"id":"1","0":"1","academie":"2022-2023","1":"2022-2023","debut":"2022-08-01","2":"2022-08-01","fin":"2023-06-23","3":"2023-06-23","annee_debut":"2022","4":"2022","annee_fin":"2023","5":"2023","etat":"O","6":"O","version":"1.0.0","7":"1.0.0"}
[ 24-Oct-2022 13:57:58 ] [AY] {"id":"1","0":"1","academie":"2022-2023","1":"2022-2023","debut":"2022-08-01","2":"2022-08-01","fin":"2023-06-23","3":"2023-06-23","annee_debut":"2022","4":"2022","annee_fin":"2023","5":"2023","etat":"O","6":"O","version":"1.0.0","7":"1.0.0"}
[ 24-Oct-2022 13:57:58 ] [AY] {"id":"1","0":"1","academie":"2022-2023","1":"2022-2023","debut":"2022-08-01","2":"2022-08-01","fin":"2023-06-23","3":"2023-06-23","annee_debut":"2022","4":"2022","annee_fin":"2023","5":"2023","etat":"O","6":"O","version":"1.0.0","7":"1.0.0"}
[ 24-Oct-2022 13:57:58 ] [AY] {"id":"1","0":"1","academie":"2022-2023","1":"2022-2023","debut":"2022-08-01","2":"2022-08-01","fin":"2023-06-23","3":"2023-06-23","annee_debut":"2022","4":"2022","annee_fin":"2023","5":"2023","etat":"O","6":"O","version":"1.0.0","7":"1.0.0"}
[ 24-Oct-2022 13:57:58 ] [AY] {"id":"1","0":"1","academie":"2022-2023","1":"2022-2023","debut":"2022-08-01","2":"2022-08-01","fin":"2023-06-23","3":"2023-06-23","annee_debut":"2022","4":"2022","annee_fin":"2023","5":"2023","etat":"O","6":"O","version":"1.0.0","7":"1.0.0"}
[ 24-Oct-2022 13:57:58 ] [AY] {"id":"1","0":"1","academie":"2022-2023","1":"2022-2023","debut":"2022-08-01","2":"2022-08-01","fin":"2023-06-23","3":"2023-06-23","annee_debut":"2022","4":"2022","annee_fin":"2023","5":"2023","etat":"O","6":"O","version":"1.0.0","7":"1.0.0"}
[ 24-Oct-2022 13:57:58 ] [AY] {"id":"1","0":"1","academie":"2022-2023","1":"2022-2023","debut":"2022-08-01","2":"2022-08-01","fin":"2023-06-23","3":"2023-06-23","annee_debut":"2022","4":"2022","annee_fin":"2023","5":"2023","etat":"O","6":"O","version":"1.0.0","7":"1.0.0"}
[ 24-Oct-2022 13:57:58 ] [AY] {"id":"1","0":"1","academie":"2022-2023","1":"2022-2023","debut":"2022-08-01","2":"2022-08-01","fin":"2023-06-23","3":"2023-06-23","annee_debut":"2022","4":"2022","annee_fin":"2023","5":"2023","etat":"O","6":"O","version":"1.0.0","7":"1.0.0"}
[ 24-Oct-2022 13:57:58 ] [AY] {"id":"1","0":"1","academie":"2022-2023","1":"2022-2023","debut":"2022-08-01","2":"2022-08-01","fin":"2023-06-23","3":"2023-06-23","annee_debut":"2022","4":"2022","annee_fin":"2023","5":"2023","etat":"O","6":"O","version":"1.0.0","7":"1.0.0"}
[ 24-Oct-2022 13:57:59 ] [AY] {"id":"1","0":"1","academie":"2022-2023","1":"2022-2023","debut":"2022-08-01","2":"2022-08-01","fin":"2023-06-23","3":"2023-06-23","annee_debut":"2022","4":"2022","annee_fin":"2023","5":"2023","etat":"O","6":"O","version":"1.0.0","7":"1.0.0"}
[ 24-Oct-2022 13:57:59 ] [AY] {"id":"1","0":"1","academie":"2022-2023","1":"2022-2023","debut":"2022-08-01","2":"2022-08-01","fin":"2023-06-23","3":"2023-06-23","annee_debut":"2022","4":"2022","annee_fin":"2023","5":"2023","etat":"O","6":"O","version":"1.0.0","7":"1.0.0"}
[ 24-Oct-2022 13:57:59 ] [AY] {"id":"1","0":"1","academie":"2022-2023","1":"2022-2023","debut":"2022-08-01","2":"2022-08-01","fin":"2023-06-23","3":"2023-06-23","annee_debut":"2022","4":"2022","annee_fin":"2023","5":"2023","etat":"O","6":"O","version":"1.0.0","7":"1.0.0"}
[ 24-Oct-2022 13:57:59 ] [AY] {"id":"1","0":"1","academie":"2022-2023","1":"2022-2023","debut":"2022-08-01","2":"2022-08-01","fin":"2023-06-23","3":"2023-06-23","annee_debut":"2022","4":"2022","annee_fin":"2023","5":"2023","etat":"O","6":"O","version":"1.0.0","7":"1.0.0"}
[ 24-Oct-2022 13:57:59 ] [AY] {"id":"1","0":"1","academie":"2022-2023","1":"2022-2023","debut":"2022-08-01","2":"2022-08-01","fin":"2023-06-23","3":"2023-06-23","annee_debut":"2022","4":"2022","annee_fin":"2023","5":"2023","etat":"O","6":"O","version":"1.0.0","7":"1.0.0"}
[ 24-Oct-2022 13:57:59 ] [AY] {"id":"1","0":"1","academie":"2022-2023","1":"2022-2023","debut":"2022-08-01","2":"2022-08-01","fin":"2023-06-23","3":"2023-06-23","annee_debut":"2022","4":"2022","annee_fin":"2023","5":"2023","etat":"O","6":"O","version":"1.0.0","7":"1.0.0"}
[ 24-Oct-2022 13:57:59 ] [AY] {"id":"1","0":"1","academie":"2022-2023","1":"2022-2023","debut":"2022-08-01","2":"2022-08-01","fin":"2023-06-23","3":"2023-06-23","annee_debut":"2022","4":"2022","annee_fin":"2023","5":"2023","etat":"O","6":"O","version":"1.0.0","7":"1.0.0"}
[ 24-Oct-2022 13:57:59 ] [AY] {"id":"1","0":"1","academie":"2022-2023","1":"2022-2023","debut":"2022-08-01","2":"2022-08-01","fin":"2023-06-23","3":"2023-06-23","annee_debut":"2022","4":"2022","annee_fin":"2023","5":"2023","etat":"O","6":"O","version":"1.0.0","7":"1.0.0"}
[ 24-Oct-2022 13:57:59 ] [AY] {"id":"1","0":"1","academie":"2022-2023","1":"2022-2023","debut":"2022-08-01","2":"2022-08-01","fin":"2023-06-23","3":"2023-06-23","annee_debut":"2022","4":"2022","annee_fin":"2023","5":"2023","etat":"O","6":"O","version":"1.0.0","7":"1.0.0"}
[ 24-Oct-2022 13:57:59 ] [AY] {"id":"1","0":"1","academie":"2022-2023","1":"2022-2023","debut":"2022-08-01","2":"2022-08-01","fin":"2023-06-23","3":"2023-06-23","annee_debut":"2022","4":"2022","annee_fin":"2023","5":"2023","etat":"O","6":"O","version":"1.0.0","7":"1.0.0"}
[ 24-Oct-2022 13:57:59 ] [AY] {"id":"1","0":"1","academie":"2022-2023","1":"2022-2023","debut":"2022-08-01","2":"2022-08-01","fin":"2023-06-23","3":"2023-06-23","annee_debut":"2022","4":"2022","annee_fin":"2023","5":"2023","etat":"O","6":"O","version":"1.0.0","7":"1.0.0"}
[ 24-Oct-2022 13:57:59 ] [AY] {"id":"1","0":"1","academie":"2022-2023","1":"2022-2023","debut":"2022-08-01","2":"2022-08-01","fin":"2023-06-23","3":"2023-06-23","annee_debut":"2022","4":"2022","annee_fin":"2023","5":"2023","etat":"O","6":"O","version":"1.0.0","7":"1.0.0"}
[ 24-Oct-2022 13:57:59 ] [AY] {"id":"1","0":"1","academie":"2022-2023","1":"2022-2023","debut":"2022-08-01","2":"2022-08-01","fin":"2023-06-23","3":"2023-06-23","annee_debut":"2022","4":"2022","annee_fin":"2023","5":"2023","etat":"O","6":"O","version":"1.0.0","7":"1.0.0"}
[ 24-Oct-2022 13:57:59 ] [AY] {"id":"1","0":"1","academie":"2022-2023","1":"2022-2023","debut":"2022-08-01","2":"2022-08-01","fin":"2023-06-23","3":"2023-06-23","annee_debut":"2022","4":"2022","annee_fin":"2023","5":"2023","etat":"O","6":"O","version":"1.0.0","7":"1.0.0"}
[ 24-Oct-2022 13:57:59 ] [AY] {"id":"1","0":"1","academie":"2022-2023","1":"2022-2023","debut":"2022-08-01","2":"2022-08-01","fin":"2023-06-23","3":"2023-06-23","annee_debut":"2022","4":"2022","annee_fin":"2023","5":"2023","etat":"O","6":"O","version":"1.0.0","7":"1.0.0"}
[ 24-Oct-2022 13:57:59 ] [AY] {"id":"1","0":"1","academie":"2022-2023","1":"2022-2023","debut":"2022-08-01","2":"2022-08-01","fin":"2023-06-23","3":"2023-06-23","annee_debut":"2022","4":"2022","annee_fin":"2023","5":"2023","etat":"O","6":"O","version":"1.0.0","7":"1.0.0"}
[ 24-Oct-2022 13:57:59 ] [AY] {"id":"1","0":"1","academie":"2022-2023","1":"2022-2023","debut":"2022-08-01","2":"2022-08-01","fin":"2023-06-23","3":"2023-06-23","annee_debut":"2022","4":"2022","annee_fin":"2023","5":"2023","etat":"O","6":"O","version":"1.0.0","7":"1.0.0"}
[ 24-Oct-2022 13:57:59 ] [AY] {"id":"1","0":"1","academie":"2022-2023","1":"2022-2023","debut":"2022-08-01","2":"2022-08-01","fin":"2023-06-23","3":"2023-06-23","annee_debut":"2022","4":"2022","annee_fin":"2023","5":"2023","etat":"O","6":"O","version":"1.0.0","7":"1.0.0"}
[ 24-Oct-2022 13:58:00 ] 
[ 24-Oct-2022 13:58:00 ] [AY] {"id":"1","0":"1","academie":"2022-2023","1":"2022-2023","debut":"2022-08-01","2":"2022-08-01","fin":"2023-06-23","3":"2023-06-23","annee_debut":"2022","4":"2022","annee_fin":"2023","5":"2023","etat":"O","6":"O","version":"1.0.0","7":"1.0.0"}
[ 24-Oct-2022 13:58:00 ] [AY] {"id":"1","0":"1","academie":"2022-2023","1":"2022-2023","debut":"2022-08-01","2":"2022-08-01","fin":"2023-06-23","3":"2023-06-23","annee_debut":"2022","4":"2022","annee_fin":"2023","5":"2023","etat":"O","6":"O","version":"1.0.0","7":"1.0.0"}
[ 24-Oct-2022 13:59:00 ] 
[ 24-Oct-2022 13:59:16 ] 
[ 24-Oct-2022 13:59:31 ] 
[ 24-Oct-2022 14:00:15 ] [Res][ay] 1
[ 24-Oct-2022 14:00:15 ] 
[ 24-Oct-2022 14:00:57 ] [AY] 
[ 24-Oct-2022 14:00:57 ] [AY] 
[ 24-Oct-2022 14:00:57 ] [AY] 
[ 24-Oct-2022 14:00:57 ] [AY] 
[ 24-Oct-2022 14:00:57 ] [AY] 
[ 24-Oct-2022 14:00:57 ] [AY] 
[ 24-Oct-2022 14:00:57 ] [AY] 
[ 24-Oct-2022 14:00:57 ] [AY] 
[ 24-Oct-2022 14:00:57 ] [AY] 
[ 24-Oct-2022 14:00:57 ] [AY] 
[ 24-Oct-2022 14:00:57 ] [AY] 
[ 24-Oct-2022 14:00:57 ] [AY] 
[ 24-Oct-2022 14:00:57 ] [AY] 
[ 24-Oct-2022 14:00:57 ] [AY] 
[ 24-Oct-2022 14:00:58 ] [AY] 
[ 24-Oct-2022 14:00:58 ] [AY] 
[ 24-Oct-2022 14:00:58 ] [AY] 
[ 24-Oct-2022 14:00:58 ] [AY] 
[ 24-Oct-2022 14:00:58 ] [AY] 
[ 24-Oct-2022 14:00:58 ] [AY] 
[ 24-Oct-2022 14:00:58 ] [AY] 
[ 24-Oct-2022 14:00:58 ] [AY] 
[ 24-Oct-2022 14:00:58 ] [AY] 
[ 24-Oct-2022 14:00:58 ] [AY] 
[ 24-Oct-2022 14:00:58 ] [AY] 
[ 24-Oct-2022 14:00:58 ] [AY] 
[ 24-Oct-2022 14:00:58 ] [AY] 
[ 24-Oct-2022 14:00:58 ] [AY] 
[ 24-Oct-2022 14:00:58 ] [AY] 
[ 24-Oct-2022 14:00:58 ] [AY] 
[ 24-Oct-2022 14:00:58 ] [AY] 
[ 24-Oct-2022 14:00:58 ] [AY] 
[ 24-Oct-2022 14:00:58 ] [AY] 
[ 24-Oct-2022 14:00:58 ] [AY] 
[ 24-Oct-2022 14:00:59 ] [AY] 
[ 24-Oct-2022 14:00:59 ] [AY] 
[ 24-Oct-2022 14:00:59 ] [AY] 
[ 24-Oct-2022 14:00:59 ] [AY] 
[ 24-Oct-2022 14:00:59 ] [Res][ay] 1
[ 24-Oct-2022 14:00:59 ] 
[ 24-Oct-2022 14:00:59 ] [AY] 
[ 24-Oct-2022 14:00:59 ] [AY] 
[ 24-Oct-2022 14:06:59 ] [AY] 
[ 24-Oct-2022 14:06:59 ] [AY] 
[ 24-Oct-2022 14:06:59 ] [Res][ay] 1
[ 24-Oct-2022 14:06:59 ] 
[ 24-Oct-2022 14:09:58 ] [AY] 
[ 24-Oct-2022 14:10:01 ] [AY] 
[ 24-Oct-2022 14:10:45 ] [AY] 
[ 24-Oct-2022 14:10:45 ] [AY] 
[ 24-Oct-2022 14:10:46 ] [Res][ay] 
[ 24-Oct-2022 14:10:46 ] 
[ 24-Oct-2022 14:11:06 ] [AY] 
[ 24-Oct-2022 14:11:07 ] [AY] 
[ 24-Oct-2022 14:11:07 ] [Res][ay] 
[ 24-Oct-2022 14:11:07 ] 
[ 24-Oct-2022 14:11:49 ] [AY] 
[ 24-Oct-2022 14:11:51 ] [AY] 
[ 24-Oct-2022 14:11:51 ] [ ressource ] {"ip":"127.0.0.1","ressource":"\/"}
[ 24-Oct-2022 14:11:57 ] [AY] 
[ 24-Oct-2022 14:11:59 ] [AY] 
[ 24-Oct-2022 14:11:59 ] [AY] 
[ 24-Oct-2022 14:12:00 ] [Res][ay] 
[ 24-Oct-2022 14:12:00 ] 
[ 24-Oct-2022 14:12:11 ] [AY] 
[ 24-Oct-2022 14:12:12 ] [Res][ay] 
[ 24-Oct-2022 14:12:12 ] 
[ 24-Oct-2022 14:12:19 ] [AY] 
[ 24-Oct-2022 14:12:19 ] [Res][ay] 
[ 24-Oct-2022 14:12:19 ] 
[ 24-Oct-2022 14:15:08 ] [AY] 
[ 24-Oct-2022 14:15:08 ] [AY] 
[ 24-Oct-2022 14:15:08 ] [Res][ay] 
[ 24-Oct-2022 14:15:08 ] 
[ 24-Oct-2022 14:36:52 ] [AY] 
[ 24-Oct-2022 14:36:52 ] [AY] 
[ 24-Oct-2022 14:36:52 ] [Res][ay] 
[ 24-Oct-2022 14:36:52 ] 
[ 24-Oct-2022 14:40:41 ] [AY] 
[ 24-Oct-2022 14:40:41 ] [Res][ay] 
[ 24-Oct-2022 14:40:41 ] 
[ 24-Oct-2022 14:42:20 ] [AY] 
[ 24-Oct-2022 14:42:20 ] [Res][ay] 
[ 24-Oct-2022 14:42:20 ] 
[ 24-Oct-2022 14:42:28 ] [AY] 
[ 24-Oct-2022 14:42:30 ] [AY] 
[ 24-Oct-2022 14:42:30 ] [AY] 
[ 24-Oct-2022 14:42:31 ] [Res][ay] 
[ 24-Oct-2022 14:42:31 ] 
[ 24-Oct-2022 14:42:33 ] [AY] 
[ 24-Oct-2022 14:42:33 ] [Res][ay] 
[ 24-Oct-2022 14:42:33 ] 
