[ 28-Oct-2022 13:54:31 ] [AY] 
[ 28-Oct-2022 13:54:34 ] [AY] 
[ 28-Oct-2022 13:54:36 ] [Res][ay] 
[ 28-Oct-2022 13:54:36 ] 
[ 28-Oct-2022 14:06:17 ] [AY] 
[ 28-Oct-2022 14:06:17 ] [AY] 
[ 28-Oct-2022 14:06:17 ] [Res][ay] 
[ 28-Oct-2022 14:06:17 ] 
[ 28-Oct-2022 14:06:23 ] [AY] 
[ 28-Oct-2022 14:06:23 ] [Promo] 
[ 28-Oct-2022 14:06:23 ] [Res][ay] 
[ 28-Oct-2022 14:06:23 ] 
[ 28-Oct-2022 14:09:04 ] [AY] 
[ 28-Oct-2022 14:09:04 ] [Promo] This room is already taken !
[ 28-Oct-2022 14:09:04 ] [Res][ay] 
[ 28-Oct-2022 14:09:04 ] 
[ 28-Oct-2022 14:20:57 ] [AY] 
[ 28-Oct-2022 14:20:58 ] [AY] 
[ 28-Oct-2022 14:20:59 ] [Res][ay] 
[ 28-Oct-2022 14:20:59 ] 
[ 28-Oct-2022 14:20:09 ] [AY] 
[ 28-Oct-2022 14:20:09 ] [AY] 
[ 28-Oct-2022 14:20:09 ] [Res][ay] 
[ 28-Oct-2022 14:20:09 ] 
[ 28-Oct-2022 14:25:26 ] [AY] 
[ 28-Oct-2022 14:25:26 ] [Promo] This room is already taken !
[ 28-Oct-2022 14:25:26 ] [Res][ay] 
[ 28-Oct-2022 14:25:26 ] 
[ 28-Oct-2022 14:26:32 ] [AY] 
[ 28-Oct-2022 14:27:59 ] [AY] 
[ 28-Oct-2022 14:28:00 ] [Promo] This classroom already exist !
[ 28-Oct-2022 14:28:00 ] [Res][ay] 
[ 28-Oct-2022 14:28:00 ] 
[ 28-Oct-2022 14:29:57 ] [AY] 
[ 28-Oct-2022 14:29:57 ] [Promo] 
[ 28-Oct-2022 14:29:57 ] [Res][ay] 
[ 28-Oct-2022 14:29:57 ] 
[ 28-Oct-2022 14:30:08 ] [AY] 
[ 28-Oct-2022 14:30:08 ] [AY] 
[ 28-Oct-2022 14:30:08 ] [Res][ay] 
[ 28-Oct-2022 14:30:08 ] 
[ 28-Oct-2022 14:18:16 ] [AY] 
[ 28-Oct-2022 14:18:17 ] [AY] 
[ 28-Oct-2022 14:18:18 ] [Res][ay] 
[ 28-Oct-2022 14:18:18 ] 
[ 28-Oct-2022 14:18:58 ] [AY] 
[ 28-Oct-2022 14:18:58 ] [Res][ay] 
[ 28-Oct-2022 14:18:59 ] 
[ 28-Oct-2022 14:19:08 ] [AY] 
[ 28-Oct-2022 14:19:08 ] [Res][ay] 
[ 28-Oct-2022 14:19:08 ] 
[ 28-Oct-2022 15:07:11 ] [AY] 
[ 28-Oct-2022 15:07:11 ] [AY] 
[ 28-Oct-2022 15:07:11 ] [Res][ay] 
[ 28-Oct-2022 15:07:11 ] 
[ 28-Oct-2022 15:07:38 ] [AY] 
[ 28-Oct-2022 15:07:38 ] [AY] 
[ 28-Oct-2022 15:07:39 ] [Res][ay] 
[ 28-Oct-2022 15:07:39 ] 
[ 28-Oct-2022 15:09:46 ] [AY] 
[ 28-Oct-2022 15:09:46 ] [AY] 
[ 28-Oct-2022 15:09:46 ] [Res][ay] 
[ 28-Oct-2022 15:09:46 ] 
[ 28-Oct-2022 15:10:18 ] [AY] 
[ 28-Oct-2022 15:10:19 ] [AY] 
[ 28-Oct-2022 15:10:19 ] [Res][ay] 
[ 28-Oct-2022 15:10:19 ] 
[ 28-Oct-2022 15:10:56 ] [AY] 
[ 28-Oct-2022 15:10:56 ] [AY] 
[ 28-Oct-2022 15:10:56 ] [Res][ay] 
[ 28-Oct-2022 15:10:56 ] 
[ 28-Oct-2022 15:11:37 ] [AY] 
[ 28-Oct-2022 15:11:37 ] [AY] 
[ 28-Oct-2022 15:11:37 ] [Res][ay] 
[ 28-Oct-2022 15:11:37 ] 
[ 28-Oct-2022 15:12:36 ] [AY] 
[ 28-Oct-2022 15:12:36 ] [AY] 
[ 28-Oct-2022 15:12:36 ] [Res][ay] 
[ 28-Oct-2022 15:12:36 ] 
[ 28-Oct-2022 15:13:05 ] [AY] 
[ 28-Oct-2022 15:13:05 ] [AY] 
[ 28-Oct-2022 15:13:05 ] [Res][ay] 
[ 28-Oct-2022 15:13:05 ] 
[ 28-Oct-2022 15:13:35 ] [AY] 
[ 28-Oct-2022 15:13:35 ] [AY] 
[ 28-Oct-2022 15:13:35 ] [Res][ay] 
[ 28-Oct-2022 15:13:35 ] 
[ 28-Oct-2022 15:14:20 ] [AY] 
[ 28-Oct-2022 15:14:20 ] [AY] 
[ 28-Oct-2022 15:14:20 ] [Res][ay] 
[ 28-Oct-2022 15:14:20 ] 
[ 28-Oct-2022 15:18:56 ] [AY] 
[ 28-Oct-2022 15:18:56 ] [AY] 
[ 28-Oct-2022 15:18:56 ] [Res][ay] 
[ 28-Oct-2022 15:18:57 ] 
[ 28-Oct-2022 15:19:46 ] [AY] 
[ 28-Oct-2022 15:19:46 ] [AY] 
[ 28-Oct-2022 15:19:46 ] [Res][ay] 
[ 28-Oct-2022 15:19:46 ] 
[ 28-Oct-2022 15:19:57 ] [AY] 
[ 28-Oct-2022 15:19:57 ] [AY] 
[ 28-Oct-2022 15:19:57 ] [Res][ay] 
[ 28-Oct-2022 15:19:57 ] 
[ 28-Oct-2022 15:23:23 ] [AY] 
[ 28-Oct-2022 15:23:23 ] [AY] 
[ 28-Oct-2022 15:23:23 ] [Res][ay] 
[ 28-Oct-2022 15:23:24 ] 
[ 28-Oct-2022 15:23:33 ] [AY] 
[ 28-Oct-2022 15:24:24 ] [AY] 
[ 28-Oct-2022 15:24:24 ] [Transfer] 
[ 28-Oct-2022 15:25:28 ] [AY] 
[ 28-Oct-2022 15:25:43 ] [AY] 
[ 28-Oct-2022 15:25:43 ] [Transfer]  -> 1
[ 28-Oct-2022 15:26:23 ] [AY] 
[ 28-Oct-2022 15:26:23 ] [Transfer]  -> true
[ 28-Oct-2022 15:27:03 ] [AY] 
[ 28-Oct-2022 15:27:03 ] [Transfer]  -> 
[ 28-Oct-2022 15:27:50 ] [AY] 
[ 28-Oct-2022 15:27:50 ] [Transfer]  -> 
[ 28-Oct-2022 15:28:35 ] [AY] 
[ 28-Oct-2022 15:28:35 ] [Transfer]  -> 1/
[ 28-Oct-2022 15:29:11 ] [AY] 
[ 28-Oct-2022 15:29:11 ] [Transfer] 1 -> 1/1
[ 28-Oct-2022 15:29:11 ] [Promo] 
[ 28-Oct-2022 15:29:11 ] [Res][ay] 
[ 28-Oct-2022 15:29:11 ] 
[ 28-Oct-2022 15:30:46 ] [AY] 
[ 28-Oct-2022 15:30:46 ] [AY] 
[ 28-Oct-2022 15:30:46 ] [Res][ay] 
[ 28-Oct-2022 15:30:46 ] 
[ 28-Oct-2022 15:30:55 ] [AY] 
[ 28-Oct-2022 15:31:15 ] [AY] 
[ 28-Oct-2022 15:31:15 ] [Transfer] 1 -> 1/
[ 28-Oct-2022 15:31:15 ] [Promo] 
[ 28-Oct-2022 15:31:16 ] [Res][ay] 
[ 28-Oct-2022 15:31:16 ] 
[ 28-Oct-2022 15:31:54 ] [AY] 
[ 28-Oct-2022 15:31:55 ] [Promo] 
[ 28-Oct-2022 15:31:55 ] [Res][ay] 
[ 28-Oct-2022 15:31:55 ] 
[ 28-Oct-2022 15:38:07 ] [AY] 
[ 28-Oct-2022 15:38:07 ] [AY] 
[ 28-Oct-2022 15:38:07 ] [Res][ay] 
[ 28-Oct-2022 15:38:07 ] 
[ 28-Oct-2022 15:38:44 ] [AY] 
[ 28-Oct-2022 15:38:49 ] [AY] 
[ 28-Oct-2022 15:38:52 ] [AY] 
[ 28-Oct-2022 15:38:52 ] [Res][ay] 
[ 28-Oct-2022 15:38:52 ] 
[ 28-Oct-2022 15:39:03 ] [AY] 
[ 28-Oct-2022 15:39:03 ] [AY] 
[ 28-Oct-2022 15:39:03 ] [Res][ay] 
[ 28-Oct-2022 15:39:03 ] 
[ 28-Oct-2022 15:40:45 ] [AY] 
[ 28-Oct-2022 15:40:45 ] [AY] 
[ 28-Oct-2022 15:40:45 ] [Res][ay] 
[ 28-Oct-2022 15:40:45 ] 
[ 28-Oct-2022 15:41:09 ] [AY] 
[ 28-Oct-2022 15:41:09 ] [AY] 
[ 28-Oct-2022 15:41:09 ] [Res][ay] 
[ 28-Oct-2022 15:41:09 ] 
[ 28-Oct-2022 15:41:20 ] [AY] 
[ 28-Oct-2022 15:41:20 ] [AY] 
[ 28-Oct-2022 15:41:20 ] [Res][ay] 
[ 28-Oct-2022 15:41:20 ] 
[ 28-Oct-2022 15:41:28 ] [AY] 
[ 28-Oct-2022 15:41:28 ] [AY] 
[ 28-Oct-2022 15:41:28 ] [Res][ay] 
[ 28-Oct-2022 15:41:28 ] 
[ 28-Oct-2022 15:41:49 ] [AY] 
[ 28-Oct-2022 15:41:49 ] [Res][ay] 
[ 28-Oct-2022 15:41:49 ] 
[ 28-Oct-2022 15:42:04 ] [AY] 
[ 28-Oct-2022 15:42:05 ] [Res][ay] 
[ 28-Oct-2022 15:42:05 ] 
[ 28-Oct-2022 15:42:10 ] [AY] 
[ 28-Oct-2022 15:42:10 ] [Res][ay] 
[ 28-Oct-2022 15:42:10 ] 
[ 28-Oct-2022 15:42:47 ] [AY] 
[ 28-Oct-2022 15:42:47 ] [Res][ay] 
[ 28-Oct-2022 15:42:47 ] 
