[ 26-Oct-2022 13:42:52 ] [AY] 
[ 26-Oct-2022 13:42:53 ] [AY] 
[ 26-Oct-2022 13:42:55 ] [Res][ay] 
[ 26-Oct-2022 13:42:55 ] 
[ 26-Oct-2022 13:53:32 ] [AY] 
[ 26-Oct-2022 13:53:32 ] [AY] 
[ 26-Oct-2022 13:53:32 ] [Res][ay] 
[ 26-Oct-2022 13:53:32 ] 
[ 26-Oct-2022 14:06:25 ] [AY] 
[ 26-Oct-2022 14:06:38 ] [AY] 
[ 26-Oct-2022 14:06:38 ] [AY] 
[ 26-Oct-2022 14:06:38 ] [Res][ay] 
[ 26-Oct-2022 14:06:38 ] 
[ 26-Oct-2022 14:09:49 ] [AY] 
[ 26-Oct-2022 14:09:49 ] [AY] 
[ 26-Oct-2022 14:09:49 ] [Res][ay] 
[ 26-Oct-2022 14:09:49 ] 
[ 26-Oct-2022 14:25:32 ] [AY] 
[ 26-Oct-2022 14:25:32 ] [Res][ay] 
[ 26-Oct-2022 14:25:32 ] 
[ 26-Oct-2022 14:30:36 ] [AY] 
[ 26-Oct-2022 14:30:36 ] [Res][ay] 
[ 26-Oct-2022 14:30:36 ] 
[ 26-Oct-2022 14:30:50 ] [AY] 
[ 26-Oct-2022 14:30:50 ] [AY] 
[ 26-Oct-2022 14:30:50 ] [Res][ay] 
[ 26-Oct-2022 14:30:50 ] 
[ 26-Oct-2022 14:30:55 ] [AY] 
[ 26-Oct-2022 14:30:55 ] [Res][ay] 
[ 26-Oct-2022 14:30:55 ] 
[ 26-Oct-2022 14:31:20 ] [AY] 
[ 26-Oct-2022 14:31:20 ] [AY] 
[ 26-Oct-2022 14:31:20 ] [Res][ay] 
[ 26-Oct-2022 14:31:20 ] 
[ 26-Oct-2022 14:32:46 ] [AY] 
[ 26-Oct-2022 14:32:46 ] [AY] 
[ 26-Oct-2022 14:32:46 ] [Res][ay] 
[ 26-Oct-2022 14:32:46 ] 
[ 26-Oct-2022 14:33:24 ] [AY] 
[ 26-Oct-2022 14:33:24 ] [AY] 
[ 26-Oct-2022 14:33:24 ] [Res][ay] 
[ 26-Oct-2022 14:33:24 ] 
[ 26-Oct-2022 14:35:09 ] [AY] 
[ 26-Oct-2022 14:35:11 ] [AY] 
[ 26-Oct-2022 14:35:11 ] [ ressource ] {"ip":"127.0.0.1","ressource":"\/"}
[ 26-Oct-2022 14:38:41 ] [AY] 
[ 26-Oct-2022 14:38:41 ] [ ressource ] {"ip":"127.0.0.1","ressource":"\/"}
[ 26-Oct-2022 14:38:50 ] [AY] 
[ 26-Oct-2022 14:38:50 ] [ ressource ] {"ip":"127.0.0.1","ressource":"\/"}
[ 26-Oct-2022 14:38:59 ] [AY] 
[ 26-Oct-2022 14:39:01 ] [AY] 
[ 26-Oct-2022 14:39:01 ] [AY] 
[ 26-Oct-2022 14:39:01 ] [Res][ay] 
[ 26-Oct-2022 14:39:01 ] 
[ 26-Oct-2022 14:39:11 ] [AY] 
[ 26-Oct-2022 14:39:11 ] [Res][ay] 
[ 26-Oct-2022 14:39:11 ] 
[ 26-Oct-2022 14:40:38 ] [AY] 
[ 26-Oct-2022 14:40:38 ] [Res][ay] 
[ 26-Oct-2022 14:40:38 ] 
[ 26-Oct-2022 14:44:01 ] [AY] 
[ 26-Oct-2022 14:44:01 ] [AY] 
[ 26-Oct-2022 14:44:01 ] [Res][ay] 
[ 26-Oct-2022 14:44:01 ] 
[ 26-Oct-2022 14:44:37 ] [AY] 
[ 26-Oct-2022 14:44:38 ] [Res][ay] 
[ 26-Oct-2022 14:44:38 ] 
[ 26-Oct-2022 14:49:31 ] [AY] 
[ 26-Oct-2022 14:49:31 ] [AY] 
[ 26-Oct-2022 14:49:31 ] [Res][ay] 
[ 26-Oct-2022 14:49:31 ] 
[ 26-Oct-2022 14:51:57 ] [AY] 
[ 26-Oct-2022 14:51:57 ] [Res][ay] 
[ 26-Oct-2022 14:51:57 ] 
[ 26-Oct-2022 15:05:35 ] [AY] 
[ 26-Oct-2022 15:05:35 ] [AY] 
[ 26-Oct-2022 15:05:35 ] [Res][ay] 
[ 26-Oct-2022 15:05:35 ] 
[ 26-Oct-2022 15:06:22 ] [AY] 
[ 26-Oct-2022 15:06:22 ] [AY] 
[ 26-Oct-2022 15:06:22 ] [Res][ay] 
[ 26-Oct-2022 15:06:22 ] 
[ 26-Oct-2022 15:07:50 ] [AY] 
[ 26-Oct-2022 15:07:50 ] [AY] 
[ 26-Oct-2022 15:07:50 ] [Res][ay] 
[ 26-Oct-2022 15:07:50 ] 
[ 26-Oct-2022 15:08:01 ] [AY] 
[ 26-Oct-2022 15:08:01 ] [AY] 
[ 26-Oct-2022 15:08:01 ] [Res][ay] 
[ 26-Oct-2022 15:08:01 ] 
[ 26-Oct-2022 15:08:43 ] [AY] 
[ 26-Oct-2022 15:08:43 ] [AY] 
[ 26-Oct-2022 15:08:43 ] [Res][ay] 
[ 26-Oct-2022 15:08:43 ] 
[ 26-Oct-2022 15:21:25 ] [AY] 
[ 26-Oct-2022 15:21:26 ] [AY] 
[ 26-Oct-2022 15:21:26 ] [Res][ay] 
[ 26-Oct-2022 15:21:26 ] 
[ 26-Oct-2022 15:21:32 ] [AY] 
[ 26-Oct-2022 15:21:32 ] [AY] 
[ 26-Oct-2022 15:21:32 ] [Res][ay] 
[ 26-Oct-2022 15:21:32 ] 
[ 26-Oct-2022 15:23:09 ] [AY] 
[ 26-Oct-2022 15:23:09 ] [AY] 
[ 26-Oct-2022 15:23:09 ] [Res][ay] 
[ 26-Oct-2022 15:23:09 ] 
[ 26-Oct-2022 15:26:19 ] [AY] 
[ 26-Oct-2022 15:26:19 ] [AY] 
[ 26-Oct-2022 15:26:19 ] [Res][ay] 
[ 26-Oct-2022 15:26:19 ] 
[ 26-Oct-2022 15:27:17 ] [AY] 
[ 26-Oct-2022 15:27:17 ] [AY] 
[ 26-Oct-2022 15:27:17 ] [Res][ay] 
[ 26-Oct-2022 15:27:17 ] 
[ 26-Oct-2022 15:28:04 ] [AY] 
[ 26-Oct-2022 15:28:04 ] [AY] 
[ 26-Oct-2022 15:28:04 ] [Res][ay] 
[ 26-Oct-2022 15:28:04 ] 
[ 26-Oct-2022 15:28:14 ] [AY] 
[ 26-Oct-2022 15:28:14 ] [AY] 
[ 26-Oct-2022 15:28:14 ] [Res][ay] 
[ 26-Oct-2022 15:28:14 ] 
[ 26-Oct-2022 15:28:24 ] [AY] 
[ 26-Oct-2022 15:28:24 ] [Res][ay] 
[ 26-Oct-2022 15:28:24 ] 
[ 26-Oct-2022 15:29:35 ] [AY] 
[ 26-Oct-2022 15:29:35 ] [AY] 
[ 26-Oct-2022 15:29:35 ] [Res][ay] 
[ 26-Oct-2022 15:29:35 ] 
[ 26-Oct-2022 15:32:48 ] [AY] 
[ 26-Oct-2022 15:32:48 ] [AY] 
[ 26-Oct-2022 15:32:48 ] [Res][ay] 
[ 26-Oct-2022 15:32:48 ] 
[ 26-Oct-2022 15:33:04 ] [AY] 
[ 26-Oct-2022 15:33:05 ] [Res][ay] 
[ 26-Oct-2022 15:33:05 ] 
[ 26-Oct-2022 15:33:07 ] [AY] 
[ 26-Oct-2022 15:33:07 ] [AY] 
[ 26-Oct-2022 15:33:07 ] [Res][ay] 
[ 26-Oct-2022 15:33:07 ] 
[ 26-Oct-2022 15:33:09 ] [AY] 
[ 26-Oct-2022 15:33:10 ] [Res][ay] 
[ 26-Oct-2022 15:33:10 ] 
[ 26-Oct-2022 15:34:11 ] [AY] 
[ 26-Oct-2022 15:34:11 ] [AY] 
[ 26-Oct-2022 15:34:11 ] [Res][ay] 
[ 26-Oct-2022 15:34:11 ] 
[ 26-Oct-2022 15:34:23 ] [AY] 
[ 26-Oct-2022 15:34:23 ] [AY] 
[ 26-Oct-2022 15:34:23 ] [Res][ay] 
[ 26-Oct-2022 15:34:23 ] 
[ 26-Oct-2022 15:35:10 ] [AY] 
[ 26-Oct-2022 15:35:10 ] [AY] 
[ 26-Oct-2022 15:35:10 ] [Res][ay] 
[ 26-Oct-2022 15:35:10 ] 
[ 26-Oct-2022 15:35:19 ] [AY] 
[ 26-Oct-2022 15:35:19 ] [AY] 
[ 26-Oct-2022 15:35:19 ] [Res][ay] 
[ 26-Oct-2022 15:35:19 ] 
[ 26-Oct-2022 15:35:30 ] [AY] 
[ 26-Oct-2022 15:35:30 ] [AY] 
[ 26-Oct-2022 15:35:30 ] [Res][ay] 
[ 26-Oct-2022 15:35:30 ] 
[ 26-Oct-2022 15:35:59 ] [AY] 
[ 26-Oct-2022 15:35:59 ] [AY] 
[ 26-Oct-2022 15:35:59 ] [Res][ay] 
[ 26-Oct-2022 15:35:59 ] 
[ 26-Oct-2022 15:36:23 ] [AY] 
[ 26-Oct-2022 15:36:23 ] [AY] 
[ 26-Oct-2022 15:36:24 ] [Res][ay] 
[ 26-Oct-2022 15:36:24 ] 
[ 26-Oct-2022 15:36:39 ] [AY] 
[ 26-Oct-2022 15:36:39 ] [AY] 
[ 26-Oct-2022 15:36:40 ] [Res][ay] 
[ 26-Oct-2022 15:36:40 ] 
[ 26-Oct-2022 15:36:57 ] [AY] 
[ 26-Oct-2022 15:36:57 ] [AY] 
[ 26-Oct-2022 15:36:57 ] [Res][ay] 
[ 26-Oct-2022 15:36:57 ] 
[ 26-Oct-2022 15:37:44 ] [AY] 
[ 26-Oct-2022 15:37:44 ] [AY] 
[ 26-Oct-2022 15:37:44 ] [Res][ay] 
[ 26-Oct-2022 15:37:44 ] 
[ 26-Oct-2022 15:38:10 ] [AY] 
[ 26-Oct-2022 15:38:10 ] [AY] 
[ 26-Oct-2022 15:38:11 ] [Res][ay] 
[ 26-Oct-2022 15:38:11 ] 
[ 26-Oct-2022 15:38:19 ] [AY] 
[ 26-Oct-2022 15:38:20 ] [AY] 
[ 26-Oct-2022 15:38:20 ] [Res][ay] 
[ 26-Oct-2022 15:38:20 ] 
[ 26-Oct-2022 15:38:50 ] [AY] 
[ 26-Oct-2022 15:38:51 ] [Res][ay] 
[ 26-Oct-2022 15:38:51 ] 
[ 26-Oct-2022 15:39:42 ] [AY] 
[ 26-Oct-2022 15:39:42 ] [AY] 
[ 26-Oct-2022 15:39:43 ] [Res][ay] 
[ 26-Oct-2022 15:39:43 ] 
[ 26-Oct-2022 15:40:02 ] [AY] 
[ 26-Oct-2022 15:40:02 ] [AY] 
[ 26-Oct-2022 15:40:03 ] [Res][ay] 
[ 26-Oct-2022 15:40:03 ] 
[ 26-Oct-2022 15:41:07 ] [AY] 
[ 26-Oct-2022 15:41:07 ] [AY] 
[ 26-Oct-2022 15:41:08 ] [Res][ay] 
[ 26-Oct-2022 15:41:08 ] 
[ 26-Oct-2022 15:41:32 ] [AY] 
[ 26-Oct-2022 15:41:32 ] [AY] 
[ 26-Oct-2022 15:41:32 ] [Res][ay] 
[ 26-Oct-2022 15:41:32 ] 
[ 26-Oct-2022 15:41:44 ] [AY] 
[ 26-Oct-2022 15:41:44 ] [AY] 
[ 26-Oct-2022 15:41:44 ] [Res][ay] 
[ 26-Oct-2022 15:41:44 ] 
[ 26-Oct-2022 15:43:00 ] [AY] 
[ 26-Oct-2022 15:43:01 ] [AY] 
[ 26-Oct-2022 15:43:01 ] [Res][ay] 
[ 26-Oct-2022 15:43:01 ] 
[ 26-Oct-2022 15:43:23 ] [AY] 
[ 26-Oct-2022 15:43:23 ] [AY] 
[ 26-Oct-2022 15:43:24 ] [Res][ay] 
[ 26-Oct-2022 15:43:24 ] 
[ 26-Oct-2022 15:43:47 ] [AY] 
[ 26-Oct-2022 15:43:49 ] [AY] 
[ 26-Oct-2022 15:43:49 ] [ ressource ] {"ip":"127.0.0.1","ressource":"\/"}
[ 26-Oct-2022 15:43:55 ] [AY] 
[ 26-Oct-2022 15:43:56 ] [AY] 
[ 26-Oct-2022 15:43:56 ] [AY] 
[ 26-Oct-2022 15:43:57 ] [Res][ay] 
[ 26-Oct-2022 15:43:57 ] 
[ 26-Oct-2022 15:44:00 ] [AY] 
[ 26-Oct-2022 15:44:00 ] [Res][ay] 
[ 26-Oct-2022 15:44:00 ] 
[ 26-Oct-2022 15:44:25 ] [AY] 
[ 26-Oct-2022 15:44:26 ] [Res][ay] 
[ 26-Oct-2022 15:44:26 ] 
[ 26-Oct-2022 15:44:47 ] [AY] 
[ 26-Oct-2022 15:44:48 ] [Res][ay] 
[ 26-Oct-2022 15:44:48 ] 
[ 26-Oct-2022 15:45:28 ] [AY] 
[ 26-Oct-2022 15:45:30 ] [AY] 
[ 26-Oct-2022 15:45:30 ] [ ressource ] {"ip":"127.0.0.1","ressource":"\/"}
[ 26-Oct-2022 15:45:36 ] [AY] 
[ 26-Oct-2022 15:45:45 ] [AY] 
[ 26-Oct-2022 15:45:45 ] [AY] 
[ 26-Oct-2022 15:45:46 ] [Res][ay] 
[ 26-Oct-2022 15:45:46 ] 
[ 26-Oct-2022 15:45:51 ] [AY] 
[ 26-Oct-2022 15:45:51 ] [Res][ay] 
[ 26-Oct-2022 15:45:51 ] 
[ 26-Oct-2022 15:46:02 ] [AY] 
[ 26-Oct-2022 15:46:03 ] [AY] 
[ 26-Oct-2022 15:46:03 ] [Res][ay] 
[ 26-Oct-2022 15:46:03 ] 
[ 26-Oct-2022 15:46:08 ] [AY] 
[ 26-Oct-2022 15:46:10 ] [AY] 
[ 26-Oct-2022 15:46:10 ] [ ressource ] {"ip":"127.0.0.1","ressource":"\/"}
[ 26-Oct-2022 15:46:16 ] [AY] 
[ 26-Oct-2022 15:46:17 ] [AY] 
[ 26-Oct-2022 15:46:17 ] [AY] 
[ 26-Oct-2022 15:46:18 ] [Res][ay] 
[ 26-Oct-2022 15:46:18 ] 
[ 26-Oct-2022 15:46:23 ] [AY] 
[ 26-Oct-2022 15:46:23 ] [Res][ay] 
[ 26-Oct-2022 15:46:23 ] 
[ 26-Oct-2022 15:47:24 ] [AY] 
[ 26-Oct-2022 15:47:24 ] [Res][ay] 
[ 26-Oct-2022 15:47:24 ] 
[ 26-Oct-2022 15:47:27 ] [AY] 
[ 26-Oct-2022 15:47:27 ] [AY] 
[ 26-Oct-2022 15:47:27 ] [Res][ay] 
[ 26-Oct-2022 15:47:27 ] 
[ 26-Oct-2022 15:47:32 ] [AY] 
[ 26-Oct-2022 15:47:33 ] [Res][ay] 
[ 26-Oct-2022 15:47:33 ] 
[ 26-Oct-2022 15:47:37 ] [AY] 
[ 26-Oct-2022 15:47:40 ] [AY] 
[ 26-Oct-2022 15:47:40 ] [AY] 
[ 26-Oct-2022 15:47:40 ] [Res][ay] 
[ 26-Oct-2022 15:47:40 ] 
[ 26-Oct-2022 15:48:13 ] [AY] 
[ 26-Oct-2022 15:48:14 ] [AY] 
[ 26-Oct-2022 15:48:14 ] [Res][ay] 
[ 26-Oct-2022 15:48:14 ] 
[ 26-Oct-2022 15:51:06 ] [AY] 
[ 26-Oct-2022 15:51:06 ] [AY] 
[ 26-Oct-2022 15:51:06 ] [Res][ay] 
[ 26-Oct-2022 15:51:06 ] 
[ 26-Oct-2022 15:51:17 ] [AY] 
[ 26-Oct-2022 15:51:17 ] [AY] 
[ 26-Oct-2022 15:51:17 ] [Res][ay] 
[ 26-Oct-2022 15:51:17 ] 
[ 26-Oct-2022 15:54:32 ] [AY] 
[ 26-Oct-2022 15:54:32 ] [AY] 
[ 26-Oct-2022 15:54:33 ] [Res][ay] 
[ 26-Oct-2022 15:54:33 ] 
[ 26-Oct-2022 15:55:49 ] [AY] 
[ 26-Oct-2022 15:55:49 ] [AY] 
[ 26-Oct-2022 15:55:50 ] [Res][ay] 
[ 26-Oct-2022 15:55:50 ] 
[ 26-Oct-2022 15:55:59 ] [AY] 
[ 26-Oct-2022 15:55:59 ] [AY] 
[ 26-Oct-2022 15:55:59 ] [Res][ay] 
[ 26-Oct-2022 15:55:59 ] 
[ 26-Oct-2022 15:56:45 ] [AY] 
[ 26-Oct-2022 15:56:45 ] [AY] 
[ 26-Oct-2022 15:56:46 ] [Res][ay] 
[ 26-Oct-2022 15:56:46 ] 
[ 26-Oct-2022 15:56:57 ] [AY] 
[ 26-Oct-2022 15:56:57 ] [AY] 
[ 26-Oct-2022 15:56:58 ] [Res][ay] 
[ 26-Oct-2022 15:56:58 ] 
[ 26-Oct-2022 15:57:20 ] [AY] 
[ 26-Oct-2022 15:57:20 ] [AY] 
[ 26-Oct-2022 15:57:21 ] [Res][ay] 
[ 26-Oct-2022 15:57:21 ] 
[ 26-Oct-2022 16:09:05 ] [AY] 
[ 26-Oct-2022 16:09:05 ] [AY] 
[ 26-Oct-2022 16:09:05 ] [Res][ay] 
[ 26-Oct-2022 16:09:05 ] 
[ 26-Oct-2022 16:09:15 ] [AY] 
[ 26-Oct-2022 16:09:16 ] [AY] 
[ 26-Oct-2022 16:09:16 ] [Res][ay] 
[ 26-Oct-2022 16:09:16 ] 
[ 26-Oct-2022 16:10:19 ] [AY] 
[ 26-Oct-2022 16:10:19 ] [AY] 
[ 26-Oct-2022 16:10:19 ] [Res][ay] 
[ 26-Oct-2022 16:10:20 ] 
[ 26-Oct-2022 16:10:24 ] [AY] 
[ 26-Oct-2022 16:11:44 ] [AY] 
[ 26-Oct-2022 16:11:44 ] [AY] 
[ 26-Oct-2022 16:11:44 ] [Res][ay] 
[ 26-Oct-2022 16:11:44 ] 
[ 26-Oct-2022 16:12:52 ] [AY] 
[ 26-Oct-2022 16:12:52 ] [AY] 
[ 26-Oct-2022 16:12:53 ] [Res][ay] 
[ 26-Oct-2022 16:12:53 ] 
[ 26-Oct-2022 16:14:29 ] [AY] 
[ 26-Oct-2022 16:14:29 ] [AY] 
[ 26-Oct-2022 16:14:29 ] [Res][ay] 
[ 26-Oct-2022 16:14:30 ] 
[ 26-Oct-2022 16:14:31 ] [AY] 
[ 26-Oct-2022 16:14:32 ] [AY] 
[ 26-Oct-2022 16:14:32 ] [Res][ay] 
[ 26-Oct-2022 16:14:32 ] 
[ 26-Oct-2022 16:15:04 ] [AY] 
[ 26-Oct-2022 16:15:11 ] [AY] 
[ 26-Oct-2022 16:15:11 ] [ ressource ] {"ip":"127.0.0.1","ressource":"\/"}
[ 26-Oct-2022 16:15:17 ] [AY] 
[ 26-Oct-2022 16:15:18 ] [AY] 
[ 26-Oct-2022 16:15:18 ] [AY] 
[ 26-Oct-2022 16:15:19 ] [Res][ay] 
[ 26-Oct-2022 16:15:19 ] 
[ 26-Oct-2022 16:15:27 ] [AY] 
[ 26-Oct-2022 16:15:27 ] [AY] 
[ 26-Oct-2022 16:15:27 ] [Res][ay] 
[ 26-Oct-2022 16:15:27 ] 
[ 26-Oct-2022 16:15:30 ] [AY] 
[ 26-Oct-2022 16:15:30 ] [Res][ay] 
[ 26-Oct-2022 16:15:30 ] 
[ 26-Oct-2022 16:15:32 ] [AY] 
[ 26-Oct-2022 16:15:32 ] [Res][ay] 
[ 26-Oct-2022 16:15:32 ] 
[ 26-Oct-2022 16:15:39 ] [AY] 
[ 26-Oct-2022 16:15:39 ] [Res][ay] 
[ 26-Oct-2022 16:15:39 ] 
[ 26-Oct-2022 16:15:43 ] [AY] 
[ 26-Oct-2022 16:15:43 ] [Res][ay] 
[ 26-Oct-2022 16:15:43 ] 
[ 26-Oct-2022 16:16:02 ] [AY] 
[ 26-Oct-2022 16:16:02 ] [Res][ay] 
[ 26-Oct-2022 16:16:02 ] 
[ 26-Oct-2022 16:17:30 ] [AY] 
[ 26-Oct-2022 16:17:31 ] [AY] 
[ 26-Oct-2022 16:17:31 ] [ ressource ] {"ip":"127.0.0.1","ressource":"\/"}
[ 26-Oct-2022 16:17:37 ] [AY] 
[ 26-Oct-2022 16:17:38 ] [AY] 
[ 26-Oct-2022 16:17:38 ] [AY] 
[ 26-Oct-2022 16:17:38 ] [Res][ay] 
[ 26-Oct-2022 16:17:38 ] 
[ 26-Oct-2022 16:17:42 ] [AY] 
[ 26-Oct-2022 16:17:42 ] [Res][ay] 
[ 26-Oct-2022 16:17:42 ] 
[ 26-Oct-2022 16:17:55 ] [AY] 
[ 26-Oct-2022 16:17:55 ] [Res][ay] 
[ 26-Oct-2022 16:17:55 ] 
[ 26-Oct-2022 16:19:00 ] [AY] 
[ 26-Oct-2022 16:19:04 ] [AY] 
[ 26-Oct-2022 16:19:04 ] [AY] 
[ 26-Oct-2022 16:19:04 ] [Res][ay] 
[ 26-Oct-2022 16:19:04 ] 
[ 26-Oct-2022 16:19:33 ] [AY] 
[ 26-Oct-2022 16:19:33 ] [AY] 
[ 26-Oct-2022 16:19:33 ] [Res][ay] 
[ 26-Oct-2022 16:19:33 ] 
[ 26-Oct-2022 16:20:10 ] [AY] 
[ 26-Oct-2022 16:20:10 ] [AY] 
[ 26-Oct-2022 16:20:10 ] [Res][ay] 
[ 26-Oct-2022 16:20:10 ] 
[ 26-Oct-2022 16:22:51 ] [AY] 
[ 26-Oct-2022 16:22:52 ] [AY] 
[ 26-Oct-2022 16:22:52 ] [Res][ay] 
[ 26-Oct-2022 16:22:52 ] 
[ 26-Oct-2022 16:24:47 ] [AY] 
[ 26-Oct-2022 16:24:47 ] [Res][ay] 
[ 26-Oct-2022 16:24:47 ] 
[ 26-Oct-2022 16:24:48 ] [AY] 
[ 26-Oct-2022 16:24:48 ] [Res][ay] 
[ 26-Oct-2022 16:24:48 ] 
[ 26-Oct-2022 16:24:55 ] [AY] 
[ 26-Oct-2022 16:24:55 ] [AY] 
[ 26-Oct-2022 16:24:55 ] [Res][ay] 
[ 26-Oct-2022 16:24:55 ] 
[ 26-Oct-2022 16:25:16 ] [AY] 
[ 26-Oct-2022 16:25:16 ] [Res][ay] 
[ 26-Oct-2022 16:25:16 ] 
[ 27-Oct-2022 11:46:38 ] [AY] 
[ 27-Oct-2022 11:46:39 ] [AY] 
[ 27-Oct-2022 11:46:40 ] [Res][ay] 
[ 27-Oct-2022 11:46:40 ] 
[ 27-Oct-2022 11:46:56 ] [AY] 
[ 27-Oct-2022 11:46:56 ] [AY] 
[ 27-Oct-2022 11:46:56 ] [Res][ay] 
[ 27-Oct-2022 11:46:57 ] 
[ 27-Oct-2022 11:48:28 ] [AY] 
[ 27-Oct-2022 11:48:28 ] [Res][ay] 
[ 27-Oct-2022 11:48:28 ] 
[ 27-Oct-2022 11:51:58 ] [AY] 
[ 27-Oct-2022 11:51:58 ] [AY] 
[ 27-Oct-2022 11:51:58 ] [Res][ay] 
[ 27-Oct-2022 11:51:58 ] 
[ 27-Oct-2022 11:52:52 ] [AY] 
[ 27-Oct-2022 11:52:52 ] [AY] 
[ 27-Oct-2022 11:52:52 ] [Res][ay] 
[ 27-Oct-2022 11:52:52 ] 
[ 27-Oct-2022 11:57:46 ] [AY] 
[ 27-Oct-2022 11:57:46 ] [AY] 
[ 27-Oct-2022 11:57:47 ] [Res][ay] 
[ 27-Oct-2022 11:57:47 ] 
[ 27-Oct-2022 11:58:01 ] [AY] 
[ 27-Oct-2022 11:58:01 ] [AY] 
[ 27-Oct-2022 11:58:01 ] [Res][ay] 
[ 27-Oct-2022 11:58:01 ] 
[ 27-Oct-2022 11:59:41 ] [AY] 
[ 27-Oct-2022 11:59:41 ] [AY] 
[ 27-Oct-2022 11:59:41 ] [Res][ay] 
[ 27-Oct-2022 11:59:41 ] 
[ 27-Oct-2022 11:59:53 ] [AY] 
[ 27-Oct-2022 11:59:54 ] [AY] 
[ 27-Oct-2022 11:59:54 ] [Res][ay] 
[ 27-Oct-2022 11:59:54 ] 
[ 27-Oct-2022 12:00:28 ] [AY] 
[ 27-Oct-2022 12:00:28 ] [AY] 
[ 27-Oct-2022 12:00:28 ] [Res][ay] 
[ 27-Oct-2022 12:00:28 ] 
[ 27-Oct-2022 12:02:17 ] [AY] 
[ 27-Oct-2022 12:02:17 ] [AY] 
[ 27-Oct-2022 12:02:17 ] [Res][ay] 
[ 27-Oct-2022 12:02:17 ] 
[ 27-Oct-2022 12:02:36 ] [AY] 
[ 27-Oct-2022 12:02:36 ] [AY] 
[ 27-Oct-2022 12:02:36 ] [Res][ay] 
[ 27-Oct-2022 12:02:36 ] 
[ 27-Oct-2022 12:04:24 ] [AY] 
[ 27-Oct-2022 12:04:24 ] [AY] 
[ 27-Oct-2022 12:04:24 ] [Res][ay] 
[ 27-Oct-2022 12:04:24 ] 
[ 27-Oct-2022 12:04:54 ] [AY] 
[ 27-Oct-2022 12:04:55 ] [Date] Update 2004-12-02
[ 27-Oct-2022 12:04:55 ] [Res][ay] 
[ 27-Oct-2022 12:04:55 ] 
[ 27-Oct-2022 12:05:10 ] [AY] 
[ 27-Oct-2022 12:05:10 ] [AY] 
[ 27-Oct-2022 12:05:11 ] [Res][ay] 
[ 27-Oct-2022 12:05:11 ] 
[ 27-Oct-2022 12:05:29 ] [AY] 
[ 27-Oct-2022 12:05:29 ] [Date] Update 2004-12-02
[ 27-Oct-2022 12:05:29 ] [Res][ay] 
[ 27-Oct-2022 12:05:29 ] 
[ 27-Oct-2022 12:07:03 ] [AY] 
[ 27-Oct-2022 12:07:03 ] [AY] 
[ 27-Oct-2022 12:07:03 ] [Res][ay] 
[ 27-Oct-2022 12:07:03 ] 
[ 27-Oct-2022 12:17:02 ] [AY] 
[ 27-Oct-2022 12:17:02 ] [AY] 
[ 27-Oct-2022 12:17:02 ] [Res][ay] 
[ 27-Oct-2022 12:17:02 ] 
[ 27-Oct-2022 12:17:13 ] [AY] 
[ 27-Oct-2022 12:17:13 ] [AY] 
[ 27-Oct-2022 12:17:14 ] [Res][ay] 
[ 27-Oct-2022 12:17:14 ] 
[ 27-Oct-2022 12:18:28 ] [AY] 
[ 27-Oct-2022 12:18:28 ] [AY] 
[ 27-Oct-2022 12:18:29 ] [Res][ay] 
[ 27-Oct-2022 12:18:29 ] 
[ 27-Oct-2022 12:18:36 ] [AY] 
[ 27-Oct-2022 12:18:36 ] [AY] 
[ 27-Oct-2022 12:18:37 ] [Res][ay] 
[ 27-Oct-2022 12:18:37 ] 
[ 27-Oct-2022 12:21:52 ] [AY] 
[ 27-Oct-2022 12:21:52 ] [AY] 
[ 27-Oct-2022 12:21:53 ] [Res][ay] 
[ 27-Oct-2022 12:21:53 ] 
[ 27-Oct-2022 12:21:56 ] [AY] 
[ 27-Oct-2022 12:21:57 ] [AY] 
[ 27-Oct-2022 12:21:57 ] [Res][ay] 
[ 27-Oct-2022 12:21:57 ] 
[ 27-Oct-2022 12:22:39 ] [AY] 
[ 27-Oct-2022 12:22:39 ] [Date] Update 2005-12-02
[ 27-Oct-2022 12:22:39 ] [Res][ay] 
[ 27-Oct-2022 12:22:39 ] 
[ 27-Oct-2022 12:22:59 ] [AY] 
[ 27-Oct-2022 12:22:59 ] [Res][ay] 
[ 27-Oct-2022 12:22:59 ] 
[ 27-Oct-2022 12:25:13 ] [AY] 
[ 27-Oct-2022 12:25:13 ] [AY] 
[ 27-Oct-2022 12:25:13 ] [Res][ay] 
[ 27-Oct-2022 12:25:13 ] 
[ 27-Oct-2022 12:25:25 ] [AY] 
[ 27-Oct-2022 12:25:48 ] [AY] 
[ 27-Oct-2022 12:26:02 ] [AY] 
[ 27-Oct-2022 12:26:02 ] [AY] 
[ 27-Oct-2022 12:26:02 ] [Res][ay] 
[ 27-Oct-2022 12:26:02 ] 
[ 27-Oct-2022 12:26:14 ] [AY] 
[ 27-Oct-2022 12:26:15 ] [AY] 
[ 27-Oct-2022 12:26:15 ] [Res][ay] 
[ 27-Oct-2022 12:26:15 ] 
[ 27-Oct-2022 12:27:42 ] [AY] 
[ 27-Oct-2022 12:27:44 ] [AY] 
[ 27-Oct-2022 12:27:44 ] [ ressource ] {"ip":"127.0.0.1","ressource":"\/"}
[ 27-Oct-2022 12:27:51 ] [AY] 
[ 27-Oct-2022 12:27:53 ] [AY] 
[ 27-Oct-2022 12:27:53 ] [AY] 
[ 27-Oct-2022 12:27:54 ] [Res][ay] 
[ 27-Oct-2022 12:27:54 ] 
[ 27-Oct-2022 12:27:59 ] [AY] 
[ 27-Oct-2022 12:28:00 ] [Res][ay] 
[ 27-Oct-2022 12:28:00 ] 
[ 27-Oct-2022 12:28:57 ] [AY] 
[ 27-Oct-2022 12:28:58 ] [AY] 
[ 27-Oct-2022 12:28:58 ] [Res][ay] 
[ 27-Oct-2022 12:28:58 ] 
[ 27-Oct-2022 12:29:05 ] [AY] 
[ 27-Oct-2022 12:29:06 ] [AY] 
[ 27-Oct-2022 12:29:06 ] [Res][ay] 
[ 27-Oct-2022 12:29:06 ] 
[ 27-Oct-2022 12:30:05 ] [AY] 
[ 27-Oct-2022 12:30:06 ] [AY] 
[ 27-Oct-2022 12:30:06 ] [Res][ay] 
[ 27-Oct-2022 12:30:06 ] 
[ 27-Oct-2022 12:30:10 ] [AY] 
[ 27-Oct-2022 12:30:10 ] [AY] 
[ 27-Oct-2022 12:30:11 ] [Res][ay] 
[ 27-Oct-2022 12:30:11 ] 
[ 27-Oct-2022 12:30:48 ] [AY] 
[ 27-Oct-2022 12:30:48 ] [AY] 
[ 27-Oct-2022 12:30:49 ] [Res][ay] 
[ 27-Oct-2022 12:30:49 ] 
[ 27-Oct-2022 12:30:52 ] [AY] 
[ 27-Oct-2022 12:30:52 ] [AY] 
[ 27-Oct-2022 12:30:53 ] [Res][ay] 
[ 27-Oct-2022 12:30:53 ] 
[ 27-Oct-2022 12:31:18 ] [AY] 
[ 27-Oct-2022 12:31:18 ] [AY] 
[ 27-Oct-2022 12:31:19 ] [Res][ay] 
[ 27-Oct-2022 12:31:19 ] 
[ 27-Oct-2022 12:31:23 ] [AY] 
[ 27-Oct-2022 12:31:23 ] [AY] 
[ 27-Oct-2022 12:31:24 ] [Res][ay] 
[ 27-Oct-2022 12:31:24 ] 
[ 27-Oct-2022 12:31:54 ] [AY] 
[ 27-Oct-2022 12:31:55 ] [AY] 
[ 27-Oct-2022 12:31:55 ] [Res][ay] 
[ 27-Oct-2022 12:31:55 ] 
[ 27-Oct-2022 12:33:13 ] [AY] 
[ 27-Oct-2022 12:33:13 ] [AY] 
[ 27-Oct-2022 12:33:14 ] [Res][ay] 
[ 27-Oct-2022 12:33:14 ] 
[ 27-Oct-2022 12:33:17 ] [AY] 
[ 27-Oct-2022 12:33:17 ] [AY] 
[ 27-Oct-2022 12:33:18 ] [Res][ay] 
[ 27-Oct-2022 12:33:18 ] 
[ 27-Oct-2022 12:33:27 ] [AY] 
[ 27-Oct-2022 12:33:27 ] [AY] 
[ 27-Oct-2022 12:33:28 ] [Res][ay] 
[ 27-Oct-2022 12:33:28 ] 
[ 27-Oct-2022 12:35:01 ] [AY] 
[ 27-Oct-2022 12:35:01 ] [AY] 
[ 27-Oct-2022 12:35:02 ] [Res][ay] 
[ 27-Oct-2022 12:35:02 ] 
[ 27-Oct-2022 12:36:25 ] [AY] 
[ 27-Oct-2022 12:36:25 ] [AY] 
[ 27-Oct-2022 12:36:25 ] [Res][ay] 
[ 27-Oct-2022 12:36:25 ] 
[ 27-Oct-2022 12:36:45 ] [AY] 
[ 27-Oct-2022 12:36:45 ] [AY] 
[ 27-Oct-2022 12:36:46 ] [Res][ay] 
[ 27-Oct-2022 12:36:46 ] 
[ 27-Oct-2022 12:37:52 ] [AY] 
[ 27-Oct-2022 12:37:52 ] [AY] 
[ 27-Oct-2022 12:37:53 ] [Res][ay] 
[ 27-Oct-2022 12:37:53 ] 
[ 27-Oct-2022 12:38:31 ] [AY] 
[ 27-Oct-2022 12:38:31 ] [AY] 
[ 27-Oct-2022 12:38:32 ] [Res][ay] 
[ 27-Oct-2022 12:38:32 ] 
[ 27-Oct-2022 12:39:18 ] [AY] 
[ 27-Oct-2022 12:39:18 ] [AY] 
[ 27-Oct-2022 12:39:19 ] [Res][ay] 
[ 27-Oct-2022 12:39:19 ] 
[ 27-Oct-2022 12:40:04 ] [AY] 
[ 27-Oct-2022 12:40:05 ] [AY] 
[ 27-Oct-2022 12:40:06 ] [Res][ay] 
[ 27-Oct-2022 12:40:06 ] 
[ 27-Oct-2022 12:40:24 ] [AY] 
[ 27-Oct-2022 12:40:24 ] [AY] 
[ 27-Oct-2022 12:40:25 ] [Res][ay] 
[ 27-Oct-2022 12:40:25 ] 
[ 27-Oct-2022 12:41:01 ] [AY] 
[ 27-Oct-2022 12:41:01 ] [AY] 
[ 27-Oct-2022 12:41:02 ] [Res][ay] 
[ 27-Oct-2022 12:41:02 ] 
[ 27-Oct-2022 12:41:52 ] [AY] 
[ 27-Oct-2022 12:41:52 ] [AY] 
[ 27-Oct-2022 12:41:53 ] [Res][ay] 
[ 27-Oct-2022 12:41:53 ] 
[ 27-Oct-2022 12:41:56 ] [AY] 
[ 27-Oct-2022 12:41:57 ] [Res][ay] 
[ 27-Oct-2022 12:41:57 ] 
[ 27-Oct-2022 12:42:06 ] [AY] 
[ 27-Oct-2022 12:42:06 ] [AY] 
[ 27-Oct-2022 12:42:07 ] [Res][ay] 
[ 27-Oct-2022 12:42:07 ] 
[ 27-Oct-2022 12:42:23 ] [AY] 
[ 27-Oct-2022 12:42:23 ] [AY] 
[ 27-Oct-2022 12:42:23 ] [Res][ay] 
[ 27-Oct-2022 12:42:24 ] 
[ 27-Oct-2022 12:43:07 ] [AY] 
[ 27-Oct-2022 12:43:07 ] [Res][ay] 
[ 27-Oct-2022 12:43:07 ] 
[ 27-Oct-2022 12:43:15 ] [AY] 
[ 27-Oct-2022 12:43:15 ] [Res][ay] 
[ 27-Oct-2022 12:43:15 ] 
[ 27-Oct-2022 12:50:12 ] [AY] 
[ 27-Oct-2022 12:50:13 ] [AY] 
[ 27-Oct-2022 12:50:13 ] [Res][ay] 
[ 27-Oct-2022 12:50:13 ] 
[ 27-Oct-2022 12:51:15 ] [AY] 
[ 27-Oct-2022 12:51:15 ] [AY] 
[ 27-Oct-2022 12:51:16 ] [Res][ay] 
[ 27-Oct-2022 12:51:16 ] 
[ 27-Oct-2022 12:51:49 ] [AY] 
[ 27-Oct-2022 12:51:49 ] [AY] 
[ 27-Oct-2022 12:51:49 ] [Res][ay] 
[ 27-Oct-2022 12:51:49 ] 
[ 27-Oct-2022 12:55:42 ] [AY] 
[ 27-Oct-2022 12:55:42 ] [AY] 
[ 27-Oct-2022 12:55:43 ] [Res][ay] 
[ 27-Oct-2022 12:55:43 ] 
[ 27-Oct-2022 12:55:51 ] [AY] 
[ 27-Oct-2022 12:55:51 ] [AY] 
[ 27-Oct-2022 12:55:51 ] [Res][ay] 
[ 27-Oct-2022 12:55:51 ] 
[ 27-Oct-2022 12:56:17 ] [AY] 
[ 27-Oct-2022 12:56:17 ] [AY] 
[ 27-Oct-2022 12:56:17 ] [Res][ay] 
[ 27-Oct-2022 12:56:17 ] 
[ 27-Oct-2022 12:57:28 ] [AY] 
[ 27-Oct-2022 12:57:28 ] [AY] 
[ 27-Oct-2022 12:57:28 ] [Res][ay] 
[ 27-Oct-2022 12:57:28 ] 
[ 27-Oct-2022 12:57:41 ] [AY] 
[ 27-Oct-2022 12:57:41 ] [AY] 
[ 27-Oct-2022 12:57:41 ] [Res][ay] 
[ 27-Oct-2022 12:57:41 ] 
[ 27-Oct-2022 12:59:44 ] [AY] 
[ 27-Oct-2022 12:59:44 ] [AY] 
[ 27-Oct-2022 12:59:44 ] [Res][ay] 
[ 27-Oct-2022 12:59:44 ] 
[ 27-Oct-2022 13:02:42 ] [AY] 
[ 27-Oct-2022 13:02:42 ] [AY] 
[ 27-Oct-2022 13:02:42 ] [Res][ay] 
[ 27-Oct-2022 13:02:42 ] 
[ 27-Oct-2022 13:03:10 ] [AY] 
[ 27-Oct-2022 13:03:10 ] [AY] 
[ 27-Oct-2022 13:03:10 ] [Res][ay] 
[ 27-Oct-2022 13:03:10 ] 
[ 27-Oct-2022 13:03:55 ] [AY] 
[ 27-Oct-2022 13:03:56 ] [AY] 
[ 27-Oct-2022 13:03:56 ] [Res][ay] 
[ 27-Oct-2022 13:03:56 ] 
[ 27-Oct-2022 13:04:49 ] [AY] 
[ 27-Oct-2022 13:04:49 ] [AY] 
[ 27-Oct-2022 13:04:49 ] [Res][ay] 
[ 27-Oct-2022 13:04:49 ] 
[ 27-Oct-2022 13:05:39 ] [AY] 
[ 27-Oct-2022 13:05:40 ] [AY] 
[ 27-Oct-2022 13:05:40 ] [Res][ay] 
[ 27-Oct-2022 13:05:40 ] 
[ 27-Oct-2022 13:05:59 ] [AY] 
[ 27-Oct-2022 13:05:59 ] [AY] 
[ 27-Oct-2022 13:05:59 ] [Res][ay] 
[ 27-Oct-2022 13:05:59 ] 
[ 27-Oct-2022 13:06:37 ] [AY] 
[ 27-Oct-2022 13:06:37 ] [AY] 
[ 27-Oct-2022 13:06:38 ] [Res][ay] 
[ 27-Oct-2022 13:06:38 ] 
[ 27-Oct-2022 13:07:12 ] [AY] 
[ 27-Oct-2022 13:07:12 ] [AY] 
[ 27-Oct-2022 13:07:12 ] [Res][ay] 
[ 27-Oct-2022 13:07:12 ] 
[ 27-Oct-2022 13:07:31 ] [AY] 
[ 27-Oct-2022 13:07:31 ] [AY] 
[ 27-Oct-2022 13:07:31 ] [Res][ay] 
[ 27-Oct-2022 13:07:31 ] 
[ 27-Oct-2022 13:07:49 ] [AY] 
[ 27-Oct-2022 13:07:49 ] [AY] 
[ 27-Oct-2022 13:07:49 ] [Res][ay] 
[ 27-Oct-2022 13:07:50 ] 
[ 27-Oct-2022 13:08:20 ] [AY] 
[ 27-Oct-2022 13:08:20 ] [AY] 
[ 27-Oct-2022 13:08:20 ] [Res][ay] 
[ 27-Oct-2022 13:08:20 ] 
[ 27-Oct-2022 13:08:31 ] [AY] 
[ 27-Oct-2022 13:08:31 ] [AY] 
[ 27-Oct-2022 13:08:31 ] [Res][ay] 
[ 27-Oct-2022 13:08:31 ] 
[ 27-Oct-2022 13:09:17 ] [AY] 
[ 27-Oct-2022 13:09:17 ] [AY] 
[ 27-Oct-2022 13:09:17 ] [Res][ay] 
[ 27-Oct-2022 13:09:17 ] 
[ 27-Oct-2022 13:09:55 ] [AY] 
[ 27-Oct-2022 13:09:55 ] [AY] 
[ 27-Oct-2022 13:09:55 ] [Res][ay] 
[ 27-Oct-2022 13:09:55 ] 
[ 27-Oct-2022 13:10:07 ] [AY] 
[ 27-Oct-2022 13:10:07 ] [AY] 
[ 27-Oct-2022 13:10:07 ] [Res][ay] 
[ 27-Oct-2022 13:10:07 ] 
[ 27-Oct-2022 13:10:24 ] [AY] 
[ 27-Oct-2022 13:10:24 ] [AY] 
[ 27-Oct-2022 13:10:24 ] [Res][ay] 
[ 27-Oct-2022 13:10:25 ] 
[ 27-Oct-2022 13:10:44 ] [AY] 
[ 27-Oct-2022 13:10:44 ] [AY] 
[ 27-Oct-2022 13:10:45 ] [Res][ay] 
[ 27-Oct-2022 13:10:45 ] 
[ 27-Oct-2022 13:10:53 ] [AY] 
[ 27-Oct-2022 13:10:54 ] [AY] 
[ 27-Oct-2022 13:10:54 ] [Res][ay] 
[ 27-Oct-2022 13:10:54 ] 
[ 27-Oct-2022 13:11:17 ] [AY] 
[ 27-Oct-2022 13:11:17 ] [AY] 
[ 27-Oct-2022 13:11:17 ] [Res][ay] 
[ 27-Oct-2022 13:11:17 ] 
[ 27-Oct-2022 13:11:34 ] [AY] 
[ 27-Oct-2022 13:11:34 ] [AY] 
[ 27-Oct-2022 13:11:34 ] [Res][ay] 
[ 27-Oct-2022 13:11:34 ] 
[ 27-Oct-2022 13:12:01 ] [AY] 
[ 27-Oct-2022 13:12:01 ] [AY] 
[ 27-Oct-2022 13:12:02 ] [Res][ay] 
[ 27-Oct-2022 13:12:02 ] 
[ 27-Oct-2022 13:12:38 ] [AY] 
[ 27-Oct-2022 13:12:38 ] [AY] 
[ 27-Oct-2022 13:12:38 ] [Res][ay] 
[ 27-Oct-2022 13:12:38 ] 
[ 27-Oct-2022 13:12:48 ] [AY] 
[ 27-Oct-2022 13:12:48 ] [AY] 
[ 27-Oct-2022 13:12:48 ] [Res][ay] 
[ 27-Oct-2022 13:12:48 ] 
[ 27-Oct-2022 13:12:51 ] [AY] 
[ 27-Oct-2022 13:12:51 ] [AY] 
[ 27-Oct-2022 13:12:51 ] [Res][ay] 
[ 27-Oct-2022 13:12:51 ] 
[ 27-Oct-2022 13:13:12 ] [AY] 
[ 27-Oct-2022 13:13:12 ] [AY] 
[ 27-Oct-2022 13:13:12 ] [Res][ay] 
[ 27-Oct-2022 13:13:13 ] 
[ 27-Oct-2022 13:13:34 ] [AY] 
[ 27-Oct-2022 13:13:34 ] [AY] 
[ 27-Oct-2022 13:13:35 ] [Res][ay] 
[ 27-Oct-2022 13:13:35 ] 
[ 27-Oct-2022 13:14:45 ] [AY] 
[ 27-Oct-2022 13:14:45 ] [AY] 
[ 27-Oct-2022 13:14:45 ] [Res][ay] 
[ 27-Oct-2022 13:14:45 ] 
[ 27-Oct-2022 13:15:00 ] [AY] 
[ 27-Oct-2022 13:15:00 ] [AY] 
[ 27-Oct-2022 13:15:00 ] [Res][ay] 
[ 27-Oct-2022 13:15:00 ] 
[ 27-Oct-2022 13:15:24 ] [AY] 
[ 27-Oct-2022 13:15:24 ] [AY] 
[ 27-Oct-2022 13:15:24 ] [Res][ay] 
[ 27-Oct-2022 13:15:24 ] 
[ 27-Oct-2022 13:16:23 ] [AY] 
[ 27-Oct-2022 13:16:23 ] [AY] 
[ 27-Oct-2022 13:16:24 ] [Res][ay] 
[ 27-Oct-2022 13:16:24 ] 
[ 27-Oct-2022 13:16:45 ] [AY] 
[ 27-Oct-2022 13:16:45 ] [AY] 
[ 27-Oct-2022 13:16:45 ] [Res][ay] 
[ 27-Oct-2022 13:16:46 ] 
[ 27-Oct-2022 13:17:45 ] [AY] 
[ 27-Oct-2022 13:17:45 ] [AY] 
[ 27-Oct-2022 13:17:45 ] [Res][ay] 
[ 27-Oct-2022 13:17:45 ] 
[ 27-Oct-2022 13:18:01 ] [AY] 
[ 27-Oct-2022 13:18:02 ] [AY] 
[ 27-Oct-2022 13:18:02 ] [Res][ay] 
[ 27-Oct-2022 13:18:02 ] 
[ 27-Oct-2022 13:19:23 ] [AY] 
[ 27-Oct-2022 13:19:24 ] [AY] 
[ 27-Oct-2022 13:19:24 ] [Res][ay] 
[ 27-Oct-2022 13:19:24 ] 
[ 27-Oct-2022 13:19:56 ] [AY] 
[ 27-Oct-2022 13:19:56 ] [AY] 
[ 27-Oct-2022 13:19:56 ] [Res][ay] 
[ 27-Oct-2022 13:19:56 ] 
[ 27-Oct-2022 13:21:27 ] [AY] 
[ 27-Oct-2022 13:21:28 ] [AY] 
[ 27-Oct-2022 13:21:28 ] [Res][ay] 
[ 27-Oct-2022 13:21:28 ] 
[ 27-Oct-2022 13:21:50 ] [AY] 
[ 27-Oct-2022 13:21:50 ] [AY] 
[ 27-Oct-2022 13:21:50 ] [Res][ay] 
[ 27-Oct-2022 13:21:50 ] 
[ 27-Oct-2022 13:22:17 ] [AY] 
[ 27-Oct-2022 13:22:17 ] [AY] 
[ 27-Oct-2022 13:22:17 ] [Res][ay] 
[ 27-Oct-2022 13:22:17 ] 
[ 27-Oct-2022 13:23:31 ] [AY] 
[ 27-Oct-2022 13:23:31 ] [AY] 
[ 27-Oct-2022 13:23:31 ] [Res][ay] 
[ 27-Oct-2022 13:23:31 ] 
[ 27-Oct-2022 13:25:48 ] [AY] 
[ 27-Oct-2022 13:25:48 ] [AY] 
[ 27-Oct-2022 13:25:48 ] [Res][ay] 
[ 27-Oct-2022 13:25:48 ] 
[ 27-Oct-2022 13:26:58 ] [AY] 
[ 27-Oct-2022 13:26:58 ] [AY] 
[ 27-Oct-2022 13:26:58 ] [Res][ay] 
[ 27-Oct-2022 13:26:58 ] 
[ 27-Oct-2022 13:28:11 ] [AY] 
[ 27-Oct-2022 13:28:11 ] [AY] 
[ 27-Oct-2022 13:28:12 ] [Res][ay] 
[ 27-Oct-2022 13:28:12 ] 
[ 27-Oct-2022 13:29:15 ] [AY] 
[ 27-Oct-2022 13:29:15 ] [AY] 
[ 27-Oct-2022 13:29:15 ] [Res][ay] 
[ 27-Oct-2022 13:29:15 ] 
[ 27-Oct-2022 13:31:00 ] [AY] 
[ 27-Oct-2022 13:31:01 ] [AY] 
[ 27-Oct-2022 13:31:01 ] [Res][ay] 
[ 27-Oct-2022 13:31:01 ] 
[ 27-Oct-2022 13:31:34 ] [AY] 
[ 27-Oct-2022 13:31:34 ] [AY] 
[ 27-Oct-2022 13:31:34 ] [Res][ay] 
[ 27-Oct-2022 13:31:35 ] 
[ 27-Oct-2022 13:32:05 ] [AY] 
[ 27-Oct-2022 13:32:05 ] [AY] 
[ 27-Oct-2022 13:32:05 ] [Res][ay] 
[ 27-Oct-2022 13:32:06 ] 
[ 27-Oct-2022 13:33:16 ] [AY] 
[ 27-Oct-2022 13:33:16 ] [Res][ay] 
[ 27-Oct-2022 13:33:17 ] 
[ 27-Oct-2022 13:33:51 ] [AY] 
[ 27-Oct-2022 13:33:52 ] [AY] 
[ 27-Oct-2022 13:33:52 ] [Res][ay] 
[ 27-Oct-2022 13:33:52 ] 
[ 27-Oct-2022 13:38:55 ] [AY] 
[ 27-Oct-2022 13:38:55 ] [AY] 
[ 27-Oct-2022 13:38:56 ] [Res][ay] 
[ 27-Oct-2022 13:38:56 ] 
[ 27-Oct-2022 13:39:04 ] [AY] 
[ 27-Oct-2022 13:39:05 ] [Res][ay] 
[ 27-Oct-2022 13:39:05 ] 
[ 27-Oct-2022 13:39:09 ] [AY] 
[ 27-Oct-2022 13:39:09 ] [AY] 
[ 27-Oct-2022 13:39:09 ] [Res][ay] 
[ 27-Oct-2022 13:39:09 ] 
