[ 30-Oct-2022 12:11:29 ] [AY] 
[ 30-Oct-2022 12:11:31 ] [AY] 
[ 30-Oct-2022 12:11:34 ] [Res][ay] 
[ 30-Oct-2022 12:11:34 ] 
[ 30-Oct-2022 12:15:10 ] [AY] 
[ 30-Oct-2022 12:15:10 ] [Res][ay] 
[ 30-Oct-2022 12:15:10 ] 
[ 30-Oct-2022 14:47:02 ] [AY] 
[ 30-Oct-2022 14:47:02 ] [AY] 
[ 30-Oct-2022 14:47:02 ] [Res][ay] 
[ 30-Oct-2022 14:47:02 ] 
[ 30-Oct-2022 14:59:19 ] [AY] 
[ 30-Oct-2022 14:59:19 ] [AY] 
[ 30-Oct-2022 14:59:20 ] [Res][ay] 
[ 30-Oct-2022 14:59:20 ] 
[ 30-Oct-2022 14:59:22 ] [AY] 
[ 30-Oct-2022 14:59:22 ] [AY] 
[ 30-Oct-2022 14:59:22 ] [Res][ay] 
[ 30-Oct-2022 14:59:22 ] 
[ 30-Oct-2022 14:59:28 ] [AY] 
[ 30-Oct-2022 14:59:28 ] [AY] 
[ 30-Oct-2022 14:59:28 ] [Res][ay] 
[ 30-Oct-2022 14:59:28 ] 
[ 30-Oct-2022 14:59:35 ] [AY] 
[ 30-Oct-2022 14:59:38 ] [AY] 
[ 30-Oct-2022 14:59:38 ] [ ressource ] {"ip":"127.0.0.1","ressource":"\/"}
[ 30-Oct-2022 14:59:43 ] [AY] 
[ 30-Oct-2022 14:59:44 ] [AY] 
[ 30-Oct-2022 14:59:44 ] [AY] 
[ 30-Oct-2022 14:59:45 ] [Res][ay] 
[ 30-Oct-2022 14:59:45 ] 
[ 30-Oct-2022 14:59:49 ] [AY] 
[ 30-Oct-2022 14:59:49 ] [Res][ay] 
[ 30-Oct-2022 14:59:49 ] 
[ 30-Oct-2022 15:00:04 ] [AY] 
[ 30-Oct-2022 15:00:05 ] [Promo] 
[ 30-Oct-2022 15:00:05 ] [Res][ay] 
[ 30-Oct-2022 15:00:05 ] 
[ 30-Oct-2022 15:00:14 ] [AY] 
[ 30-Oct-2022 15:01:14 ] [AY] 
[ 30-Oct-2022 15:01:14 ] [AY] 
[ 30-Oct-2022 15:01:14 ] [Res][ay] 
[ 30-Oct-2022 15:01:14 ] 
[ 30-Oct-2022 15:01:19 ] [AY] 
[ 30-Oct-2022 15:01:21 ] [AY] 
[ 30-Oct-2022 15:01:21 ] [ ressource ] {"ip":"127.0.0.1","ressource":"\/"}
[ 30-Oct-2022 15:01:28 ] [AY] 
[ 30-Oct-2022 15:01:29 ] [AY] 
[ 30-Oct-2022 15:01:29 ] [AY] 
[ 30-Oct-2022 15:01:30 ] [Res][ay] 
[ 30-Oct-2022 15:01:30 ] 
[ 30-Oct-2022 15:01:39 ] [AY] 
[ 30-Oct-2022 15:01:40 ] [Res][ay] 
[ 30-Oct-2022 15:01:40 ] 
[ 30-Oct-2022 15:01:49 ] [AY] 
[ 30-Oct-2022 15:01:50 ] [Promo] 
[ 30-Oct-2022 15:01:50 ] [Res][ay] 
[ 30-Oct-2022 15:01:50 ] 
[ 30-Oct-2022 15:02:56 ] [AY] 
[ 30-Oct-2022 15:02:56 ] [AY] 
[ 30-Oct-2022 15:02:57 ] [Res][ay] 
[ 30-Oct-2022 15:02:57 ] 
[ 30-Oct-2022 15:03:21 ] [AY] 
[ 30-Oct-2022 15:03:21 ] [AY] 
[ 30-Oct-2022 15:03:21 ] [Res][ay] 
[ 30-Oct-2022 15:03:21 ] 
[ 30-Oct-2022 15:03:29 ] [AY] 
[ 30-Oct-2022 15:03:30 ] [Promo] 
[ 30-Oct-2022 15:03:30 ] [Res][ay] 
[ 30-Oct-2022 15:03:30 ] 
[ 30-Oct-2022 15:04:09 ] [AY] 
[ 30-Oct-2022 15:04:09 ] [AY] 
[ 30-Oct-2022 15:04:09 ] [Res][ay] 
[ 30-Oct-2022 15:04:09 ] 
[ 30-Oct-2022 15:04:19 ] [AY] 
[ 30-Oct-2022 15:04:20 ] [Promo] 
[ 30-Oct-2022 15:04:20 ] [Res][ay] 
[ 30-Oct-2022 15:04:20 ] 
[ 30-Oct-2022 15:05:14 ] [AY] 
[ 30-Oct-2022 15:05:14 ] [AY] 
[ 30-Oct-2022 15:05:14 ] [Res][ay] 
[ 30-Oct-2022 15:05:15 ] 
[ 30-Oct-2022 15:05:23 ] [AY] 
[ 30-Oct-2022 15:05:23 ] [Promo] 
[ 30-Oct-2022 15:05:23 ] [Res][ay] 
[ 30-Oct-2022 15:05:23 ] 
[ 30-Oct-2022 15:05:36 ] [AY] 
[ 30-Oct-2022 15:05:36 ] [AY] 
[ 30-Oct-2022 15:05:36 ] [Res][ay] 
[ 30-Oct-2022 15:05:36 ] 
[ 30-Oct-2022 15:05:40 ] [AY] 
[ 30-Oct-2022 15:05:43 ] [AY] 
[ 30-Oct-2022 15:05:43 ] [ ressource ] {"ip":"127.0.0.1","ressource":"\/"}
[ 30-Oct-2022 15:06:03 ] [AY] 
[ 30-Oct-2022 15:06:05 ] [AY] 
[ 30-Oct-2022 15:06:05 ] [AY] 
[ 30-Oct-2022 15:06:05 ] [Res][ay] 
[ 30-Oct-2022 15:06:05 ] 
[ 30-Oct-2022 15:06:12 ] [AY] 
[ 30-Oct-2022 15:06:12 ] [Res][ay] 
[ 30-Oct-2022 15:06:12 ] 
[ 30-Oct-2022 15:06:33 ] [AY] 
[ 30-Oct-2022 15:06:34 ] [Promo] 
[ 30-Oct-2022 15:06:34 ] [Res][ay] 
[ 30-Oct-2022 15:06:34 ] 
[ 30-Oct-2022 15:14:54 ] [AY] 
[ 30-Oct-2022 15:14:54 ] [AY] 
[ 30-Oct-2022 15:14:56 ] [Res][ay] 
[ 30-Oct-2022 15:14:56 ] 
