[ 23-Oct-2022 11:44:58 ] [ ressource ] {"ip":"127.0.0.1","ressource":"\/course"}
[ 23-Oct-2022 11:44:58 ] [Total] []
[ 23-Oct-2022 11:45:59 ] [ ressource ] {"ip":"127.0.0.1","ressource":"\/course"}
[ 23-Oct-2022 11:46:00 ] [Total] []
[ 23-Oct-2022 11:46:19 ] [ ressource ] {"ip":"127.0.0.1","ressource":"\/admin"}
[ 23-Oct-2022 11:46:19 ] [Total] []
[ 23-Oct-2022 11:49:50 ] [ ressource ] {"ip":"127.0.0.1","ressource":"\/admin"}
[ 23-Oct-2022 11:49:50 ] [Total] []
[ 23-Oct-2022 11:50:13 ] [ ressource ] {"ip":"127.0.0.1","ressource":"\/admin"}
[ 23-Oct-2022 11:50:13 ] [Total] []
[ 23-Oct-2022 11:51:12 ] [ ressource ] {"ip":"127.0.0.1","ressource":"\/admin"}
[ 23-Oct-2022 11:51:12 ] [Total] []
[ 23-Oct-2022 11:52:44 ] [ ressource ] {"ip":"127.0.0.1","ressource":"\/admin"}
[ 23-Oct-2022 11:52:44 ] [Total] []
[ 23-Oct-2022 11:56:40 ] [ ressource ] {"ip":"127.0.0.1","ressource":"\/admin"}
[ 23-Oct-2022 11:56:41 ] [Total] []
[ 23-Oct-2022 12:55:58 ] [Point] 1
[ 23-Oct-2022 12:57:03 ] [ ressource ] {"ip":"127.0.0.1","ressource":"\/promotion"}
[ 23-Oct-2022 12:57:03 ] [Total] []
[ 23-Oct-2022 12:57:54 ] [ ressource ] {"ip":"127.0.0.1","ressource":"\/admin"}
[ 23-Oct-2022 12:57:54 ] [Total] []
[ 23-Oct-2022 12:58:47 ] [ ressource ] {"ip":"127.0.0.1","ressource":"\/promotion"}
[ 23-Oct-2022 12:58:47 ] [Total] []
[ 23-Oct-2022 13:00:09 ] [Students] len 2
[ 23-Oct-2022 13:00:09 ] [ ressource ] {"ip":"127.0.0.1","ressource":"\/promotion"}
[ 23-Oct-2022 13:00:09 ] [Total] []
[ 23-Oct-2022 13:01:39 ] [ ressource ] {"ip":"127.0.0.1","ressource":"\/admin"}
[ 23-Oct-2022 13:01:40 ] [Total] []
[ 23-Oct-2022 13:02:50 ] [Students] len 2
[ 23-Oct-2022 13:02:50 ] [ ressource ] {"ip":"127.0.0.1","ressource":"\/promotion"}
[ 23-Oct-2022 13:02:50 ] [Total] []
[ 23-Oct-2022 13:04:04 ] [Length] student : 2
[ 23-Oct-2022 13:04:04 ] [ ressource ] {"ip":"127.0.0.1","ressource":"\/promotion"}
[ 23-Oct-2022 13:04:04 ] [Total] []
[ 23-Oct-2022 13:06:49 ] [Length] student : 2
[ 23-Oct-2022 13:08:22 ] [Length] student : 2 / msg : 
[ 23-Oct-2022 13:09:37 ] [Add] student : 30 [C] 
[ 23-Oct-2022 13:09:37 ] [Add] student : 29 [C] 5
[ 23-Oct-2022 13:09:37 ] [Length] student : 2 / msg : 
[ 23-Oct-2022 13:11:04 ] [ ressource ] {"ip":"127.0.0.1","ressource":"\/admin"}
[ 23-Oct-2022 13:11:05 ] [Total] []
[ 23-Oct-2022 13:11:39 ] [ ressource ] {"ip":"127.0.0.1","ressource":"\/promotion"}
[ 23-Oct-2022 13:11:39 ] [Total] []
[ 23-Oct-2022 13:11:44 ] [ ressource ] {"ip":"127.0.0.1","ressource":"\/admin"}
[ 23-Oct-2022 13:11:44 ] [Total] []
[ 23-Oct-2022 13:14:00 ] [ ressource ] {"ip":"127.0.0.1","ressource":"\/admin"}
[ 23-Oct-2022 13:14:00 ] [Total] []
[ 23-Oct-2022 13:14:41 ] [ ressource ] {"ip":"127.0.0.1","ressource":"\/admin"}
[ 23-Oct-2022 13:14:41 ] [Total] []
[ 23-Oct-2022 13:16:10 ] [ ressource ] {"ip":"127.0.0.1","ressource":"\/admin"}
[ 23-Oct-2022 13:16:10 ] [Total] []
[ 23-Oct-2022 13:16:16 ] [ ressource ] {"ip":"127.0.0.1","ressource":"\/admin"}
[ 23-Oct-2022 13:16:16 ] [Total] []
[ 23-Oct-2022 13:37:46 ] [ ressource ] {"ip":"127.0.0.1","ressource":"\/"}
[ 23-Oct-2022 13:39:43 ] [ ressource ] {"ip":"127.0.0.1","ressource":"\/"}
[ 23-Oct-2022 13:39:59 ] [ ressource ] {"ip":"127.0.0.1","ressource":"\/"}
[ 23-Oct-2022 13:41:01 ] [ ressource ] {"ip":"127.0.0.1","ressource":"\/"}
[ 23-Oct-2022 13:42:41 ] [ ressource ] {"ip":"127.0.0.1","ressource":"\/"}
[ 23-Oct-2022 13:43:40 ] [ ressource ] {"ip":"127.0.0.1","ressource":"\/"}
[ 23-Oct-2022 13:45:52 ] [ ressource ] {"ip":"127.0.0.1","ressource":"\/"}
[ 23-Oct-2022 13:45:52 ] [Total] []
[ 23-Oct-2022 13:46:00 ] [ ressource ] {"ip":"127.0.0.1","ressource":"\/academic-year"}
[ 23-Oct-2022 13:46:01 ] [Total] []
[ 23-Oct-2022 13:46:21 ] [ ressource ] {"ip":"127.0.0.1","ressource":"\/"}
[ 23-Oct-2022 13:46:21 ] [Total] []
[ 23-Oct-2022 14:26:56 ] [Total] []
[ 23-Oct-2022 14:27:20 ] [Total] []
[ 23-Oct-2022 14:27:27 ] [ ressource ] {"ip":"127.0.0.1","ressource":"\/"}
[ 23-Oct-2022 14:27:41 ] [Total] []
[ 23-Oct-2022 14:27:47 ] [Total] []
[ 23-Oct-2022 14:28:00 ] [Total] []
[ 23-Oct-2022 14:28:29 ] [Access] []
[ 23-Oct-2022 14:28:30 ] [Total] []
[ 23-Oct-2022 14:28:48 ] [Access ->] []
[ 23-Oct-2022 14:28:49 ] [Total] []
[ 23-Oct-2022 14:29:45 ] [Total] []
[ 23-Oct-2022 14:30:16 ] [Access ->] [] / 1
[ 23-Oct-2022 14:30:16 ] [Total] []
[ 23-Oct-2022 14:31:57 ] [Access ->] [] / 1
[ 23-Oct-2022 14:31:57 ] [Total] []
[ 23-Oct-2022 14:34:09 ] [Access ->] [] / 1
[ 23-Oct-2022 14:34:09 ] [Total] []
[ 23-Oct-2022 14:36:27 ] [Access ->] [] / 1
[ 23-Oct-2022 14:36:27 ] [Total] []
[ 23-Oct-2022 14:37:28 ] [Access ->] ["\/","\/course","\/admin","\/academic-year","\/faculty","\/promotion","\/room","\/teacher","\/student","\/course","\/notes","\/users"] / 
[ 23-Oct-2022 14:37:29 ] [Total] []
[ 23-Oct-2022 14:47:52 ] [Total] []
[ 23-Oct-2022 14:48:38 ] [Total] []
[ 23-Oct-2022 14:50:09 ] [Fetch] Academic -> 4
[ 23-Oct-2022 14:50:09 ] [Fetch] Academic -> 4
[ 23-Oct-2022 14:50:09 ] [Fetch] Academic -> 4
[ 23-Oct-2022 14:50:09 ] [Fetch] Academic -> 4
[ 23-Oct-2022 14:50:09 ] [Fetch] Academic -> 4
[ 23-Oct-2022 14:50:09 ] [Fetch] Academic -> 4
[ 23-Oct-2022 14:50:09 ] [Fetch] Academic -> 4
[ 23-Oct-2022 14:50:09 ] [Fetch] Academic -> 4
[ 23-Oct-2022 14:50:09 ] [Fetch] Academic -> 4
[ 23-Oct-2022 14:50:09 ] [Fetch] Academic -> 4
[ 23-Oct-2022 14:50:09 ] [Fetch] Academic -> 4
[ 23-Oct-2022 14:50:09 ] [Fetch] Academic -> 4
[ 23-Oct-2022 14:50:09 ] [Fetch] Academic -> 4
[ 23-Oct-2022 14:50:09 ] [Fetch] Academic -> 4
[ 23-Oct-2022 14:50:10 ] [Fetch] Academic -> 4
[ 23-Oct-2022 14:50:10 ] [Fetch] Academic -> 4
[ 23-Oct-2022 14:50:10 ] [Fetch] Academic -> 4
[ 23-Oct-2022 14:50:10 ] [Fetch] Academic -> 4
[ 23-Oct-2022 14:50:10 ] [Fetch] Academic -> 4
[ 23-Oct-2022 14:50:10 ] [Fetch] Academic -> 4
[ 23-Oct-2022 14:50:10 ] [Fetch] Academic -> 4
[ 23-Oct-2022 14:50:10 ] [Fetch] Academic -> 4
[ 23-Oct-2022 14:50:10 ] [Fetch] Academic -> 4
[ 23-Oct-2022 14:50:10 ] [Fetch] Academic -> 4
[ 23-Oct-2022 14:50:10 ] [Fetch] Academic -> 4
[ 23-Oct-2022 14:50:10 ] [Fetch] Academic -> 4
[ 23-Oct-2022 14:50:10 ] [Fetch] Academic -> 4
[ 23-Oct-2022 14:50:10 ] [Fetch] Academic -> 4
[ 23-Oct-2022 14:50:10 ] [Fetch] Academic -> 4
[ 23-Oct-2022 14:50:10 ] [Fetch] Academic -> 4
[ 23-Oct-2022 14:50:10 ] [Fetch] Academic -> 4
[ 23-Oct-2022 14:50:10 ] [Fetch] Academic -> 4
[ 23-Oct-2022 14:50:10 ] [Fetch] Academic -> 4
[ 23-Oct-2022 14:50:10 ] [Fetch] Academic -> 4
[ 23-Oct-2022 14:50:11 ] [Fetch] Academic -> 4
[ 23-Oct-2022 14:50:11 ] [Fetch] Academic -> 4
[ 23-Oct-2022 14:50:11 ] [Fetch] Academic -> 4
[ 23-Oct-2022 14:50:11 ] [Fetch] Academic -> 4
[ 23-Oct-2022 14:50:11 ] [Fetch] Academic -> 4
[ 23-Oct-2022 14:50:11 ] [Total] []
[ 23-Oct-2022 14:50:12 ] [Fetch] Academic -> 4
[ 23-Oct-2022 14:50:12 ] [Fetch] Academic -> 4
[ 23-Oct-2022 14:50:12 ] [Fetch] Academic -> 4
[ 23-Oct-2022 14:50:12 ] [Fetch] Academic -> 4
[ 23-Oct-2022 14:52:20 ] [Fetch] Academic -> 4
[ 23-Oct-2022 14:52:21 ] [Fetch] Academic -> 4
[ 23-Oct-2022 14:52:21 ] [Fetch] Academic -> 4
[ 23-Oct-2022 14:52:21 ] [Fetch] Academic -> 4
[ 23-Oct-2022 14:52:21 ] [Fetch] Academic -> 4
[ 23-Oct-2022 14:52:21 ] [Fetch] Academic -> 4
[ 23-Oct-2022 14:52:21 ] [Fetch] Academic -> 4
[ 23-Oct-2022 14:52:21 ] [Fetch] Academic -> 4
[ 23-Oct-2022 14:52:21 ] [Fetch] Academic -> 4
[ 23-Oct-2022 14:52:21 ] [Fetch] Academic -> 4
[ 23-Oct-2022 14:52:21 ] [Fetch] Academic -> 4
[ 23-Oct-2022 14:52:21 ] [Fetch] Academic -> 4
[ 23-Oct-2022 14:52:21 ] [Fetch] Academic -> 4
[ 23-Oct-2022 14:52:22 ] [Fetch] Academic -> 4
[ 23-Oct-2022 14:52:22 ] [Fetch] Academic -> 4
[ 23-Oct-2022 14:52:22 ] [Fetch] Academic -> 4
[ 23-Oct-2022 14:52:22 ] [Fetch] Academic -> 4
[ 23-Oct-2022 14:52:22 ] [Fetch] Academic -> 4
[ 23-Oct-2022 14:52:22 ] [Fetch] Academic -> 4
[ 23-Oct-2022 14:52:22 ] [Fetch] Academic -> 4
[ 23-Oct-2022 14:52:22 ] [Fetch] Academic -> 4
[ 23-Oct-2022 14:52:22 ] [Fetch] Academic -> 4
[ 23-Oct-2022 14:52:22 ] [Fetch] Academic -> 4
[ 23-Oct-2022 14:52:22 ] [Fetch] Academic -> 4
[ 23-Oct-2022 14:52:22 ] [Fetch] Academic -> 4
[ 23-Oct-2022 14:52:22 ] [Fetch] Academic -> 4
[ 23-Oct-2022 14:52:22 ] [Fetch] Academic -> 4
[ 23-Oct-2022 14:52:23 ] [Fetch] Academic -> 4
[ 23-Oct-2022 14:52:23 ] [Fetch] Academic -> 4
[ 23-Oct-2022 14:52:23 ] [Fetch] Academic -> 4
[ 23-Oct-2022 14:52:23 ] [Fetch] Academic -> 4
[ 23-Oct-2022 14:52:23 ] [Fetch] Academic -> 4
[ 23-Oct-2022 14:52:23 ] [Fetch] Academic -> 4
[ 23-Oct-2022 14:52:23 ] [Fetch] Academic -> 4
[ 23-Oct-2022 14:52:23 ] [Fetch] Academic -> 4
[ 23-Oct-2022 14:52:24 ] [Fetch] Academic -> 4
[ 23-Oct-2022 14:52:24 ] [Fetch] Academic -> 4
[ 23-Oct-2022 14:52:24 ] [Fetch] Academic -> 4
[ 23-Oct-2022 14:52:24 ] [Fetch] Academic -> 4
[ 23-Oct-2022 14:52:24 ] [Total] []
[ 23-Oct-2022 14:52:24 ] [Fetch] Academic -> 4
[ 23-Oct-2022 14:52:24 ] [Fetch] Academic -> 4
[ 23-Oct-2022 14:52:24 ] [Fetch] Academic -> 4
[ 23-Oct-2022 14:52:24 ] [Fetch] Academic -> 4
[ 23-Oct-2022 14:54:38 ] [Fetch] Academic -> 4 / 0.0.0
[ 23-Oct-2022 14:54:39 ] [Fetch] Academic -> 4 / 0.0.0
[ 23-Oct-2022 14:54:39 ] [Fetch] Academic -> 4 / 0.0.0
[ 23-Oct-2022 14:54:39 ] [Fetch] Academic -> 4 / 0.0.0
[ 23-Oct-2022 14:54:39 ] [Fetch] Academic -> 4 / 0.0.0
[ 23-Oct-2022 14:54:39 ] [Fetch] Academic -> 4 / 0.0.0
[ 23-Oct-2022 14:54:39 ] [Fetch] Academic -> 4 / 0.0.0
[ 23-Oct-2022 14:54:39 ] [Fetch] Academic -> 4 / 0.0.0
[ 23-Oct-2022 14:54:39 ] [Fetch] Academic -> 4 / 0.0.0
[ 23-Oct-2022 14:54:39 ] [Fetch] Academic -> 4 / 0.0.0
[ 23-Oct-2022 14:54:39 ] [Fetch] Academic -> 4 / 0.0.0
[ 23-Oct-2022 14:54:39 ] [Fetch] Academic -> 4 / 0.0.0
[ 23-Oct-2022 14:54:39 ] [Fetch] Academic -> 4 / 0.0.0
[ 23-Oct-2022 14:54:39 ] [Fetch] Academic -> 4 / 0.0.0
[ 23-Oct-2022 14:54:39 ] [Fetch] Academic -> 4 / 0.0.0
[ 23-Oct-2022 14:54:39 ] [Fetch] Academic -> 4 / 0.0.0
[ 23-Oct-2022 14:54:39 ] [Fetch] Academic -> 4 / 0.0.0
[ 23-Oct-2022 14:54:39 ] [Fetch] Academic -> 4 / 0.0.0
[ 23-Oct-2022 14:54:39 ] [Fetch] Academic -> 4 / 0.0.0
[ 23-Oct-2022 14:54:39 ] [Fetch] Academic -> 4 / 0.0.0
[ 23-Oct-2022 14:54:39 ] [Fetch] Academic -> 4 / 0.0.0
[ 23-Oct-2022 14:54:40 ] [Fetch] Academic -> 4 / 0.0.0
[ 23-Oct-2022 14:54:40 ] [Fetch] Academic -> 4 / 0.0.0
[ 23-Oct-2022 14:54:40 ] [Fetch] Academic -> 4 / 0.0.0
[ 23-Oct-2022 14:54:40 ] [Fetch] Academic -> 4 / 0.0.0
[ 23-Oct-2022 14:54:40 ] [Fetch] Academic -> 4 / 0.0.0
[ 23-Oct-2022 14:54:40 ] [Fetch] Academic -> 4 / 0.0.0
[ 23-Oct-2022 14:54:40 ] [Fetch] Academic -> 4 / 0.0.0
[ 23-Oct-2022 14:54:40 ] [Fetch] Academic -> 4 / 0.0.0
[ 23-Oct-2022 14:54:40 ] [Fetch] Academic -> 4 / 0.0.0
[ 23-Oct-2022 14:54:40 ] [Fetch] Academic -> 4 / 0.0.0
[ 23-Oct-2022 14:54:40 ] [Fetch] Academic -> 4 / 0.0.0
[ 23-Oct-2022 14:54:40 ] [Fetch] Academic -> 4 / 0.0.0
[ 23-Oct-2022 14:54:40 ] [Fetch] Academic -> 4 / 0.0.0
[ 23-Oct-2022 14:54:40 ] [Fetch] Academic -> 4 / 0.0.0
[ 23-Oct-2022 14:54:40 ] [Fetch] Academic -> 4 / 0.0.0
[ 23-Oct-2022 14:54:40 ] [Fetch] Academic -> 4 / 0.0.0
[ 23-Oct-2022 14:54:40 ] [Fetch] Academic -> 4 / 0.0.0
[ 23-Oct-2022 14:54:41 ] [Fetch] Academic -> 4 / 0.0.0
[ 23-Oct-2022 14:54:41 ] [Total] []
[ 23-Oct-2022 14:54:42 ] [Fetch] Academic -> 4 / 0.0.0
[ 23-Oct-2022 14:54:42 ] [Fetch] Academic -> 4 / 0.0.0
[ 23-Oct-2022 14:54:42 ] [Fetch] Academic -> 4 / 0.0.0
[ 23-Oct-2022 14:54:42 ] [Fetch] Academic -> 4 / 0.0.0
[ 23-Oct-2022 14:55:39 ] [Fetch] Academic -> 4 / 0.0.0
[ 23-Oct-2022 14:55:40 ] [Fetch] Academic -> 4 / 0.0.0
[ 23-Oct-2022 14:55:40 ] [Fetch] Academic -> 4 / 0.0.0
[ 23-Oct-2022 14:55:40 ] [Fetch] Academic -> 4 / 0.0.0
[ 23-Oct-2022 14:55:40 ] [Fetch] Academic -> 4 / 0.0.0
[ 23-Oct-2022 14:55:40 ] [Fetch] Academic -> 4 / 0.0.0
[ 23-Oct-2022 14:55:40 ] [Fetch] Academic -> 4 / 0.0.0
[ 23-Oct-2022 14:55:40 ] [Fetch] Academic -> 4 / 0.0.0
[ 23-Oct-2022 14:55:40 ] [Fetch] Academic -> 4 / 0.0.0
[ 23-Oct-2022 14:55:40 ] [Fetch] Academic -> 4 / 0.0.0
[ 23-Oct-2022 14:55:40 ] [Fetch] Academic -> 4 / 0.0.0
[ 23-Oct-2022 14:55:40 ] [Fetch] Academic -> 4 / 0.0.0
[ 23-Oct-2022 14:55:40 ] [Fetch] Academic -> 4 / 0.0.0
[ 23-Oct-2022 14:55:40 ] [Fetch] Academic -> 4 / 0.0.0
[ 23-Oct-2022 14:55:40 ] [Fetch] Academic -> 4 / 0.0.0
[ 23-Oct-2022 14:55:41 ] [Fetch] Academic -> 4 / 0.0.0
[ 23-Oct-2022 14:55:41 ] [Fetch] Academic -> 4 / 0.0.0
[ 23-Oct-2022 14:55:41 ] [Fetch] Academic -> 4 / 0.0.0
[ 23-Oct-2022 14:55:41 ] [Fetch] Academic -> 4 / 0.0.0
[ 23-Oct-2022 14:55:41 ] [Fetch] Academic -> 4 / 0.0.0
[ 23-Oct-2022 14:55:41 ] [Fetch] Academic -> 4 / 0.0.0
[ 23-Oct-2022 14:55:41 ] [Fetch] Academic -> 4 / 0.0.0
[ 23-Oct-2022 14:55:41 ] [Fetch] Academic -> 4 / 0.0.0
[ 23-Oct-2022 14:55:41 ] [Fetch] Academic -> 4 / 0.0.0
[ 23-Oct-2022 14:55:41 ] [Fetch] Academic -> 4 / 0.0.0
[ 23-Oct-2022 14:55:41 ] [Fetch] Academic -> 4 / 0.0.0
[ 23-Oct-2022 14:55:41 ] [Fetch] Academic -> 4 / 0.0.0
[ 23-Oct-2022 14:55:41 ] [Fetch] Academic -> 4 / 0.0.0
[ 23-Oct-2022 14:55:41 ] [Fetch] Academic -> 4 / 0.0.0
[ 23-Oct-2022 14:55:41 ] [Fetch] Academic -> 4 / 0.0.0
[ 23-Oct-2022 14:55:41 ] [Fetch] Academic -> 4 / 0.0.0
[ 23-Oct-2022 14:55:41 ] [Fetch] Academic -> 4 / 0.0.0
[ 23-Oct-2022 14:55:41 ] [Fetch] Academic -> 4 / 0.0.0
[ 23-Oct-2022 14:55:41 ] [Fetch] Academic -> 4 / 0.0.0
[ 23-Oct-2022 14:55:42 ] [Fetch] Academic -> 4 / 0.0.0
[ 23-Oct-2022 14:55:42 ] [Fetch] Academic -> 4 / 0.0.0
[ 23-Oct-2022 14:55:42 ] [Fetch] Academic -> 4 / 0.0.0
[ 23-Oct-2022 14:55:42 ] [Fetch] Academic -> 4 / 0.0.0
[ 23-Oct-2022 14:55:42 ] [Fetch] Academic -> 4 / 0.0.0
[ 23-Oct-2022 14:55:59 ] [Fetch] Academic -> 4 / 0.0.0
[ 23-Oct-2022 14:56:00 ] [Fetch] Academic -> 4 / 0.0.0
[ 23-Oct-2022 14:56:00 ] [Fetch] Academic -> 4 / 0.0.0
[ 23-Oct-2022 14:56:00 ] [Fetch] Academic -> 4 / 0.0.0
[ 23-Oct-2022 14:56:00 ] [Fetch] Academic -> 4 / 0.0.0
[ 23-Oct-2022 14:56:00 ] [Fetch] Academic -> 4 / 0.0.0
[ 23-Oct-2022 14:56:00 ] [Fetch] Academic -> 4 / 0.0.0
[ 23-Oct-2022 14:56:00 ] [Fetch] Academic -> 4 / 0.0.0
[ 23-Oct-2022 14:56:00 ] [Fetch] Academic -> 4 / 0.0.0
[ 23-Oct-2022 14:56:00 ] [Fetch] Academic -> 4 / 0.0.0
[ 23-Oct-2022 14:56:00 ] [Fetch] Academic -> 4 / 0.0.0
[ 23-Oct-2022 14:56:00 ] [Fetch] Academic -> 4 / 0.0.0
[ 23-Oct-2022 14:56:00 ] [Fetch] Academic -> 4 / 0.0.0
[ 23-Oct-2022 14:56:00 ] [Fetch] Academic -> 4 / 0.0.0
[ 23-Oct-2022 14:56:01 ] [Fetch] Academic -> 4 / 0.0.0
[ 23-Oct-2022 14:56:01 ] [Fetch] Academic -> 4 / 0.0.0
[ 23-Oct-2022 14:56:01 ] [Fetch] Academic -> 4 / 0.0.0
[ 23-Oct-2022 14:56:01 ] [Fetch] Academic -> 4 / 0.0.0
[ 23-Oct-2022 14:56:01 ] [Fetch] Academic -> 4 / 0.0.0
[ 23-Oct-2022 14:56:01 ] [Fetch] Academic -> 4 / 0.0.0
[ 23-Oct-2022 14:56:01 ] [Fetch] Academic -> 4 / 0.0.0
[ 23-Oct-2022 14:56:01 ] [Fetch] Academic -> 4 / 0.0.0
[ 23-Oct-2022 14:56:01 ] [Fetch] Academic -> 4 / 0.0.0
[ 23-Oct-2022 14:56:01 ] [Fetch] Academic -> 4 / 0.0.0
[ 23-Oct-2022 14:56:01 ] [Fetch] Academic -> 4 / 0.0.0
[ 23-Oct-2022 14:56:01 ] [Fetch] Academic -> 4 / 0.0.0
[ 23-Oct-2022 14:56:01 ] [Fetch] Academic -> 4 / 0.0.0
[ 23-Oct-2022 14:56:01 ] [Fetch] Academic -> 4 / 0.0.0
[ 23-Oct-2022 14:56:01 ] [Fetch] Academic -> 4 / 0.0.0
[ 23-Oct-2022 14:56:01 ] [Fetch] Academic -> 4 / 0.0.0
[ 23-Oct-2022 14:56:01 ] [Fetch] Academic -> 4 / 0.0.0
[ 23-Oct-2022 14:56:01 ] [Fetch] Academic -> 4 / 0.0.0
[ 23-Oct-2022 14:56:01 ] [Fetch] Academic -> 4 / 0.0.0
[ 23-Oct-2022 14:56:01 ] [Fetch] Academic -> 4 / 0.0.0
[ 23-Oct-2022 14:56:02 ] [Fetch] Academic -> 4 / 0.0.0
[ 23-Oct-2022 14:56:02 ] [Fetch] Academic -> 4 / 0.0.0
[ 23-Oct-2022 14:56:02 ] [Fetch] Academic -> 4 / 0.0.0
[ 23-Oct-2022 14:56:02 ] [Fetch] Academic -> 4 / 0.0.0
[ 23-Oct-2022 14:56:02 ] [Fetch] Academic -> 0 / 1.0.44
[ 23-Oct-2022 14:56:02 ] [Total] []
[ 23-Oct-2022 15:00:16 ] [Fetch] Academic -> 4 / 0.0.0
[ 23-Oct-2022 15:00:16 ] [Fetch] Academic -> 4 / 0.0.0
[ 23-Oct-2022 15:00:17 ] [Fetch] Academic -> 4 / 0.0.0
[ 23-Oct-2022 15:00:18 ] [Fetch] Academic -> 4 / 0.0.0
[ 23-Oct-2022 15:00:19 ] [Fetch] Academic -> 4 / 0.0.0
[ 23-Oct-2022 15:00:19 ] [Fetch] Academic -> 4 / 0.0.0
[ 23-Oct-2022 15:00:19 ] [Fetch] Academic -> 4 / 0.0.0
[ 23-Oct-2022 15:00:19 ] [Fetch] Academic -> 4 / 0.0.0
[ 23-Oct-2022 15:00:19 ] [Fetch] Academic -> 4 / 0.0.0
[ 23-Oct-2022 15:00:19 ] [Fetch] Academic -> 4 / 0.0.0
[ 23-Oct-2022 15:00:19 ] [Fetch] Academic -> 4 / 0.0.0
[ 23-Oct-2022 15:00:19 ] [Fetch] Academic -> 4 / 0.0.0
[ 23-Oct-2022 15:00:19 ] [Fetch] Academic -> 4 / 0.0.0
[ 23-Oct-2022 15:00:19 ] [Fetch] Academic -> 4 / 0.0.0
[ 23-Oct-2022 15:00:19 ] [Fetch] Academic -> 4 / 0.0.0
[ 23-Oct-2022 15:00:19 ] [Fetch] Academic -> 4 / 0.0.0
[ 23-Oct-2022 15:00:19 ] [Fetch] Academic -> 4 / 0.0.0
[ 23-Oct-2022 15:00:19 ] [Fetch] Academic -> 4 / 0.0.0
[ 23-Oct-2022 15:00:20 ] [Fetch] Academic -> 4 / 0.0.0
[ 23-Oct-2022 15:00:20 ] [ ressource ] {"ip":"127.0.0.1","ressource":"\/"}
[ 23-Oct-2022 15:00:20 ] [Fetch] Academic -> 4 / 0.0.0
[ 23-Oct-2022 15:00:20 ] [Fetch] Academic -> 4 / 0.0.0
[ 23-Oct-2022 15:00:20 ] [Fetch] Academic -> 4 / 0.0.0
[ 23-Oct-2022 15:00:20 ] [Fetch] Academic -> 4 / 0.0.0
[ 23-Oct-2022 15:00:20 ] [Fetch] Academic -> 4 / 0.0.0
[ 23-Oct-2022 15:00:20 ] [Fetch] Academic -> 4 / 0.0.0
[ 23-Oct-2022 15:00:20 ] [Fetch] Academic -> 4 / 0.0.0
[ 23-Oct-2022 15:00:20 ] [Fetch] Academic -> 4 / 0.0.0
[ 23-Oct-2022 15:00:20 ] [Fetch] Academic -> 4 / 0.0.0
[ 23-Oct-2022 15:00:20 ] [Fetch] Academic -> 4 / 0.0.0
[ 23-Oct-2022 15:00:21 ] [Fetch] Academic -> 4 / 0.0.0
[ 23-Oct-2022 15:00:21 ] [Fetch] Academic -> 4 / 0.0.0
[ 23-Oct-2022 15:00:21 ] [Fetch] Academic -> 4 / 0.0.0
[ 23-Oct-2022 15:00:21 ] [Fetch] Academic -> 4 / 0.0.0
[ 23-Oct-2022 15:00:21 ] [Fetch] Academic -> 4 / 0.0.0
[ 23-Oct-2022 15:00:21 ] [Fetch] Academic -> 4 / 0.0.0
[ 23-Oct-2022 15:00:21 ] [Fetch] Academic -> 4 / 0.0.0
[ 23-Oct-2022 15:00:22 ] [Fetch] Academic -> 4 / 0.0.0
[ 23-Oct-2022 15:00:22 ] [Fetch] Academic -> 4 / 0.0.0
[ 23-Oct-2022 15:00:22 ] [Fetch] Academic -> 4 / 0.0.0
[ 23-Oct-2022 15:00:22 ] [Fetch] Academic -> 4 / 0.0.0
[ 23-Oct-2022 15:00:22 ] [Fetch] Academic -> 4 / 0.0.0
[ 23-Oct-2022 15:00:22 ] [Fetch] Academic -> 4 / 0.0.0
[ 23-Oct-2022 15:00:22 ] [Fetch] Academic -> 4 / 0.0.0
[ 23-Oct-2022 15:00:22 ] [Fetch] Academic -> 4 / 0.0.0
[ 23-Oct-2022 15:00:22 ] [Fetch] Academic -> 4 / 0.0.0
[ 23-Oct-2022 15:00:22 ] [ ressource ] {"ip":"127.0.0.1","ressource":"\/"}
[ 23-Oct-2022 15:00:22 ] [Fetch] Academic -> 4 / 0.0.0
[ 23-Oct-2022 15:00:22 ] [Fetch] Academic -> 4 / 0.0.0
[ 23-Oct-2022 15:00:22 ] [Fetch] Academic -> 4 / 0.0.0
[ 23-Oct-2022 15:00:22 ] [Fetch] Academic -> 4 / 0.0.0
[ 23-Oct-2022 15:00:22 ] [Fetch] Academic -> 4 / 0.0.0
[ 23-Oct-2022 15:00:22 ] [Fetch] Academic -> 4 / 0.0.0
[ 23-Oct-2022 15:00:22 ] [Fetch] Academic -> 4 / 0.0.0
[ 23-Oct-2022 15:00:22 ] [Fetch] Academic -> 4 / 0.0.0
[ 23-Oct-2022 15:00:23 ] [Fetch] Academic -> 4 / 0.0.0
[ 23-Oct-2022 15:00:23 ] [Fetch] Academic -> 4 / 0.0.0
[ 23-Oct-2022 15:00:25 ] [Fetch] Academic -> 4 / 0.0.0
[ 23-Oct-2022 15:00:26 ] [Fetch] Academic -> 4 / 0.0.0
[ 23-Oct-2022 15:00:26 ] [Fetch] Academic -> 4 / 0.0.0
[ 23-Oct-2022 15:00:26 ] [Fetch] Academic -> 4 / 0.0.0
[ 23-Oct-2022 15:00:26 ] [Fetch] Academic -> 4 / 0.0.0
[ 23-Oct-2022 15:00:26 ] [Fetch] Academic -> 4 / 0.0.0
[ 23-Oct-2022 15:00:26 ] [Fetch] Academic -> 4 / 0.0.0
[ 23-Oct-2022 15:00:26 ] [Fetch] Academic -> 4 / 0.0.0
[ 23-Oct-2022 15:00:26 ] [Fetch] Academic -> 4 / 0.0.0
[ 23-Oct-2022 15:00:26 ] [Fetch] Academic -> 4 / 0.0.0
[ 23-Oct-2022 15:00:26 ] [Fetch] Academic -> 4 / 0.0.0
[ 23-Oct-2022 15:00:26 ] [Fetch] Academic -> 4 / 0.0.0
[ 23-Oct-2022 15:00:26 ] [Fetch] Academic -> 4 / 0.0.0
[ 23-Oct-2022 15:00:26 ] [Fetch] Academic -> 4 / 0.0.0
[ 23-Oct-2022 15:00:26 ] [Fetch] Academic -> 4 / 0.0.0
[ 23-Oct-2022 15:00:27 ] [Fetch] Academic -> 4 / 0.0.0
[ 23-Oct-2022 15:00:27 ] [Fetch] Academic -> 4 / 0.0.0
[ 23-Oct-2022 15:00:27 ] [Fetch] Academic -> 4 / 0.0.0
[ 23-Oct-2022 15:00:27 ] [Fetch] Academic -> 4 / 0.0.0
[ 23-Oct-2022 15:00:27 ] [Fetch] Academic -> 4 / 0.0.0
[ 23-Oct-2022 15:00:27 ] [Fetch] Academic -> 4 / 0.0.0
[ 23-Oct-2022 15:00:30 ] [Fetch] Academic -> 4 / 0.0.0
[ 23-Oct-2022 15:00:31 ] [Fetch] Academic -> 4 / 0.0.0
[ 23-Oct-2022 15:00:31 ] [Fetch] Academic -> 4 / 0.0.0
[ 23-Oct-2022 15:00:31 ] [Fetch] Academic -> 4 / 0.0.0
[ 23-Oct-2022 15:00:31 ] [Fetch] Academic -> 4 / 0.0.0
[ 23-Oct-2022 15:00:31 ] [Fetch] Academic -> 4 / 0.0.0
[ 23-Oct-2022 15:00:31 ] [Fetch] Academic -> 4 / 0.0.0
[ 23-Oct-2022 15:00:31 ] [Fetch] Academic -> 4 / 0.0.0
[ 23-Oct-2022 15:00:31 ] [Fetch] Academic -> 4 / 0.0.0
[ 23-Oct-2022 15:00:31 ] [Fetch] Academic -> 4 / 0.0.0
[ 23-Oct-2022 15:00:32 ] [Fetch] Academic -> 4 / 0.0.0
[ 23-Oct-2022 15:00:32 ] [Fetch] Academic -> 4 / 0.0.0
[ 23-Oct-2022 15:00:32 ] [Fetch] Academic -> 4 / 0.0.0
[ 23-Oct-2022 15:00:32 ] [Fetch] Academic -> 4 / 0.0.0
[ 23-Oct-2022 15:00:32 ] [Fetch] Academic -> 4 / 0.0.0
[ 23-Oct-2022 15:00:32 ] [Fetch] Academic -> 4 / 0.0.0
[ 23-Oct-2022 15:00:32 ] [Fetch] Academic -> 4 / 0.0.0
[ 23-Oct-2022 15:00:32 ] [Fetch] Academic -> 4 / 0.0.0
[ 23-Oct-2022 15:00:32 ] [Fetch] Academic -> 4 / 0.0.0
[ 23-Oct-2022 15:00:32 ] [Fetch] Academic -> 4 / 0.0.0
[ 23-Oct-2022 15:00:32 ] [Fetch] Academic -> 4 / 0.0.0
[ 23-Oct-2022 15:00:32 ] [Fetch] Academic -> 4 / 0.0.0
[ 23-Oct-2022 15:00:32 ] [Fetch] Academic -> 4 / 0.0.0
[ 23-Oct-2022 15:00:32 ] [Fetch] Academic -> 4 / 0.0.0
[ 23-Oct-2022 15:00:32 ] [Fetch] Academic -> 4 / 0.0.0
[ 23-Oct-2022 15:00:32 ] [Fetch] Academic -> 4 / 0.0.0
[ 23-Oct-2022 15:00:32 ] [Fetch] Academic -> 4 / 0.0.0
[ 23-Oct-2022 15:00:32 ] [Fetch] Academic -> 4 / 0.0.0
[ 23-Oct-2022 15:00:32 ] [Fetch] Academic -> 4 / 0.0.0
[ 23-Oct-2022 15:00:32 ] [Fetch] Academic -> 4 / 0.0.0
[ 23-Oct-2022 15:00:32 ] [Fetch] Academic -> 4 / 0.0.0
[ 23-Oct-2022 15:00:32 ] [Fetch] Academic -> 4 / 0.0.0
[ 23-Oct-2022 15:00:32 ] [Fetch] Academic -> 4 / 0.0.0
[ 23-Oct-2022 15:00:32 ] [Fetch] Academic -> 4 / 0.0.0
[ 23-Oct-2022 15:00:33 ] [Fetch] Academic -> 4 / 0.0.0
[ 23-Oct-2022 15:00:33 ] [Fetch] Academic -> 4 / 0.0.0
[ 23-Oct-2022 15:00:33 ] [Fetch] Academic -> 4 / 0.0.0
[ 23-Oct-2022 15:00:33 ] [Fetch] Academic -> 4 / 0.0.0
[ 23-Oct-2022 15:00:33 ] [Fetch] Academic -> 4 / 0.0.0
[ 23-Oct-2022 15:00:33 ] [Fetch] Academic -> 4 / 0.0.0
[ 23-Oct-2022 15:00:58 ] [Fetch] Academic -> 4 / 0.0.0
[ 23-Oct-2022 15:00:58 ] [Fetch] Academic -> 4 / 0.0.0
[ 23-Oct-2022 15:00:58 ] [Fetch] Academic -> 4 / 0.0.0
[ 23-Oct-2022 15:00:58 ] [Fetch] Academic -> 4 / 0.0.0
[ 23-Oct-2022 15:00:58 ] [Fetch] Academic -> 4 / 0.0.0
[ 23-Oct-2022 15:00:58 ] [Fetch] Academic -> 4 / 0.0.0
[ 23-Oct-2022 15:00:59 ] [Fetch] Academic -> 4 / 0.0.0
[ 23-Oct-2022 15:00:59 ] [Fetch] Academic -> 4 / 0.0.0
[ 23-Oct-2022 15:00:59 ] [Fetch] Academic -> 4 / 0.0.0
[ 23-Oct-2022 15:00:59 ] [Fetch] Academic -> 4 / 0.0.0
[ 23-Oct-2022 15:00:59 ] [Fetch] Academic -> 4 / 0.0.0
[ 23-Oct-2022 15:00:59 ] [Fetch] Academic -> 4 / 0.0.0
[ 23-Oct-2022 15:00:59 ] [Fetch] Academic -> 4 / 0.0.0
[ 23-Oct-2022 15:00:59 ] [Fetch] Academic -> 4 / 0.0.0
[ 23-Oct-2022 15:00:59 ] [Fetch] Academic -> 4 / 0.0.0
[ 23-Oct-2022 15:00:59 ] [Fetch] Academic -> 4 / 0.0.0
[ 23-Oct-2022 15:00:59 ] [Fetch] Academic -> 4 / 0.0.0
[ 23-Oct-2022 15:00:59 ] [Fetch] Academic -> 4 / 0.0.0
[ 23-Oct-2022 15:00:59 ] [Fetch] Academic -> 4 / 0.0.0
[ 23-Oct-2022 15:00:59 ] [Fetch] Academic -> 4 / 0.0.0
[ 23-Oct-2022 15:00:59 ] [Fetch] Academic -> 4 / 0.0.0
[ 23-Oct-2022 15:00:59 ] [Fetch] Academic -> 4 / 0.0.0
[ 23-Oct-2022 15:00:59 ] [Fetch] Academic -> 4 / 0.0.0
[ 23-Oct-2022 15:00:59 ] [Fetch] Academic -> 4 / 0.0.0
[ 23-Oct-2022 15:00:59 ] [Fetch] Academic -> 4 / 0.0.0
[ 23-Oct-2022 15:00:59 ] [Fetch] Academic -> 4 / 0.0.0
[ 23-Oct-2022 15:00:59 ] [Fetch] Academic -> 4 / 0.0.0
[ 23-Oct-2022 15:00:59 ] [Fetch] Academic -> 4 / 0.0.0
[ 23-Oct-2022 15:00:59 ] [Fetch] Academic -> 4 / 0.0.0
[ 23-Oct-2022 15:00:59 ] [Fetch] Academic -> 4 / 0.0.0
[ 23-Oct-2022 15:01:00 ] [Fetch] Academic -> 4 / 0.0.0
[ 23-Oct-2022 15:01:00 ] [Fetch] Academic -> 4 / 0.0.0
[ 23-Oct-2022 15:01:00 ] [Fetch] Academic -> 4 / 0.0.0
[ 23-Oct-2022 15:01:00 ] [Fetch] Academic -> 4 / 0.0.0
[ 23-Oct-2022 15:01:00 ] [Fetch] Academic -> 4 / 0.0.0
[ 23-Oct-2022 15:01:00 ] [Fetch] Academic -> 4 / 0.0.0
[ 23-Oct-2022 15:01:00 ] [Fetch] Academic -> 4 / 0.0.0
[ 23-Oct-2022 15:01:00 ] [Fetch] Academic -> 4 / 0.0.0
[ 23-Oct-2022 15:01:01 ] [Fetch] Academic -> 4 / 0.0.0
[ 23-Oct-2022 15:01:01 ] [Total] []
[ 23-Oct-2022 15:01:01 ] [Fetch] Academic -> 4 / 0.0.0
[ 23-Oct-2022 15:01:01 ] [Fetch] Academic -> 4 / 0.0.0
[ 23-Oct-2022 15:01:19 ] [Fetch] Academic -> 4 / 0.0.0
[ 23-Oct-2022 15:01:19 ] [Fetch] Academic -> 4 / 0.0.0
[ 23-Oct-2022 15:01:19 ] [Fetch] Academic -> 4 / 0.0.0
[ 23-Oct-2022 15:01:20 ] [Fetch] Academic -> 4 / 0.0.0
[ 23-Oct-2022 15:01:20 ] [Fetch] Academic -> 4 / 0.0.0
[ 23-Oct-2022 15:01:20 ] [Fetch] Academic -> 4 / 0.0.0
[ 23-Oct-2022 15:01:20 ] [Fetch] Academic -> 4 / 0.0.0
[ 23-Oct-2022 15:01:20 ] [Fetch] Academic -> 4 / 0.0.0
[ 23-Oct-2022 15:01:20 ] [Fetch] Academic -> 4 / 0.0.0
[ 23-Oct-2022 15:01:20 ] [Fetch] Academic -> 4 / 0.0.0
[ 23-Oct-2022 15:01:20 ] [Fetch] Academic -> 4 / 0.0.0
[ 23-Oct-2022 15:01:20 ] [Fetch] Academic -> 4 / 0.0.0
[ 23-Oct-2022 15:01:20 ] [Fetch] Academic -> 4 / 0.0.0
[ 23-Oct-2022 15:01:20 ] [Fetch] Academic -> 4 / 0.0.0
[ 23-Oct-2022 15:01:20 ] [Fetch] Academic -> 4 / 0.0.0
[ 23-Oct-2022 15:01:20 ] [Fetch] Academic -> 4 / 0.0.0
[ 23-Oct-2022 15:01:20 ] [Fetch] Academic -> 4 / 0.0.0
[ 23-Oct-2022 15:01:20 ] [Fetch] Academic -> 4 / 0.0.0
[ 23-Oct-2022 15:01:20 ] [Fetch] Academic -> 4 / 0.0.0
[ 23-Oct-2022 15:01:20 ] [Fetch] Academic -> 4 / 0.0.0
[ 23-Oct-2022 15:01:20 ] [Fetch] Academic -> 4 / 0.0.0
[ 23-Oct-2022 15:01:20 ] [Fetch] Academic -> 4 / 0.0.0
[ 23-Oct-2022 15:01:20 ] [Fetch] Academic -> 4 / 0.0.0
[ 23-Oct-2022 15:01:20 ] [Fetch] Academic -> 4 / 0.0.0
[ 23-Oct-2022 15:01:20 ] [Fetch] Academic -> 4 / 0.0.0
[ 23-Oct-2022 15:01:20 ] [Fetch] Academic -> 4 / 0.0.0
[ 23-Oct-2022 15:01:20 ] [Fetch] Academic -> 4 / 0.0.0
[ 23-Oct-2022 15:01:21 ] [Fetch] Academic -> 4 / 0.0.0
[ 23-Oct-2022 15:01:21 ] [Fetch] Academic -> 4 / 0.0.0
[ 23-Oct-2022 15:01:21 ] [Fetch] Academic -> 4 / 0.0.0
[ 23-Oct-2022 15:01:21 ] [Fetch] Academic -> 4 / 0.0.0
[ 23-Oct-2022 15:01:21 ] [Fetch] Academic -> 4 / 0.0.0
[ 23-Oct-2022 15:01:21 ] [Fetch] Academic -> 4 / 0.0.0
[ 23-Oct-2022 15:01:21 ] [Fetch] Academic -> 4 / 0.0.0
[ 23-Oct-2022 15:01:21 ] [Fetch] Academic -> 4 / 0.0.0
[ 23-Oct-2022 15:01:21 ] [Fetch] Academic -> 4 / 0.0.0
[ 23-Oct-2022 15:01:21 ] [Fetch] Academic -> 4 / 0.0.0
[ 23-Oct-2022 15:01:21 ] [Fetch] Academic -> 4 / 0.0.0
[ 23-Oct-2022 15:01:21 ] [Fetch] Academic -> 0 / 1.0.44
[ 23-Oct-2022 15:01:21 ] [Total] []
[ 23-Oct-2022 15:01:22 ] [Fetch] Academic -> 4 / 0.0.0
[ 23-Oct-2022 15:01:22 ] [Fetch] Academic -> 4 / 0.0.0
[ 23-Oct-2022 15:01:46 ] [Fetch] Academic -> 4 / 0.0.0
[ 23-Oct-2022 15:01:47 ] [Fetch] Academic -> 4 / 0.0.0
[ 23-Oct-2022 15:01:47 ] [Fetch] Academic -> 4 / 0.0.0
[ 23-Oct-2022 15:01:47 ] [Fetch] Academic -> 4 / 0.0.0
[ 23-Oct-2022 15:01:47 ] [Fetch] Academic -> 4 / 0.0.0
[ 23-Oct-2022 15:01:47 ] [Fetch] Academic -> 4 / 0.0.0
[ 23-Oct-2022 15:01:47 ] [Fetch] Academic -> 4 / 0.0.0
[ 23-Oct-2022 15:01:47 ] [Fetch] Academic -> 4 / 0.0.0
[ 23-Oct-2022 15:01:47 ] [Fetch] Academic -> 4 / 0.0.0
[ 23-Oct-2022 15:01:47 ] [Fetch] Academic -> 4 / 0.0.0
[ 23-Oct-2022 15:01:47 ] [Fetch] Academic -> 4 / 0.0.0
[ 23-Oct-2022 15:01:47 ] [Fetch] Academic -> 4 / 0.0.0
[ 23-Oct-2022 15:01:47 ] [Fetch] Academic -> 4 / 0.0.0
[ 23-Oct-2022 15:01:47 ] [Fetch] Academic -> 4 / 0.0.0
[ 23-Oct-2022 15:01:47 ] [Fetch] Academic -> 4 / 0.0.0
[ 23-Oct-2022 15:01:48 ] [Fetch] Academic -> 4 / 0.0.0
[ 23-Oct-2022 15:01:48 ] [Fetch] Academic -> 4 / 0.0.0
[ 23-Oct-2022 15:01:48 ] [Fetch] Academic -> 4 / 0.0.0
[ 23-Oct-2022 15:01:48 ] [Fetch] Academic -> 4 / 0.0.0
[ 23-Oct-2022 15:01:48 ] [Fetch] Academic -> 4 / 0.0.0
[ 23-Oct-2022 15:01:48 ] [Fetch] Academic -> 4 / 0.0.0
[ 23-Oct-2022 15:01:48 ] [Fetch] Academic -> 4 / 0.0.0
[ 23-Oct-2022 15:01:48 ] [Fetch] Academic -> 4 / 0.0.0
[ 23-Oct-2022 15:01:48 ] [Fetch] Academic -> 4 / 0.0.0
[ 23-Oct-2022 15:01:48 ] [Fetch] Academic -> 4 / 0.0.0
[ 23-Oct-2022 15:01:48 ] [Fetch] Academic -> 4 / 0.0.0
[ 23-Oct-2022 15:01:48 ] [Fetch] Academic -> 4 / 0.0.0
[ 23-Oct-2022 15:01:48 ] [Fetch] Academic -> 4 / 0.0.0
[ 23-Oct-2022 15:01:49 ] [Fetch] Academic -> 4 / 0.0.0
[ 23-Oct-2022 15:01:49 ] [Fetch] Academic -> 4 / 0.0.0
[ 23-Oct-2022 15:01:49 ] [Fetch] Academic -> 4 / 0.0.0
[ 23-Oct-2022 15:01:49 ] [Fetch] Academic -> 4 / 0.0.0
[ 23-Oct-2022 15:01:49 ] [Fetch] Academic -> 4 / 0.0.0
[ 23-Oct-2022 15:01:49 ] [Fetch] Academic -> 4 / 0.0.0
[ 23-Oct-2022 15:01:49 ] [Fetch] Academic -> 4 / 0.0.0
[ 23-Oct-2022 15:01:49 ] [Fetch] Academic -> 4 / 0.0.0
[ 23-Oct-2022 15:01:49 ] [Fetch] Academic -> 4 / 0.0.0
[ 23-Oct-2022 15:01:49 ] [Fetch] Academic -> 4 / 0.0.0
[ 23-Oct-2022 15:01:49 ] [Fetch] Academic -> 0 / 1.0.44
[ 23-Oct-2022 15:01:49 ] [Total] []
[ 23-Oct-2022 15:01:50 ] [Fetch] Academic -> 4 / 0.0.0
[ 23-Oct-2022 15:01:50 ] [Fetch] Academic -> 4 / 0.0.0
[ 23-Oct-2022 15:01:59 ] [Fetch] Academic -> 4 / 0.0.0
[ 23-Oct-2022 15:01:59 ] [Fetch] Academic -> 0 / 1.0.44
[ 23-Oct-2022 15:01:59 ] [Total] []
[ 23-Oct-2022 15:02:11 ] [Fetch] Academic -> 4 / 0.0.0
[ 23-Oct-2022 15:02:11 ] [Fetch] Academic -> 4 / 0.0.0
[ 23-Oct-2022 15:02:11 ] [Fetch] Academic -> 4 / 0.0.0
[ 23-Oct-2022 15:02:11 ] [Fetch] Academic -> 4 / 0.0.0
[ 23-Oct-2022 15:02:11 ] [Fetch] Academic -> 4 / 0.0.0
[ 23-Oct-2022 15:02:11 ] [Fetch] Academic -> 4 / 0.0.0
[ 23-Oct-2022 15:02:11 ] [Fetch] Academic -> 4 / 0.0.0
[ 23-Oct-2022 15:02:11 ] [Fetch] Academic -> 4 / 0.0.0
[ 23-Oct-2022 15:02:11 ] [Fetch] Academic -> 4 / 0.0.0
[ 23-Oct-2022 15:02:35 ] [Fetch] Academic -> 4 / 0.0.0
[ 23-Oct-2022 15:02:36 ] [Fetch] Academic -> 0 / 1.0.44
[ 23-Oct-2022 15:02:36 ] [Total] []
[ 23-Oct-2022 15:02:36 ] [Fetch] Academic -> 4 / 0.0.0
[ 23-Oct-2022 15:02:36 ] [Fetch] Academic -> 4 / 0.0.0
[ 23-Oct-2022 15:02:36 ] [Fetch] Academic -> 4 / 0.0.0
[ 23-Oct-2022 15:02:36 ] [Fetch] Academic -> 4 / 0.0.0
[ 23-Oct-2022 15:02:36 ] [Fetch] Academic -> 4 / 0.0.0
[ 23-Oct-2022 15:02:42 ] [Fetch] Academic -> 4 / 0.0.0
[ 23-Oct-2022 15:02:42 ] [Fetch] Academic -> 0 / 1.0.44
[ 23-Oct-2022 15:02:42 ] [Total] []
[ 23-Oct-2022 15:02:44 ] [Fetch] Academic -> 4 / 0.0.0
[ 23-Oct-2022 15:02:44 ] [Fetch] Academic -> 0 / 1.0.44
[ 23-Oct-2022 15:02:44 ] [Total] []
[ 23-Oct-2022 15:02:44 ] [Fetch] Academic -> 4 / 0.0.0
[ 23-Oct-2022 15:02:44 ] [Fetch] Academic -> 4 / 0.0.0
[ 23-Oct-2022 15:02:45 ] [Fetch] Academic -> 4 / 0.0.0
[ 23-Oct-2022 15:02:45 ] [Fetch] Academic -> 0 / 1.0.44
[ 23-Oct-2022 15:02:45 ] [Total] []
[ 23-Oct-2022 15:02:46 ] [Fetch] Academic -> 4 / 0.0.0
[ 23-Oct-2022 15:02:51 ] [Fetch] Academic -> 4 / 0.0.0
[ 23-Oct-2022 15:02:51 ] [Fetch] Academic -> 4 / 0.0.0
[ 23-Oct-2022 15:03:19 ] [Fetch] Academic -> 4 / 0.0.0
[ 23-Oct-2022 15:03:19 ] [Fetch] Academic -> 4 / 0.0.0
[ 23-Oct-2022 15:03:19 ] [Fetch] Academic -> 4 / 0.0.0
[ 23-Oct-2022 15:03:19 ] [Fetch] Academic -> 4 / 0.0.0
[ 23-Oct-2022 15:03:26 ] [Fetch] Academic -> 4 / 0.0.0
[ 23-Oct-2022 15:03:26 ] [Fetch] Academic -> 4 / 0.0.0
[ 23-Oct-2022 15:03:26 ] [Fetch] Academic -> 4 / 0.0.0
[ 23-Oct-2022 15:03:26 ] [Fetch] Academic -> 4 / 0.0.0
[ 23-Oct-2022 15:03:27 ] [Fetch] Academic -> 4 / 0.0.0
[ 23-Oct-2022 15:03:28 ] [Fetch] Academic -> 4 / 0.0.0
[ 23-Oct-2022 15:03:28 ] [Fetch] Academic -> 4 / 0.0.0
[ 23-Oct-2022 15:03:28 ] [Fetch] Academic -> 4 / 0.0.0
[ 23-Oct-2022 15:03:28 ] [Fetch] Academic -> 4 / 0.0.0
[ 23-Oct-2022 15:03:28 ] [Fetch] Academic -> 4 / 0.0.0
[ 23-Oct-2022 15:03:28 ] [Fetch] Academic -> 4 / 0.0.0
[ 23-Oct-2022 15:03:28 ] [Fetch] Academic -> 4 / 0.0.0
[ 23-Oct-2022 15:03:28 ] [Fetch] Academic -> 4 / 0.0.0
[ 23-Oct-2022 15:03:28 ] [Fetch] Academic -> 4 / 0.0.0
[ 23-Oct-2022 15:03:28 ] [Fetch] Academic -> 4 / 0.0.0
[ 23-Oct-2022 15:03:28 ] [Fetch] Academic -> 4 / 0.0.0
[ 23-Oct-2022 15:03:28 ] [Fetch] Academic -> 4 / 0.0.0
[ 23-Oct-2022 15:03:28 ] [Fetch] Academic -> 4 / 0.0.0
[ 23-Oct-2022 15:03:28 ] [Fetch] Academic -> 4 / 0.0.0
[ 23-Oct-2022 15:03:28 ] [Fetch] Academic -> 4 / 0.0.0
[ 23-Oct-2022 15:03:28 ] [Fetch] Academic -> 4 / 0.0.0
[ 23-Oct-2022 15:03:28 ] [Fetch] Academic -> 4 / 0.0.0
[ 23-Oct-2022 15:03:28 ] [Fetch] Academic -> 4 / 0.0.0
[ 23-Oct-2022 15:03:28 ] [Fetch] Academic -> 4 / 0.0.0
[ 23-Oct-2022 15:03:28 ] [Fetch] Academic -> 4 / 0.0.0
[ 23-Oct-2022 15:03:28 ] [Fetch] Academic -> 4 / 0.0.0
[ 23-Oct-2022 15:03:28 ] [Fetch] Academic -> 4 / 0.0.0
[ 23-Oct-2022 15:03:29 ] [Fetch] Academic -> 4 / 0.0.0
[ 23-Oct-2022 15:03:29 ] [Fetch] Academic -> 4 / 0.0.0
[ 23-Oct-2022 15:03:29 ] [Fetch] Academic -> 4 / 0.0.0
[ 23-Oct-2022 15:03:29 ] [Fetch] Academic -> 4 / 0.0.0
[ 23-Oct-2022 15:03:29 ] [Fetch] Academic -> 4 / 0.0.0
[ 23-Oct-2022 15:03:29 ] [Fetch] Academic -> 4 / 0.0.0
[ 23-Oct-2022 15:03:29 ] [Fetch] Academic -> 4 / 0.0.0
[ 23-Oct-2022 15:03:29 ] [Fetch] Academic -> 4 / 0.0.0
[ 23-Oct-2022 15:03:29 ] [Fetch] Academic -> 4 / 0.0.0
[ 23-Oct-2022 15:03:29 ] [Fetch] Academic -> 4 / 0.0.0
[ 23-Oct-2022 15:03:29 ] [Fetch] Academic -> 4 / 0.0.0
[ 23-Oct-2022 15:03:29 ] [Fetch] Academic -> 4 / 0.0.0
[ 23-Oct-2022 15:03:29 ] [Fetch] Academic -> 4 / 0.0.0
[ 23-Oct-2022 15:03:29 ] [Fetch] Academic -> 4 / 0.0.0
[ 23-Oct-2022 15:03:29 ] [Fetch] Academic -> 4 / 0.0.0
[ 23-Oct-2022 15:03:29 ] [Fetch] Academic -> 0 / 1.0.44
[ 23-Oct-2022 15:03:29 ] [Total] []
[ 23-Oct-2022 15:03:30 ] [Fetch] Academic -> 4 / 0.0.0
[ 23-Oct-2022 15:03:30 ] [Fetch] Academic -> 4 / 0.0.0
[ 23-Oct-2022 15:03:30 ] [Fetch] Academic -> 4 / 0.0.0
[ 23-Oct-2022 15:03:30 ] [Fetch] Academic -> 4 / 0.0.0
[ 23-Oct-2022 15:03:30 ] [Fetch] Academic -> 4 / 0.0.0
[ 23-Oct-2022 15:03:30 ] [Fetch] Academic -> 4 / 0.0.0
[ 23-Oct-2022 15:03:34 ] [Fetch] Academic -> 4 / 0.0.0
[ 23-Oct-2022 15:03:34 ] [Fetch] Academic -> 0 / 1.0.44
[ 23-Oct-2022 15:03:34 ] [Total] []
[ 23-Oct-2022 15:03:34 ] [Fetch] Academic -> 4 / 0.0.0
[ 23-Oct-2022 15:03:34 ] [Fetch] Academic -> 4 / 0.0.0
[ 23-Oct-2022 15:10:33 ] [Fetch] Academic -> 4 / 0.0.0
[ 23-Oct-2022 15:10:33 ] [Fetch] Academic -> 4 / 0.0.0
[ 23-Oct-2022 15:10:34 ] [Fetch] Academic -> 4 / 0.0.0
[ 23-Oct-2022 15:10:37 ] [Fetch] Academic -> 4 / 0.0.0
[ 23-Oct-2022 15:10:37 ] [Fetch] Academic -> 4 / 0.0.0
[ 23-Oct-2022 15:10:37 ] [Fetch] Academic -> 4 / 0.0.0
[ 23-Oct-2022 15:10:37 ] [Fetch] Academic -> 4 / 0.0.0
[ 23-Oct-2022 15:10:37 ] [Fetch] Academic -> 4 / 0.0.0
[ 23-Oct-2022 15:10:37 ] [Fetch] Academic -> 4 / 0.0.0
[ 23-Oct-2022 15:10:37 ] [Fetch] Academic -> 4 / 0.0.0
[ 23-Oct-2022 15:10:37 ] [Fetch] Academic -> 4 / 0.0.0
[ 23-Oct-2022 15:10:37 ] [Fetch] Academic -> 4 / 0.0.0
[ 23-Oct-2022 15:10:37 ] [Fetch] Academic -> 4 / 0.0.0
[ 23-Oct-2022 15:10:37 ] [Fetch] Academic -> 4 / 0.0.0
[ 23-Oct-2022 15:10:37 ] [Fetch] Academic -> 4 / 0.0.0
[ 23-Oct-2022 15:10:37 ] [Fetch] Academic -> 4 / 0.0.0
[ 23-Oct-2022 15:10:37 ] [Fetch] Academic -> 4 / 0.0.0
[ 23-Oct-2022 15:10:38 ] [Fetch] Academic -> 4 / 0.0.0
[ 23-Oct-2022 15:10:38 ] [Fetch] Academic -> 4 / 0.0.0
[ 23-Oct-2022 15:10:38 ] [ ressource ] {"ip":"127.0.0.1","ressource":"\/"}
[ 23-Oct-2022 15:10:38 ] [Fetch] Academic -> 4 / 0.0.0
[ 23-Oct-2022 15:10:38 ] [Fetch] Academic -> 4 / 0.0.0
[ 23-Oct-2022 15:10:38 ] [Fetch] Academic -> 4 / 0.0.0
[ 23-Oct-2022 15:10:38 ] [Fetch] Academic -> 4 / 0.0.0
[ 23-Oct-2022 15:10:38 ] [Fetch] Academic -> 4 / 0.0.0
[ 23-Oct-2022 15:10:38 ] [Fetch] Academic -> 4 / 0.0.0
[ 23-Oct-2022 15:10:38 ] [Fetch] Academic -> 4 / 0.0.0
[ 23-Oct-2022 15:10:38 ] [Fetch] Academic -> 4 / 0.0.0
[ 23-Oct-2022 15:10:38 ] [Fetch] Academic -> 4 / 0.0.0
[ 23-Oct-2022 15:10:38 ] [Fetch] Academic -> 4 / 0.0.0
[ 23-Oct-2022 15:10:40 ] [Fetch] Academic -> 4 / 0.0.0
[ 23-Oct-2022 15:10:41 ] [Fetch] Academic -> 4 / 0.0.0
[ 23-Oct-2022 15:10:41 ] [Fetch] Academic -> 4 / 0.0.0
[ 23-Oct-2022 15:10:41 ] [Fetch] Academic -> 4 / 0.0.0
[ 23-Oct-2022 15:10:41 ] [Fetch] Academic -> 4 / 0.0.0
[ 23-Oct-2022 15:10:41 ] [Fetch] Academic -> 4 / 0.0.0
[ 23-Oct-2022 15:10:41 ] [Fetch] Academic -> 4 / 0.0.0
[ 23-Oct-2022 15:10:41 ] [Fetch] Academic -> 4 / 0.0.0
[ 23-Oct-2022 15:10:41 ] [Fetch] Academic -> 4 / 0.0.0
[ 23-Oct-2022 15:10:41 ] [Fetch] Academic -> 4 / 0.0.0
[ 23-Oct-2022 15:10:41 ] [Fetch] Academic -> 4 / 0.0.0
[ 23-Oct-2022 15:10:41 ] [Fetch] Academic -> 4 / 0.0.0
[ 23-Oct-2022 15:10:41 ] [Fetch] Academic -> 4 / 0.0.0
[ 23-Oct-2022 15:10:41 ] [Fetch] Academic -> 4 / 0.0.0
[ 23-Oct-2022 15:10:41 ] [Fetch] Academic -> 4 / 0.0.0
[ 23-Oct-2022 15:10:41 ] [Fetch] Academic -> 4 / 0.0.0
[ 23-Oct-2022 15:10:41 ] [Fetch] Academic -> 4 / 0.0.0
[ 23-Oct-2022 15:10:41 ] [Fetch] Academic -> 4 / 0.0.0
[ 23-Oct-2022 15:10:41 ] [Fetch] Academic -> 4 / 0.0.0
[ 23-Oct-2022 15:10:41 ] [Fetch] Academic -> 4 / 0.0.0
[ 23-Oct-2022 15:10:41 ] [Fetch] Academic -> 4 / 0.0.0
[ 23-Oct-2022 15:10:45 ] [Fetch] Academic -> 4 / 0.0.0
[ 23-Oct-2022 15:10:45 ] [Fetch] Academic -> 4 / 0.0.0
[ 23-Oct-2022 15:10:46 ] [Fetch] Academic -> 4 / 0.0.0
[ 23-Oct-2022 15:10:46 ] [Fetch] Academic -> 4 / 0.0.0
[ 23-Oct-2022 15:10:46 ] [Fetch] Academic -> 4 / 0.0.0
[ 23-Oct-2022 15:10:46 ] [Fetch] Academic -> 4 / 0.0.0
[ 23-Oct-2022 15:10:46 ] [Fetch] Academic -> 4 / 0.0.0
[ 23-Oct-2022 15:10:46 ] [Fetch] Academic -> 4 / 0.0.0
[ 23-Oct-2022 15:10:46 ] [Fetch] Academic -> 4 / 0.0.0
[ 23-Oct-2022 15:10:46 ] [Fetch] Academic -> 4 / 0.0.0
[ 23-Oct-2022 15:10:46 ] [Fetch] Academic -> 4 / 0.0.0
[ 23-Oct-2022 15:10:46 ] [Fetch] Academic -> 4 / 0.0.0
[ 23-Oct-2022 15:10:46 ] [Fetch] Academic -> 4 / 0.0.0
[ 23-Oct-2022 15:10:46 ] [Fetch] Academic -> 4 / 0.0.0
[ 23-Oct-2022 15:10:46 ] [Fetch] Academic -> 4 / 0.0.0
[ 23-Oct-2022 15:10:46 ] [Fetch] Academic -> 4 / 0.0.0
[ 23-Oct-2022 15:10:46 ] [Fetch] Academic -> 4 / 0.0.0
[ 23-Oct-2022 15:10:46 ] [Fetch] Academic -> 4 / 0.0.0
[ 23-Oct-2022 15:10:46 ] [Fetch] Academic -> 4 / 0.0.0
[ 23-Oct-2022 15:10:46 ] [Fetch] Academic -> 4 / 0.0.0
[ 23-Oct-2022 15:10:47 ] [Fetch] Academic -> 4 / 0.0.0
[ 23-Oct-2022 15:10:47 ] [Fetch] Academic -> 4 / 0.0.0
[ 23-Oct-2022 15:10:47 ] [Fetch] Academic -> 4 / 0.0.0
[ 23-Oct-2022 15:10:47 ] [Fetch] Academic -> 4 / 0.0.0
[ 23-Oct-2022 15:10:47 ] [Fetch] Academic -> 4 / 0.0.0
[ 23-Oct-2022 15:10:47 ] [Fetch] Academic -> 4 / 0.0.0
[ 23-Oct-2022 15:10:47 ] [Fetch] Academic -> 4 / 0.0.0
[ 23-Oct-2022 15:10:47 ] [Fetch] Academic -> 4 / 0.0.0
[ 23-Oct-2022 15:10:47 ] [Fetch] Academic -> 4 / 0.0.0
[ 23-Oct-2022 15:10:47 ] [Fetch] Academic -> 4 / 0.0.0
[ 23-Oct-2022 15:10:47 ] [Fetch] Academic -> 4 / 0.0.0
[ 23-Oct-2022 15:10:47 ] [Fetch] Academic -> 4 / 0.0.0
[ 23-Oct-2022 15:10:47 ] [Fetch] Academic -> 4 / 0.0.0
[ 23-Oct-2022 15:10:47 ] [Fetch] Academic -> 4 / 0.0.0
[ 23-Oct-2022 15:10:47 ] [Fetch] Academic -> 4 / 0.0.0
[ 23-Oct-2022 15:10:47 ] [Fetch] Academic -> 4 / 0.0.0
[ 23-Oct-2022 15:10:48 ] [Fetch] Academic -> 4 / 0.0.0
[ 23-Oct-2022 15:10:48 ] [Fetch] Academic -> 4 / 0.0.0
[ 23-Oct-2022 15:10:48 ] [Fetch] Academic -> 4 / 0.0.0
[ 23-Oct-2022 15:10:48 ] [Fetch] Academic -> 4 / 0.0.0
[ 23-Oct-2022 15:10:48 ] [Total] []
[ 23-Oct-2022 15:10:48 ] [Fetch] Academic -> 4 / 0.0.0
[ 23-Oct-2022 15:10:48 ] [Fetch] Academic -> 4 / 0.0.0
[ 23-Oct-2022 15:10:51 ] [Fetch] Academic -> 4 / 0.0.0
[ 23-Oct-2022 15:10:51 ] [Fetch] Academic -> 4 / 0.0.0
[ 23-Oct-2022 15:10:51 ] [Fetch] Academic -> 4 / 0.0.0
[ 23-Oct-2022 15:10:51 ] [Fetch] Academic -> 4 / 0.0.0
[ 23-Oct-2022 15:10:51 ] [Fetch] Academic -> 4 / 0.0.0
[ 23-Oct-2022 15:10:52 ] [Fetch] Academic -> 4 / 0.0.0
[ 23-Oct-2022 15:10:52 ] [Fetch] Academic -> 4 / 0.0.0
[ 23-Oct-2022 15:10:52 ] [Fetch] Academic -> 4 / 0.0.0
[ 23-Oct-2022 15:10:52 ] [Fetch] Academic -> 4 / 0.0.0
[ 23-Oct-2022 15:10:52 ] [Fetch] Academic -> 4 / 0.0.0
[ 23-Oct-2022 15:10:52 ] [Fetch] Academic -> 4 / 0.0.0
[ 23-Oct-2022 15:10:52 ] [Fetch] Academic -> 4 / 0.0.0
[ 23-Oct-2022 15:10:52 ] [Fetch] Academic -> 4 / 0.0.0
[ 23-Oct-2022 15:10:52 ] [Fetch] Academic -> 4 / 0.0.0
[ 23-Oct-2022 15:10:52 ] [Fetch] Academic -> 4 / 0.0.0
[ 23-Oct-2022 15:10:52 ] [Fetch] Academic -> 4 / 0.0.0
[ 23-Oct-2022 15:10:52 ] [Fetch] Academic -> 4 / 0.0.0
[ 23-Oct-2022 15:10:52 ] [Fetch] Academic -> 4 / 0.0.0
[ 23-Oct-2022 15:10:52 ] [Fetch] Academic -> 4 / 0.0.0
[ 23-Oct-2022 15:10:52 ] [Fetch] Academic -> 4 / 0.0.0
[ 23-Oct-2022 15:10:52 ] [Fetch] Academic -> 4 / 0.0.0
[ 23-Oct-2022 15:10:52 ] [Fetch] Academic -> 4 / 0.0.0
[ 23-Oct-2022 15:10:52 ] [Fetch] Academic -> 4 / 0.0.0
[ 23-Oct-2022 15:10:52 ] [Fetch] Academic -> 4 / 0.0.0
[ 23-Oct-2022 15:10:52 ] [Fetch] Academic -> 4 / 0.0.0
[ 23-Oct-2022 15:10:52 ] [Fetch] Academic -> 4 / 0.0.0
[ 23-Oct-2022 15:10:52 ] [Fetch] Academic -> 4 / 0.0.0
[ 23-Oct-2022 15:10:52 ] [Fetch] Academic -> 4 / 0.0.0
[ 23-Oct-2022 15:10:52 ] [Fetch] Academic -> 4 / 0.0.0
[ 23-Oct-2022 15:10:52 ] [Fetch] Academic -> 4 / 0.0.0
[ 23-Oct-2022 15:10:52 ] [Fetch] Academic -> 4 / 0.0.0
[ 23-Oct-2022 15:10:52 ] [Fetch] Academic -> 4 / 0.0.0
[ 23-Oct-2022 15:10:52 ] [Fetch] Academic -> 4 / 0.0.0
[ 23-Oct-2022 15:10:53 ] [Fetch] Academic -> 4 / 0.0.0
[ 23-Oct-2022 15:10:53 ] [Fetch] Academic -> 4 / 0.0.0
[ 23-Oct-2022 15:10:53 ] [Fetch] Academic -> 4 / 0.0.0
[ 23-Oct-2022 15:10:53 ] [Fetch] Academic -> 0 / 1.0.44
[ 23-Oct-2022 15:10:53 ] [Fetch] Academic -> 4 / 0.0.0
[ 23-Oct-2022 15:10:53 ] [Total] []
[ 23-Oct-2022 15:10:53 ] [Fetch] Academic -> 4 / 0.0.0
[ 23-Oct-2022 15:10:53 ] [Fetch] Academic -> 4 / 0.0.0
[ 23-Oct-2022 15:10:53 ] [Fetch] Academic -> 4 / 0.0.0
[ 23-Oct-2022 15:12:08 ] [Fetch] Academic -> 4 / 0.0.0
[ 23-Oct-2022 15:12:08 ] [Fetch] Academic -> 4 / 0.0.0
[ 23-Oct-2022 15:12:08 ] [Fetch] Academic -> 4 / 0.0.0
[ 23-Oct-2022 15:12:09 ] [Fetch] Academic -> 4 / 0.0.0
[ 23-Oct-2022 15:12:09 ] [Fetch] Academic -> 4 / 0.0.0
[ 23-Oct-2022 15:12:09 ] [Fetch] Academic -> 4 / 0.0.0
[ 23-Oct-2022 15:12:09 ] [Fetch] Academic -> 4 / 0.0.0
[ 23-Oct-2022 15:12:09 ] [Fetch] Academic -> 4 / 0.0.0
[ 23-Oct-2022 15:12:09 ] [Fetch] Academic -> 4 / 0.0.0
[ 23-Oct-2022 15:12:09 ] [Fetch] Academic -> 4 / 0.0.0
[ 23-Oct-2022 15:12:09 ] [Fetch] Academic -> 4 / 0.0.0
[ 23-Oct-2022 15:12:09 ] [Fetch] Academic -> 4 / 0.0.0
[ 23-Oct-2022 15:12:09 ] [Fetch] Academic -> 4 / 0.0.0
[ 23-Oct-2022 15:12:09 ] [Fetch] Academic -> 4 / 0.0.0
[ 23-Oct-2022 15:12:09 ] [Fetch] Academic -> 4 / 0.0.0
[ 23-Oct-2022 15:12:09 ] [Fetch] Academic -> 4 / 0.0.0
[ 23-Oct-2022 15:12:09 ] [Fetch] Academic -> 4 / 0.0.0
[ 23-Oct-2022 15:12:09 ] [Fetch] Academic -> 4 / 0.0.0
[ 23-Oct-2022 15:12:09 ] [Fetch] Academic -> 4 / 0.0.0
[ 23-Oct-2022 15:12:09 ] [Fetch] Academic -> 4 / 0.0.0
[ 23-Oct-2022 15:12:09 ] [Fetch] Academic -> 4 / 0.0.0
[ 23-Oct-2022 15:12:09 ] [Fetch] Academic -> 4 / 0.0.0
[ 23-Oct-2022 15:12:09 ] [Fetch] Academic -> 4 / 0.0.0
[ 23-Oct-2022 15:12:09 ] [Fetch] Academic -> 4 / 0.0.0
[ 23-Oct-2022 15:12:09 ] [Fetch] Academic -> 4 / 0.0.0
[ 23-Oct-2022 15:12:09 ] [Fetch] Academic -> 4 / 0.0.0
[ 23-Oct-2022 15:12:09 ] [Fetch] Academic -> 4 / 0.0.0
[ 23-Oct-2022 15:12:09 ] [Fetch] Academic -> 4 / 0.0.0
[ 23-Oct-2022 15:12:09 ] [Fetch] Academic -> 4 / 0.0.0
[ 23-Oct-2022 15:12:10 ] [Fetch] Academic -> 4 / 0.0.0
[ 23-Oct-2022 15:12:10 ] [Fetch] Academic -> 4 / 0.0.0
[ 23-Oct-2022 15:12:10 ] [Fetch] Academic -> 4 / 0.0.0
[ 23-Oct-2022 15:12:10 ] [Fetch] Academic -> 4 / 0.0.0
[ 23-Oct-2022 15:12:10 ] [Fetch] Academic -> 4 / 0.0.0
[ 23-Oct-2022 15:12:10 ] [Fetch] Academic -> 4 / 0.0.0
[ 23-Oct-2022 15:12:10 ] [Fetch] Academic -> 4 / 0.0.0
[ 23-Oct-2022 15:12:10 ] [Fetch] Academic -> 4 / 0.0.0
[ 23-Oct-2022 15:12:10 ] [Fetch] Academic -> 4 / 0.0.0
[ 23-Oct-2022 15:12:10 ] [Fetch] Academic -> 0 / 1.0.44
[ 23-Oct-2022 15:12:10 ] [Total] []
[ 23-Oct-2022 15:12:10 ] [Fetch] Academic -> 4 / 0.0.0
[ 23-Oct-2022 15:12:10 ] [Fetch] Academic -> 4 / 0.0.0
[ 23-Oct-2022 15:13:19 ] [Fetch] Academic -> 4 / 0.0.0
[ 23-Oct-2022 15:13:19 ] [Fetch] Academic -> 4 / 0.0.0
[ 23-Oct-2022 15:13:19 ] [Fetch] Academic -> 4 / 0.0.0
[ 23-Oct-2022 15:13:19 ] [Fetch] Academic -> 4 / 0.0.0
[ 23-Oct-2022 15:13:19 ] [Fetch] Academic -> 4 / 0.0.0
[ 23-Oct-2022 15:13:19 ] [Fetch] Academic -> 4 / 0.0.0
[ 23-Oct-2022 15:13:19 ] [Fetch] Academic -> 4 / 0.0.0
[ 23-Oct-2022 15:13:19 ] [Fetch] Academic -> 4 / 0.0.0
[ 23-Oct-2022 15:13:20 ] [Fetch] Academic -> 4 / 0.0.0
[ 23-Oct-2022 15:13:20 ] [Fetch] Academic -> 4 / 0.0.0
[ 23-Oct-2022 15:13:20 ] [Fetch] Academic -> 4 / 0.0.0
[ 23-Oct-2022 15:13:20 ] [Fetch] Academic -> 4 / 0.0.0
[ 23-Oct-2022 15:13:20 ] [Fetch] Academic -> 4 / 0.0.0
[ 23-Oct-2022 15:13:20 ] [Fetch] Academic -> 4 / 0.0.0
[ 23-Oct-2022 15:13:20 ] [Fetch] Academic -> 4 / 0.0.0
[ 23-Oct-2022 15:13:20 ] [Fetch] Academic -> 4 / 0.0.0
[ 23-Oct-2022 15:13:20 ] [Fetch] Academic -> 4 / 0.0.0
[ 23-Oct-2022 15:13:20 ] [Fetch] Academic -> 4 / 0.0.0
[ 23-Oct-2022 15:13:20 ] [Fetch] Academic -> 4 / 0.0.0
[ 23-Oct-2022 15:13:20 ] [Fetch] Academic -> 4 / 0.0.0
[ 23-Oct-2022 15:13:20 ] [Fetch] Academic -> 4 / 0.0.0
[ 23-Oct-2022 15:13:20 ] [Fetch] Academic -> 4 / 0.0.0
[ 23-Oct-2022 15:13:20 ] [Fetch] Academic -> 4 / 0.0.0
[ 23-Oct-2022 15:13:20 ] [Fetch] Academic -> 4 / 0.0.0
[ 23-Oct-2022 15:13:20 ] [Fetch] Academic -> 4 / 0.0.0
[ 23-Oct-2022 15:13:20 ] [Fetch] Academic -> 4 / 0.0.0
[ 23-Oct-2022 15:13:20 ] [Fetch] Academic -> 4 / 0.0.0
[ 23-Oct-2022 15:13:20 ] [Fetch] Academic -> 4 / 0.0.0
[ 23-Oct-2022 15:13:20 ] [Fetch] Academic -> 4 / 0.0.0
[ 23-Oct-2022 15:13:20 ] [Fetch] Academic -> 4 / 0.0.0
[ 23-Oct-2022 15:13:20 ] [Fetch] Academic -> 4 / 0.0.0
[ 23-Oct-2022 15:13:20 ] [Fetch] Academic -> 4 / 0.0.0
[ 23-Oct-2022 15:13:20 ] [Fetch] Academic -> 4 / 0.0.0
[ 23-Oct-2022 15:13:21 ] [Fetch] Academic -> 4 / 0.0.0
[ 23-Oct-2022 15:13:21 ] [Fetch] Academic -> 4 / 0.0.0
[ 23-Oct-2022 15:13:21 ] [Fetch] Academic -> 4 / 0.0.0
[ 23-Oct-2022 15:13:21 ] [Fetch] Academic -> 4 / 0.0.0
[ 23-Oct-2022 15:13:21 ] [Fetch] Academic -> 4 / 0.0.0
[ 23-Oct-2022 15:13:21 ] [Fetch] Academic -> 0 / 1.0.44
[ 23-Oct-2022 15:13:21 ] [Total] []
[ 23-Oct-2022 15:13:21 ] [Fetch] Academic -> 4 / 0.0.0
[ 23-Oct-2022 15:13:21 ] [Fetch] Academic -> 4 / 0.0.0
[ 23-Oct-2022 15:13:29 ] [Fetch] Academic -> 4 / 0.0.0
[ 23-Oct-2022 15:13:29 ] [Fetch] Academic -> 4 / 0.0.0
[ 23-Oct-2022 15:13:29 ] [Fetch] Academic -> 4 / 0.0.0
[ 23-Oct-2022 15:13:30 ] [Fetch] Academic -> 4 / 0.0.0
[ 23-Oct-2022 15:13:30 ] [Fetch] Academic -> 4 / 0.0.0
[ 23-Oct-2022 15:13:30 ] [Fetch] Academic -> 4 / 0.0.0
[ 23-Oct-2022 15:13:30 ] [Fetch] Academic -> 4 / 0.0.0
[ 23-Oct-2022 15:13:30 ] [Fetch] Academic -> 4 / 0.0.0
[ 23-Oct-2022 15:13:30 ] [Fetch] Academic -> 4 / 0.0.0
[ 23-Oct-2022 15:13:30 ] [Fetch] Academic -> 4 / 0.0.0
[ 23-Oct-2022 15:13:30 ] [Fetch] Academic -> 4 / 0.0.0
[ 23-Oct-2022 15:13:30 ] [Fetch] Academic -> 4 / 0.0.0
[ 23-Oct-2022 15:13:30 ] [Fetch] Academic -> 4 / 0.0.0
[ 23-Oct-2022 15:13:30 ] [Fetch] Academic -> 4 / 0.0.0
[ 23-Oct-2022 15:13:30 ] [Fetch] Academic -> 4 / 0.0.0
[ 23-Oct-2022 15:13:30 ] [Fetch] Academic -> 4 / 0.0.0
[ 23-Oct-2022 15:13:30 ] [Fetch] Academic -> 4 / 0.0.0
[ 23-Oct-2022 15:13:30 ] [Fetch] Academic -> 4 / 0.0.0
[ 23-Oct-2022 15:13:30 ] [Fetch] Academic -> 4 / 0.0.0
[ 23-Oct-2022 15:13:30 ] [Fetch] Academic -> 4 / 0.0.0
[ 23-Oct-2022 15:13:30 ] [Fetch] Academic -> 4 / 0.0.0
[ 23-Oct-2022 15:13:30 ] [Fetch] Academic -> 4 / 0.0.0
[ 23-Oct-2022 15:13:30 ] [Fetch] Academic -> 4 / 0.0.0
[ 23-Oct-2022 15:13:30 ] [Fetch] Academic -> 4 / 0.0.0
[ 23-Oct-2022 15:13:30 ] [Fetch] Academic -> 4 / 0.0.0
[ 23-Oct-2022 15:13:30 ] [Fetch] Academic -> 4 / 0.0.0
[ 23-Oct-2022 15:13:30 ] [Fetch] Academic -> 4 / 0.0.0
[ 23-Oct-2022 15:13:31 ] [Fetch] Academic -> 4 / 0.0.0
[ 23-Oct-2022 15:13:31 ] [Fetch] Academic -> 4 / 0.0.0
[ 23-Oct-2022 15:13:31 ] [Fetch] Academic -> 4 / 0.0.0
[ 23-Oct-2022 15:13:31 ] [Fetch] Academic -> 4 / 0.0.0
[ 23-Oct-2022 15:13:31 ] [Fetch] Academic -> 4 / 0.0.0
[ 23-Oct-2022 15:13:31 ] [Fetch] Academic -> 4 / 0.0.0
[ 23-Oct-2022 15:13:31 ] [Fetch] Academic -> 4 / 0.0.0
[ 23-Oct-2022 15:13:34 ] [Fetch] Academic -> 4 / 0.0.0
[ 23-Oct-2022 15:13:34 ] [Fetch] Academic -> 4 / 0.0.0
[ 23-Oct-2022 15:13:34 ] [Fetch] Academic -> 4 / 0.0.0
[ 23-Oct-2022 15:13:34 ] [Fetch] Academic -> 4 / 0.0.0
[ 23-Oct-2022 15:13:34 ] [Fetch] Academic -> 4 / 0.0.0
[ 23-Oct-2022 15:13:34 ] [Fetch] Academic -> 4 / 0.0.0
[ 23-Oct-2022 15:13:34 ] [Fetch] Academic -> 4 / 0.0.0
[ 23-Oct-2022 15:13:34 ] [Fetch] Academic -> 4 / 0.0.0
[ 23-Oct-2022 15:13:34 ] [Fetch] Academic -> 4 / 0.0.0
[ 23-Oct-2022 15:13:34 ] [Fetch] Academic -> 4 / 0.0.0
[ 23-Oct-2022 15:13:34 ] [Fetch] Academic -> 4 / 0.0.0
[ 23-Oct-2022 15:13:34 ] [Fetch] Academic -> 4 / 0.0.0
[ 23-Oct-2022 15:13:34 ] [Fetch] Academic -> 4 / 0.0.0
[ 23-Oct-2022 15:13:34 ] [Fetch] Academic -> 4 / 0.0.0
[ 23-Oct-2022 15:13:34 ] [Fetch] Academic -> 4 / 0.0.0
[ 23-Oct-2022 15:13:34 ] [Fetch] Academic -> 4 / 0.0.0
[ 23-Oct-2022 15:13:34 ] [Fetch] Academic -> 4 / 0.0.0
[ 23-Oct-2022 15:13:34 ] [Fetch] Academic -> 4 / 0.0.0
[ 23-Oct-2022 15:13:35 ] [Fetch] Academic -> 4 / 0.0.0
[ 23-Oct-2022 15:13:35 ] [Fetch] Academic -> 4 / 0.0.0
[ 23-Oct-2022 15:13:35 ] [Fetch] Academic -> 4 / 0.0.0
[ 23-Oct-2022 15:13:35 ] [Fetch] Academic -> 4 / 0.0.0
[ 23-Oct-2022 15:13:35 ] [Fetch] Academic -> 4 / 0.0.0
[ 23-Oct-2022 15:13:35 ] [Fetch] Academic -> 4 / 0.0.0
[ 23-Oct-2022 15:13:35 ] [Fetch] Academic -> 4 / 0.0.0
[ 23-Oct-2022 15:13:35 ] [Fetch] Academic -> 4 / 0.0.0
[ 23-Oct-2022 15:13:35 ] [Fetch] Academic -> 4 / 0.0.0
[ 23-Oct-2022 15:13:35 ] [Fetch] Academic -> 4 / 0.0.0
[ 23-Oct-2022 15:13:35 ] [Fetch] Academic -> 4 / 0.0.0
[ 23-Oct-2022 15:13:35 ] [Fetch] Academic -> 4 / 0.0.0
[ 23-Oct-2022 15:13:35 ] [Fetch] Academic -> 4 / 0.0.0
[ 23-Oct-2022 15:13:35 ] [Fetch] Academic -> 4 / 0.0.0
[ 23-Oct-2022 15:13:35 ] [Fetch] Academic -> 4 / 0.0.0
[ 23-Oct-2022 15:13:35 ] [Fetch] Academic -> 4 / 0.0.0
[ 23-Oct-2022 15:13:35 ] [Fetch] Academic -> 4 / 0.0.0
[ 23-Oct-2022 15:13:35 ] [Fetch] Academic -> 4 / 0.0.0
[ 23-Oct-2022 15:13:35 ] [Fetch] Academic -> 4 / 0.0.0
[ 23-Oct-2022 15:13:35 ] [Fetch] Academic -> 4 / 0.0.0
[ 23-Oct-2022 15:13:35 ] [Fetch] Academic -> 0 / 1.0.44
[ 23-Oct-2022 15:13:35 ] [Total] []
[ 23-Oct-2022 15:13:36 ] [Fetch] Academic -> 4 / 0.0.0
[ 23-Oct-2022 15:13:36 ] [Fetch] Academic -> 4 / 0.0.0
[ 23-Oct-2022 15:13:41 ] [Fetch] Academic -> 4 / 0.0.0
[ 23-Oct-2022 15:13:41 ] [Fetch] Academic -> 0 / 1.0.44
[ 23-Oct-2022 15:13:41 ] [Total] []
[ 23-Oct-2022 15:13:43 ] [Fetch] Academic -> 4 / 0.0.0
[ 23-Oct-2022 15:13:43 ] [Fetch] Academic -> 4 / 0.0.0
[ 23-Oct-2022 15:13:43 ] [Fetch] Academic -> 4 / 0.0.0
[ 23-Oct-2022 15:13:47 ] [Fetch] Academic -> 4 / 0.0.0
[ 23-Oct-2022 15:13:47 ] [Fetch] Academic -> 0 / 1.0.44
[ 23-Oct-2022 15:13:47 ] [Total] []
[ 23-Oct-2022 15:13:47 ] [Fetch] Academic -> 4 / 0.0.0
[ 23-Oct-2022 15:13:47 ] [Fetch] Academic -> 4 / 0.0.0
[ 23-Oct-2022 15:13:47 ] [Fetch] Academic -> 4 / 0.0.0
[ 23-Oct-2022 15:13:47 ] [Fetch] Academic -> 4 / 0.0.0
[ 23-Oct-2022 15:13:47 ] [Fetch] Academic -> 4 / 0.0.0
[ 23-Oct-2022 15:13:50 ] [Fetch] Academic -> 4 / 0.0.0
[ 23-Oct-2022 15:13:50 ] [Fetch] Academic -> 0 / 1.0.44
[ 23-Oct-2022 15:13:50 ] [Total] []
[ 23-Oct-2022 15:14:00 ] [Fetch] Academic -> 4 / 0.0.0
[ 23-Oct-2022 15:14:00 ] [Fetch] Academic -> 0 / 1.0.44
[ 23-Oct-2022 15:14:00 ] [Total] []
[ 23-Oct-2022 15:14:14 ] [Fetch] Academic -> 4 / 0.0.0
[ 23-Oct-2022 15:14:14 ] [Fetch] Academic -> 4 / 0.0.0
[ 23-Oct-2022 15:14:14 ] [Fetch] Academic -> 4 / 0.0.0
[ 23-Oct-2022 15:14:14 ] [Fetch] Academic -> 4 / 0.0.0
[ 23-Oct-2022 15:14:14 ] [Fetch] Academic -> 4 / 0.0.0
[ 23-Oct-2022 15:14:14 ] [Fetch] Academic -> 4 / 0.0.0
[ 23-Oct-2022 15:14:14 ] [Fetch] Academic -> 4 / 0.0.0
[ 23-Oct-2022 15:14:14 ] [Fetch] Academic -> 4 / 0.0.0
[ 23-Oct-2022 15:14:14 ] [Fetch] Academic -> 4 / 0.0.0
[ 23-Oct-2022 15:15:55 ] [Total] []
[ 23-Oct-2022 15:16:28 ] [ ressource ] {"ip":"127.0.0.1","ressource":"\/"}
[ 23-Oct-2022 15:16:39 ] [Total] []
[ 23-Oct-2022 15:16:39 ] [promotion] 0
[ 23-Oct-2022 15:16:39 ] [promotion] 0
[ 23-Oct-2022 15:16:39 ] [promotion] 1
[ 23-Oct-2022 15:16:39 ] [promotion] 0
[ 23-Oct-2022 15:17:19 ] [ ressource ] {"ip":"127.0.0.1","ressource":"\/"}
[ 23-Oct-2022 15:17:23 ] [ ressource ] {"ip":"127.0.0.1","ressource":"\/"}
[ 23-Oct-2022 15:17:31 ] [Total] []
[ 23-Oct-2022 15:17:36 ] [Total] []
[ 23-Oct-2022 15:21:21 ] [Total] []
[ 23-Oct-2022 15:23:41 ] [Total] []
[ 23-Oct-2022 15:24:27 ] [Total] []
[ 23-Oct-2022 15:24:59 ] [Total] []
[ 23-Oct-2022 15:27:31 ] [Total] []
[ 23-Oct-2022 15:29:52 ] [Total] []
[ 23-Oct-2022 15:30:08 ] [Total] []
[ 23-Oct-2022 15:30:46 ] [Total] []
[ 23-Oct-2022 15:34:33 ] [Total] []
[ 23-Oct-2022 15:35:31 ] [Total] []
[ 23-Oct-2022 15:42:19 ] [Total] []
                                    