[ 31-Oct-2022 12:15:02 ] [AY] 
[ 31-Oct-2022 12:15:02 ] [AY] 
[ 31-Oct-2022 12:15:02 ] [Res][ay] 
[ 31-Oct-2022 12:15:02 ] 
[ 31-Oct-2022 12:17:12 ] [AY] 
[ 31-Oct-2022 12:17:12 ] [AY] 
[ 31-Oct-2022 12:17:12 ] [Res][ay] 
[ 31-Oct-2022 12:17:13 ] 
[ 31-Oct-2022 12:17:21 ] [AY] 
[ 31-Oct-2022 12:17:21 ] [AY] 
[ 31-Oct-2022 12:17:21 ] [Res][ay] 
[ 31-Oct-2022 12:17:21 ] 
[ 31-Oct-2022 12:17:46 ] [AY] 
[ 31-Oct-2022 12:17:46 ] [AY] 
[ 31-Oct-2022 12:17:46 ] [Res][ay] 
[ 31-Oct-2022 12:17:46 ] 
[ 31-Oct-2022 12:18:00 ] [AY] 
[ 31-Oct-2022 12:18:00 ] [AY] 
[ 31-Oct-2022 12:18:00 ] [Res][ay] 
[ 31-Oct-2022 12:18:00 ] 
[ 31-Oct-2022 12:18:09 ] [AY] 
[ 31-Oct-2022 12:18:09 ] [AY] 
[ 31-Oct-2022 12:18:09 ] [Res][ay] 
[ 31-Oct-2022 12:18:09 ] 
[ 31-Oct-2022 12:18:16 ] [AY] 
[ 31-Oct-2022 12:18:16 ] [AY] 
[ 31-Oct-2022 12:18:16 ] [Res][ay] 
[ 31-Oct-2022 12:18:16 ] 
[ 31-Oct-2022 12:18:50 ] [AY] 
[ 31-Oct-2022 12:18:50 ] [AY] 
[ 31-Oct-2022 12:18:50 ] [Res][ay] 
[ 31-Oct-2022 12:18:50 ] 
[ 31-Oct-2022 12:19:44 ] [AY] 
[ 31-Oct-2022 12:19:44 ] [AY] 
[ 31-Oct-2022 12:19:44 ] [Res][ay] 
[ 31-Oct-2022 12:19:44 ] 
[ 31-Oct-2022 12:19:51 ] [AY] 
[ 31-Oct-2022 12:19:51 ] [AY] 
[ 31-Oct-2022 12:19:52 ] [Res][ay] 
[ 31-Oct-2022 12:19:52 ] 
[ 31-Oct-2022 12:19:54 ] [AY] 
[ 31-Oct-2022 12:19:54 ] [AY] 
[ 31-Oct-2022 12:19:54 ] [Res][ay] 
[ 31-Oct-2022 12:19:54 ] 
[ 31-Oct-2022 12:20:03 ] [AY] 
[ 31-Oct-2022 12:20:03 ] [AY] 
[ 31-Oct-2022 12:20:03 ] [Res][ay] 
[ 31-Oct-2022 12:20:04 ] 
[ 31-Oct-2022 12:20:27 ] [AY] 
[ 31-Oct-2022 12:20:28 ] [AY] 
[ 31-Oct-2022 12:20:28 ] [Res][ay] 
[ 31-Oct-2022 12:20:28 ] 
[ 31-Oct-2022 12:20:31 ] [AY] 
[ 31-Oct-2022 12:20:31 ] [Res][ay] 
[ 31-Oct-2022 12:20:31 ] 
[ 31-Oct-2022 12:20:47 ] [AY] 
[ 31-Oct-2022 12:20:47 ] [AY] 
[ 31-Oct-2022 12:20:47 ] [Res][ay] 
[ 31-Oct-2022 12:20:47 ] 
[ 31-Oct-2022 12:20:48 ] [AY] 
[ 31-Oct-2022 12:20:48 ] [Res][ay] 
[ 31-Oct-2022 12:20:48 ] 
[ 31-Oct-2022 12:20:50 ] [AY] 
[ 31-Oct-2022 12:20:50 ] [AY] 
[ 31-Oct-2022 12:20:50 ] [Res][ay] 
[ 31-Oct-2022 12:20:50 ] 
[ 31-Oct-2022 12:20:54 ] [AY] 
[ 31-Oct-2022 12:20:54 ] [AY] 
[ 31-Oct-2022 12:20:54 ] [Res][ay] 
[ 31-Oct-2022 12:20:54 ] 
[ 31-Oct-2022 12:22:05 ] [AY] 
[ 31-Oct-2022 12:22:05 ] [AY] 
[ 31-Oct-2022 12:22:05 ] [Res][ay] 
[ 31-Oct-2022 12:22:05 ] 
[ 31-Oct-2022 12:22:56 ] [AY] 
[ 31-Oct-2022 12:22:56 ] [AY] 
[ 31-Oct-2022 12:22:56 ] [Res][ay] 
[ 31-Oct-2022 12:22:56 ] 
[ 31-Oct-2022 12:23:45 ] [AY] 
[ 31-Oct-2022 12:23:45 ] [AY] 
[ 31-Oct-2022 12:23:45 ] [Res][ay] 
[ 31-Oct-2022 12:23:45 ] 
[ 31-Oct-2022 12:23:47 ] [AY] 
[ 31-Oct-2022 12:23:47 ] [AY] 
[ 31-Oct-2022 12:23:47 ] [Res][ay] 
[ 31-Oct-2022 12:23:47 ] 
[ 31-Oct-2022 12:24:17 ] [AY] 
[ 31-Oct-2022 12:24:17 ] [AY] 
[ 31-Oct-2022 12:24:17 ] [Res][ay] 
[ 31-Oct-2022 12:24:17 ] 
[ 31-Oct-2022 12:24:50 ] [AY] 
[ 31-Oct-2022 12:24:51 ] [AY] 
[ 31-Oct-2022 12:24:51 ] [Res][ay] 
[ 31-Oct-2022 12:24:51 ] 
[ 31-Oct-2022 12:25:05 ] [AY] 
[ 31-Oct-2022 12:25:05 ] [AY] 
[ 31-Oct-2022 12:25:05 ] [Res][ay] 
[ 31-Oct-2022 12:25:05 ] 
[ 31-Oct-2022 12:25:48 ] [AY] 
[ 31-Oct-2022 12:25:48 ] [AY] 
[ 31-Oct-2022 12:25:48 ] [Res][ay] 
[ 31-Oct-2022 12:25:48 ] 
[ 31-Oct-2022 12:28:17 ] [AY] 
[ 31-Oct-2022 12:28:17 ] [AY] 
[ 31-Oct-2022 12:28:17 ] [Res][ay] 
[ 31-Oct-2022 12:28:17 ] 
[ 31-Oct-2022 12:28:32 ] [AY] 
[ 31-Oct-2022 12:28:32 ] [AY] 
[ 31-Oct-2022 12:28:32 ] [Res][ay] 
[ 31-Oct-2022 12:28:32 ] 
[ 31-Oct-2022 12:28:53 ] [AY] 
[ 31-Oct-2022 12:28:53 ] [AY] 
[ 31-Oct-2022 12:28:53 ] [Res][ay] 
[ 31-Oct-2022 12:28:53 ] 
[ 31-Oct-2022 12:31:52 ] [AY] 
[ 31-Oct-2022 12:31:52 ] [AY] 
[ 31-Oct-2022 12:31:52 ] [Res][ay] 
[ 31-Oct-2022 12:31:52 ] 
[ 31-Oct-2022 12:32:01 ] [AY] 
[ 31-Oct-2022 12:32:01 ] [AY] 
[ 31-Oct-2022 12:32:02 ] [Res][ay] 
[ 31-Oct-2022 12:32:02 ] 
[ 31-Oct-2022 12:32:50 ] [AY] 
[ 31-Oct-2022 12:32:50 ] [AY] 
[ 31-Oct-2022 12:32:50 ] [Res][ay] 
[ 31-Oct-2022 12:32:50 ] 
[ 31-Oct-2022 12:50:24 ] [AY] 
[ 31-Oct-2022 12:50:24 ] [AY] 
[ 31-Oct-2022 12:50:24 ] [Res][ay] 
[ 31-Oct-2022 12:50:24 ] 
[ 31-Oct-2022 12:50:55 ] [AY] 
[ 31-Oct-2022 12:50:55 ] [AY] 
[ 31-Oct-2022 12:50:55 ] [Res][ay] 
[ 31-Oct-2022 12:50:55 ] 
[ 31-Oct-2022 12:52:49 ] [AY] 
[ 31-Oct-2022 12:52:49 ] [AY] 
[ 31-Oct-2022 12:52:49 ] [Res][ay] 
[ 31-Oct-2022 12:52:49 ] 
[ 31-Oct-2022 12:57:09 ] [AY] 
[ 31-Oct-2022 12:57:09 ] [AY] 
[ 31-Oct-2022 12:57:09 ] [Res][ay] 
[ 31-Oct-2022 12:57:09 ] 
[ 31-Oct-2022 12:57:36 ] [AY] 
[ 31-Oct-2022 12:57:36 ] [AY] 
[ 31-Oct-2022 12:57:36 ] [Res][ay] 
[ 31-Oct-2022 12:57:36 ] 
[ 31-Oct-2022 12:58:45 ] [AY] 
[ 31-Oct-2022 12:58:45 ] [Res][ay] 
[ 31-Oct-2022 12:58:45 ] 
[ 31-Oct-2022 13:08:50 ] [AY] 
[ 31-Oct-2022 13:08:50 ] [AY] 
[ 31-Oct-2022 13:08:50 ] [Res][ay] 
[ 31-Oct-2022 13:08:50 ] 
[ 31-Oct-2022 13:12:06 ] [AY] 
[ 31-Oct-2022 13:12:07 ] [AY] 
[ 31-Oct-2022 13:12:07 ] [Res][ay] 
[ 31-Oct-2022 13:12:07 ] 
[ 31-Oct-2022 13:12:18 ] [AY] 
[ 31-Oct-2022 13:12:18 ] [AY] 
[ 31-Oct-2022 13:12:18 ] [Res][ay] 
[ 31-Oct-2022 13:12:18 ] 
[ 31-Oct-2022 13:12:33 ] [AY] 
[ 31-Oct-2022 13:12:33 ] [AY] 
[ 31-Oct-2022 13:12:33 ] [Res][ay] 
[ 31-Oct-2022 13:12:33 ] 
[ 31-Oct-2022 13:12:44 ] [AY] 
[ 31-Oct-2022 13:12:44 ] [AY] 
[ 31-Oct-2022 13:12:44 ] [Res][ay] 
[ 31-Oct-2022 13:12:44 ] 
[ 31-Oct-2022 13:12:47 ] [AY] 
[ 31-Oct-2022 13:12:47 ] [AY] 
[ 31-Oct-2022 13:12:47 ] [Res][ay] 
[ 31-Oct-2022 13:12:47 ] 
[ 31-Oct-2022 13:12:59 ] [AY] 
[ 31-Oct-2022 13:13:00 ] [AY] 
[ 31-Oct-2022 13:13:00 ] [Res][ay] 
[ 31-Oct-2022 13:13:00 ] 
[ 31-Oct-2022 13:13:17 ] [AY] 
[ 31-Oct-2022 13:13:18 ] [AY] 
[ 31-Oct-2022 13:13:18 ] [Res][ay] 
[ 31-Oct-2022 13:13:18 ] 
[ 31-Oct-2022 13:14:16 ] [AY] 
[ 31-Oct-2022 13:14:16 ] [AY] 
[ 31-Oct-2022 13:14:16 ] [Res][ay] 
[ 31-Oct-2022 13:14:16 ] 
[ 31-Oct-2022 13:14:27 ] [AY] 
[ 31-Oct-2022 13:14:27 ] [AY] 
[ 31-Oct-2022 13:14:27 ] [Res][ay] 
[ 31-Oct-2022 13:14:27 ] 
[ 31-Oct-2022 13:14:35 ] [AY] 
[ 31-Oct-2022 13:14:35 ] [AY] 
[ 31-Oct-2022 13:14:35 ] [Res][ay] 
[ 31-Oct-2022 13:14:36 ] 
[ 31-Oct-2022 13:14:58 ] [AY] 
[ 31-Oct-2022 13:14:58 ] [AY] 
[ 31-Oct-2022 13:14:58 ] [Res][ay] 
[ 31-Oct-2022 13:14:58 ] 
[ 31-Oct-2022 13:15:12 ] [AY] 
[ 31-Oct-2022 13:15:12 ] [AY] 
[ 31-Oct-2022 13:15:12 ] [Res][ay] 
[ 31-Oct-2022 13:15:12 ] 
[ 31-Oct-2022 13:15:36 ] [AY] 
[ 31-Oct-2022 13:15:36 ] [AY] 
[ 31-Oct-2022 13:15:36 ] [Res][ay] 
[ 31-Oct-2022 13:15:36 ] 
[ 31-Oct-2022 13:15:53 ] [AY] 
[ 31-Oct-2022 13:15:53 ] [AY] 
[ 31-Oct-2022 13:15:53 ] [Res][ay] 
[ 31-Oct-2022 13:15:53 ] 
[ 31-Oct-2022 13:16:04 ] [AY] 
[ 31-Oct-2022 13:16:04 ] [AY] 
[ 31-Oct-2022 13:16:04 ] [Res][ay] 
[ 31-Oct-2022 13:16:04 ] 
[ 31-Oct-2022 13:16:32 ] [AY] 
[ 31-Oct-2022 13:16:32 ] [AY] 
[ 31-Oct-2022 13:16:32 ] [Res][ay] 
[ 31-Oct-2022 13:16:32 ] 
[ 31-Oct-2022 13:16:40 ] [AY] 
[ 31-Oct-2022 13:16:40 ] [AY] 
[ 31-Oct-2022 13:16:40 ] [Res][ay] 
[ 31-Oct-2022 13:16:40 ] 
[ 31-Oct-2022 13:16:42 ] [AY] 
[ 31-Oct-2022 13:16:42 ] [AY] 
[ 31-Oct-2022 13:16:42 ] [Res][ay] 
[ 31-Oct-2022 13:16:42 ] 
[ 31-Oct-2022 13:16:48 ] [AY] 
[ 31-Oct-2022 13:16:48 ] [AY] 
[ 31-Oct-2022 13:16:48 ] [Res][ay] 
[ 31-Oct-2022 13:16:48 ] 
[ 31-Oct-2022 13:17:09 ] [AY] 
[ 31-Oct-2022 13:17:09 ] [AY] 
[ 31-Oct-2022 13:17:09 ] [Res][ay] 
[ 31-Oct-2022 13:17:09 ] 
[ 31-Oct-2022 13:17:36 ] [AY] 
[ 31-Oct-2022 13:17:36 ] [AY] 
[ 31-Oct-2022 13:17:36 ] [Res][ay] 
[ 31-Oct-2022 13:17:36 ] 
[ 31-Oct-2022 13:17:45 ] [AY] 
[ 31-Oct-2022 13:17:45 ] [AY] 
[ 31-Oct-2022 13:17:45 ] [Res][ay] 
[ 31-Oct-2022 13:17:45 ] 
[ 31-Oct-2022 13:18:08 ] [AY] 
[ 31-Oct-2022 13:18:08 ] [AY] 
[ 31-Oct-2022 13:18:08 ] [Res][ay] 
[ 31-Oct-2022 13:18:08 ] 
[ 31-Oct-2022 13:18:22 ] [AY] 
[ 31-Oct-2022 13:18:22 ] [AY] 
[ 31-Oct-2022 13:18:22 ] [Res][ay] 
[ 31-Oct-2022 13:18:22 ] 
[ 31-Oct-2022 13:18:40 ] [AY] 
[ 31-Oct-2022 13:18:40 ] [AY] 
[ 31-Oct-2022 13:18:40 ] [Res][ay] 
[ 31-Oct-2022 13:18:40 ] 
[ 31-Oct-2022 13:18:51 ] [AY] 
[ 31-Oct-2022 13:18:51 ] [AY] 
[ 31-Oct-2022 13:18:52 ] [Res][ay] 
[ 31-Oct-2022 13:18:52 ] 
[ 31-Oct-2022 13:19:04 ] [AY] 
[ 31-Oct-2022 13:19:04 ] [AY] 
[ 31-Oct-2022 13:19:04 ] [Res][ay] 
[ 31-Oct-2022 13:19:04 ] 
[ 31-Oct-2022 13:19:15 ] [AY] 
[ 31-Oct-2022 13:19:15 ] [AY] 
[ 31-Oct-2022 13:19:16 ] [Res][ay] 
[ 31-Oct-2022 13:19:16 ] 
[ 31-Oct-2022 13:19:31 ] [AY] 
[ 31-Oct-2022 13:19:31 ] [AY] 
[ 31-Oct-2022 13:19:31 ] [Res][ay] 
[ 31-Oct-2022 13:19:31 ] 
[ 31-Oct-2022 13:19:51 ] [AY] 
[ 31-Oct-2022 13:19:51 ] [Res][ay] 
[ 31-Oct-2022 13:19:51 ] 
[ 31-Oct-2022 13:20:24 ] [AY] 
[ 31-Oct-2022 13:20:24 ] [AY] 
[ 31-Oct-2022 13:20:24 ] [Res][ay] 
[ 31-Oct-2022 13:20:24 ] 
[ 31-Oct-2022 13:20:36 ] [AY] 
[ 31-Oct-2022 13:20:36 ] [Res][ay] 
[ 31-Oct-2022 13:20:36 ] 
[ 31-Oct-2022 13:20:38 ] [AY] 
[ 31-Oct-2022 13:20:38 ] [AY] 
[ 31-Oct-2022 13:20:38 ] [Res][ay] 
[ 31-Oct-2022 13:20:38 ] 
[ 31-Oct-2022 13:24:00 ] [AY] 
[ 31-Oct-2022 13:24:00 ] [AY] 
[ 31-Oct-2022 13:24:01 ] [Res][ay] 
[ 31-Oct-2022 13:24:01 ] 
[ 31-Oct-2022 13:24:17 ] [AY] 
[ 31-Oct-2022 13:24:17 ] [AY] 
[ 31-Oct-2022 13:24:17 ] [Res][ay] 
[ 31-Oct-2022 13:24:17 ] 
[ 31-Oct-2022 13:24:40 ] [AY] 
[ 31-Oct-2022 13:24:40 ] [AY] 
[ 31-Oct-2022 13:24:40 ] [Res][ay] 
[ 31-Oct-2022 13:24:40 ] 
[ 31-Oct-2022 13:38:57 ] [AY] 
[ 31-Oct-2022 13:38:58 ] [AY] 
[ 31-Oct-2022 13:38:58 ] [Res][ay] 
[ 31-Oct-2022 13:38:58 ] 
[ 31-Oct-2022 13:40:37 ] [AY] 
[ 31-Oct-2022 13:40:37 ] [AY] 
[ 31-Oct-2022 13:40:37 ] [Res][ay] 
[ 31-Oct-2022 13:40:37 ] 
[ 31-Oct-2022 13:42:04 ] [AY] 
[ 31-Oct-2022 13:42:04 ] [AY] 
[ 31-Oct-2022 13:42:04 ] [Res][ay] 
[ 31-Oct-2022 13:42:04 ] 
[ 31-Oct-2022 13:42:29 ] [AY] 
[ 31-Oct-2022 13:42:29 ] [AY] 
[ 31-Oct-2022 13:42:29 ] [Res][ay] 
[ 31-Oct-2022 13:42:29 ] 
[ 31-Oct-2022 13:42:37 ] [AY] 
[ 31-Oct-2022 13:42:37 ] [AY] 
[ 31-Oct-2022 13:42:37 ] [Res][ay] 
[ 31-Oct-2022 13:42:37 ] 
[ 31-Oct-2022 13:43:14 ] [AY] 
[ 31-Oct-2022 13:43:14 ] [AY] 
[ 31-Oct-2022 13:43:14 ] [Res][ay] 
[ 31-Oct-2022 13:43:14 ] 
[ 31-Oct-2022 13:43:22 ] [AY] 
[ 31-Oct-2022 13:43:22 ] [AY] 
[ 31-Oct-2022 13:43:22 ] [Res][ay] 
[ 31-Oct-2022 13:43:23 ] 
[ 31-Oct-2022 13:43:34 ] [AY] 
[ 31-Oct-2022 13:43:34 ] [AY] 
[ 31-Oct-2022 13:43:34 ] [Res][ay] 
[ 31-Oct-2022 13:43:34 ] 
[ 31-Oct-2022 15:03:36 ] [AY] 
[ 31-Oct-2022 15:03:36 ] [AY] 
[ 31-Oct-2022 15:03:36 ] [Res][ay] 
[ 31-Oct-2022 15:03:36 ] 
[ 31-Oct-2022 15:03:42 ] [AY] 
[ 31-Oct-2022 15:03:42 ] [AY] 
[ 31-Oct-2022 15:03:42 ] [Res][ay] 
[ 31-Oct-2022 15:03:42 ] 
[ 31-Oct-2022 15:04:37 ] [AY] 
[ 31-Oct-2022 15:04:37 ] [AY] 
[ 31-Oct-2022 15:04:37 ] [Res][ay] 
[ 31-Oct-2022 15:04:37 ] 
[ 31-Oct-2022 15:05:09 ] [AY] 
[ 31-Oct-2022 15:05:09 ] [AY] 
[ 31-Oct-2022 15:05:09 ] [Res][ay] 
[ 31-Oct-2022 15:05:09 ] 
[ 31-Oct-2022 15:10:19 ] [AY] 
[ 31-Oct-2022 15:10:19 ] [AY] 
[ 31-Oct-2022 15:10:19 ] [Res][ay] 
[ 31-Oct-2022 15:10:19 ] 
[ 31-Oct-2022 15:11:49 ] [AY] 
[ 31-Oct-2022 15:11:49 ] [AY] 
[ 31-Oct-2022 15:11:49 ] [Res][ay] 
[ 31-Oct-2022 15:11:49 ] 
[ 31-Oct-2022 15:11:51 ] [AY] 
[ 31-Oct-2022 15:11:51 ] [AY] 
[ 31-Oct-2022 15:11:52 ] [Res][ay] 
[ 31-Oct-2022 15:11:52 ] 
[ 31-Oct-2022 15:12:06 ] [AY] 
[ 31-Oct-2022 15:12:06 ] [AY] 
[ 31-Oct-2022 15:12:06 ] [Res][ay] 
[ 31-Oct-2022 15:12:06 ] 
[ 31-Oct-2022 15:12:12 ] [AY] 
[ 31-Oct-2022 15:12:12 ] [AY] 
[ 31-Oct-2022 15:12:12 ] [Res][ay] 
[ 31-Oct-2022 15:12:12 ] 
[ 31-Oct-2022 15:12:31 ] [AY] 
[ 31-Oct-2022 15:12:31 ] [AY] 
[ 31-Oct-2022 15:12:31 ] [Res][ay] 
[ 31-Oct-2022 15:12:31 ] 
[ 31-Oct-2022 15:12:57 ] [AY] 
[ 31-Oct-2022 15:12:57 ] [AY] 
[ 31-Oct-2022 15:12:57 ] [Res][ay] 
[ 31-Oct-2022 15:12:57 ] 
[ 31-Oct-2022 15:13:20 ] [AY] 
[ 31-Oct-2022 15:13:21 ] [AY] 
[ 31-Oct-2022 15:13:21 ] [Res][ay] 
[ 31-Oct-2022 15:13:21 ] 
[ 31-Oct-2022 15:14:18 ] [AY] 
[ 31-Oct-2022 15:14:18 ] [AY] 
[ 31-Oct-2022 15:14:18 ] [Res][ay] 
[ 31-Oct-2022 15:14:18 ] 
[ 31-Oct-2022 15:14:38 ] [AY] 
[ 31-Oct-2022 15:14:38 ] [AY] 
[ 31-Oct-2022 15:14:38 ] [Res][ay] 
[ 31-Oct-2022 15:14:38 ] 
[ 31-Oct-2022 15:14:41 ] [AY] 
[ 31-Oct-2022 15:14:41 ] [AY] 
[ 31-Oct-2022 15:14:41 ] [Res][ay] 
[ 31-Oct-2022 15:14:41 ] 
[ 31-Oct-2022 15:14:58 ] [AY] 
[ 31-Oct-2022 15:14:58 ] [AY] 
[ 31-Oct-2022 15:14:58 ] [Res][ay] 
[ 31-Oct-2022 15:14:58 ] 
[ 31-Oct-2022 15:15:13 ] [AY] 
[ 31-Oct-2022 15:15:13 ] [AY] 
[ 31-Oct-2022 15:15:13 ] [Res][ay] 
[ 31-Oct-2022 15:15:13 ] 
[ 31-Oct-2022 15:15:27 ] [AY] 
[ 31-Oct-2022 15:15:27 ] [AY] 
[ 31-Oct-2022 15:15:27 ] [Res][ay] 
[ 31-Oct-2022 15:15:27 ] 
[ 31-Oct-2022 15:15:59 ] [AY] 
[ 31-Oct-2022 15:15:59 ] [AY] 
[ 31-Oct-2022 15:15:59 ] [Res][ay] 
[ 31-Oct-2022 15:15:59 ] 
[ 31-Oct-2022 15:16:08 ] [AY] 
[ 31-Oct-2022 15:16:08 ] [AY] 
[ 31-Oct-2022 15:16:08 ] [Res][ay] 
[ 31-Oct-2022 15:16:08 ] 
[ 31-Oct-2022 15:16:20 ] [AY] 
[ 31-Oct-2022 15:16:20 ] [AY] 
[ 31-Oct-2022 15:16:20 ] [Res][ay] 
[ 31-Oct-2022 15:16:20 ] 
[ 31-Oct-2022 15:16:32 ] [AY] 
[ 31-Oct-2022 15:16:32 ] [AY] 
[ 31-Oct-2022 15:16:32 ] [Res][ay] 
[ 31-Oct-2022 15:16:33 ] 
[ 31-Oct-2022 15:16:45 ] [AY] 
[ 31-Oct-2022 15:16:45 ] [Res][ay] 
[ 31-Oct-2022 15:16:45 ] 
[ 31-Oct-2022 15:18:49 ] [AY] 
[ 31-Oct-2022 15:18:49 ] [AY] 
[ 31-Oct-2022 15:18:50 ] [Res][ay] 
[ 31-Oct-2022 15:18:50 ] 
[ 31-Oct-2022 15:19:19 ] [AY] 
[ 31-Oct-2022 15:19:19 ] [AY] 
[ 31-Oct-2022 15:19:19 ] [Res][ay] 
[ 31-Oct-2022 15:19:19 ] 
[ 31-Oct-2022 15:19:22 ] [AY] 
[ 31-Oct-2022 15:19:22 ] [AY] 
[ 31-Oct-2022 15:19:22 ] [Res][ay] 
[ 31-Oct-2022 15:19:22 ] 
[ 31-Oct-2022 15:19:40 ] [AY] 
[ 31-Oct-2022 15:19:40 ] [AY] 
[ 31-Oct-2022 15:19:40 ] [Res][ay] 
[ 31-Oct-2022 15:19:40 ] 
[ 31-Oct-2022 15:19:56 ] [AY] 
[ 31-Oct-2022 15:19:56 ] [AY] 
[ 31-Oct-2022 15:19:56 ] [Res][ay] 
[ 31-Oct-2022 15:19:56 ] 
[ 31-Oct-2022 15:20:09 ] [AY] 
[ 31-Oct-2022 15:20:09 ] [AY] 
[ 31-Oct-2022 15:20:09 ] [Res][ay] 
[ 31-Oct-2022 15:20:09 ] 
[ 31-Oct-2022 15:20:24 ] [AY] 
[ 31-Oct-2022 15:20:25 ] [AY] 
[ 31-Oct-2022 15:20:25 ] [Res][ay] 
[ 31-Oct-2022 15:20:25 ] 
[ 31-Oct-2022 15:20:41 ] [AY] 
[ 31-Oct-2022 15:20:41 ] [AY] 
[ 31-Oct-2022 15:20:41 ] [Res][ay] 
[ 31-Oct-2022 15:20:41 ] 
[ 31-Oct-2022 15:22:12 ] [AY] 
[ 31-Oct-2022 15:22:12 ] [AY] 
[ 31-Oct-2022 15:22:12 ] [Res][ay] 
[ 31-Oct-2022 15:22:12 ] 
[ 31-Oct-2022 15:22:43 ] [AY] 
[ 31-Oct-2022 15:22:43 ] [AY] 
[ 31-Oct-2022 15:22:43 ] [Res][ay] 
[ 31-Oct-2022 15:22:43 ] 
[ 31-Oct-2022 15:22:54 ] [AY] 
[ 31-Oct-2022 15:22:54 ] [AY] 
[ 31-Oct-2022 15:22:54 ] [Res][ay] 
[ 31-Oct-2022 15:22:54 ] 
[ 31-Oct-2022 15:24:25 ] [AY] 
[ 31-Oct-2022 15:24:25 ] [AY] 
[ 31-Oct-2022 15:24:26 ] [Res][ay] 
[ 31-Oct-2022 15:24:26 ] 
[ 31-Oct-2022 15:24:29 ] [AY] 
[ 31-Oct-2022 15:24:30 ] [AY] 
[ 31-Oct-2022 15:24:30 ] [Res][ay] 
[ 31-Oct-2022 15:24:30 ] 
[ 31-Oct-2022 15:24:50 ] [AY] 
[ 31-Oct-2022 15:24:50 ] [AY] 
[ 31-Oct-2022 15:24:50 ] [Res][ay] 
[ 31-Oct-2022 15:24:50 ] 
[ 31-Oct-2022 15:25:39 ] [AY] 
[ 31-Oct-2022 15:25:40 ] [AY] 
[ 31-Oct-2022 15:25:40 ] [Res][ay] 
[ 31-Oct-2022 15:25:40 ] 
[ 31-Oct-2022 15:27:38 ] [AY] 
[ 31-Oct-2022 15:27:38 ] [AY] 
[ 31-Oct-2022 15:27:38 ] [Res][ay] 
[ 31-Oct-2022 15:27:38 ] 
[ 31-Oct-2022 15:28:08 ] [AY] 
[ 31-Oct-2022 15:28:08 ] [AY] 
[ 31-Oct-2022 15:28:08 ] [Res][ay] 
[ 31-Oct-2022 15:28:08 ] 
[ 31-Oct-2022 15:28:25 ] [AY] 
[ 31-Oct-2022 15:28:25 ] [AY] 
[ 31-Oct-2022 15:28:25 ] [Res][ay] 
[ 31-Oct-2022 15:28:25 ] 
[ 31-Oct-2022 15:28:50 ] [AY] 
[ 31-Oct-2022 15:28:50 ] [AY] 
[ 31-Oct-2022 15:28:50 ] [Res][ay] 
[ 31-Oct-2022 15:28:50 ] 
[ 31-Oct-2022 15:29:07 ] [AY] 
[ 31-Oct-2022 15:29:07 ] [AY] 
[ 31-Oct-2022 15:29:07 ] [Res][ay] 
[ 31-Oct-2022 15:29:07 ] 
[ 31-Oct-2022 15:29:12 ] [AY] 
[ 31-Oct-2022 15:29:12 ] [AY] 
[ 31-Oct-2022 15:29:12 ] [Res][ay] 
[ 31-Oct-2022 15:29:12 ] 
[ 31-Oct-2022 15:29:19 ] [AY] 
[ 31-Oct-2022 15:29:19 ] [AY] 
[ 31-Oct-2022 15:29:19 ] [Res][ay] 
[ 31-Oct-2022 15:29:19 ] 
[ 31-Oct-2022 15:29:26 ] [AY] 
[ 31-Oct-2022 15:29:26 ] [AY] 
[ 31-Oct-2022 15:29:26 ] [Res][ay] 
[ 31-Oct-2022 15:29:26 ] 
[ 31-Oct-2022 15:30:02 ] [AY] 
[ 31-Oct-2022 15:30:02 ] [Res][ay] 
[ 31-Oct-2022 15:30:02 ] 
[ 31-Oct-2022 15:30:21 ] [AY] 
[ 31-Oct-2022 15:30:21 ] [Res][ay] 
[ 31-Oct-2022 15:30:21 ] 
[ 31-Oct-2022 15:30:44 ] [AY] 
[ 31-Oct-2022 15:30:44 ] [AY] 
[ 31-Oct-2022 15:30:44 ] [Res][ay] 
[ 31-Oct-2022 15:30:44 ] 
[ 31-Oct-2022 15:30:48 ] [AY] 
[ 31-Oct-2022 15:30:48 ] [Res][ay] 
[ 31-Oct-2022 15:30:48 ] 
[ 31-Oct-2022 15:30:53 ] [AY] 
[ 31-Oct-2022 15:30:53 ] [Res][ay] 
[ 31-Oct-2022 15:30:53 ] 
[ 31-Oct-2022 15:31:35 ] [AY] 
[ 31-Oct-2022 15:31:35 ] [Res][ay] 
[ 31-Oct-2022 15:31:35 ] 
[ 31-Oct-2022 15:33:16 ] [AY] 
[ 31-Oct-2022 15:33:16 ] [Res][ay] 
[ 31-Oct-2022 15:33:16 ] 
[ 31-Oct-2022 15:34:28 ] [AY] 
[ 31-Oct-2022 15:34:28 ] [AY] 
[ 31-Oct-2022 15:34:28 ] [Res][ay] 
[ 31-Oct-2022 15:34:28 ] 
[ 31-Oct-2022 15:36:09 ] [AY] 
[ 31-Oct-2022 15:36:09 ] [AY] 
[ 31-Oct-2022 15:36:09 ] [Res][ay] 
[ 31-Oct-2022 15:36:09 ] 
[ 31-Oct-2022 15:39:56 ] [AY] 
[ 31-Oct-2022 15:39:56 ] [Res][ay] 
[ 31-Oct-2022 15:39:56 ] 
[ 31-Oct-2022 15:39:58 ] [AY] 
[ 31-Oct-2022 15:39:58 ] [Res][ay] 
[ 31-Oct-2022 15:39:58 ] 
[ 31-Oct-2022 15:40:18 ] [AY] 
[ 31-Oct-2022 15:40:18 ] [Res][ay] 
[ 31-Oct-2022 15:40:18 ] 
[ 31-Oct-2022 15:40:29 ] [AY] 
[ 31-Oct-2022 15:40:30 ] [Res][ay] 
[ 31-Oct-2022 15:40:30 ] 
[ 31-Oct-2022 15:41:02 ] [AY] 
[ 31-Oct-2022 15:41:02 ] [Res][ay] 
[ 31-Oct-2022 15:41:02 ] 
[ 31-Oct-2022 15:58:04 ] [AY] 
[ 31-Oct-2022 15:58:05 ] [AY] 
[ 31-Oct-2022 15:58:06 ] [Res][ay] 
[ 31-Oct-2022 15:58:06 ] 
[ 31-Oct-2022 15:59:57 ] [AY] 
[ 31-Oct-2022 15:59:58 ] [Res][ay] 
[ 31-Oct-2022 15:59:58 ] 
[ 31-Oct-2022 16:00:25 ] [AY] 
[ 31-Oct-2022 16:00:25 ] [Res][ay] 
[ 31-Oct-2022 16:00:25 ] 
[ 31-Oct-2022 16:01:05 ] [AY] 
[ 31-Oct-2022 16:01:05 ] [Res][ay] 
[ 31-Oct-2022 16:01:05 ] 
[ 31-Oct-2022 16:07:41 ] [AY] 
[ 31-Oct-2022 16:07:41 ] [AY] 
[ 31-Oct-2022 16:07:41 ] [Res][ay] 
[ 31-Oct-2022 16:07:41 ] 
[ 31-Oct-2022 16:09:34 ] [AY] 
[ 31-Oct-2022 16:09:34 ] [AY] 
[ 31-Oct-2022 16:09:34 ] [Res][ay] 
[ 31-Oct-2022 16:09:34 ] 
[ 31-Oct-2022 16:09:36 ] [AY] 
[ 31-Oct-2022 16:09:36 ] [AY] 
[ 31-Oct-2022 16:09:37 ] [Res][ay] 
[ 31-Oct-2022 16:09:37 ] 
[ 31-Oct-2022 16:09:49 ] [AY] 
[ 31-Oct-2022 16:09:49 ] [AY] 
[ 31-Oct-2022 16:09:49 ] [Res][ay] 
[ 31-Oct-2022 16:09:49 ] 
[ 31-Oct-2022 16:09:53 ] [AY] 
[ 31-Oct-2022 16:09:53 ] [AY] 
[ 31-Oct-2022 16:09:53 ] [Res][ay] 
[ 31-Oct-2022 16:09:53 ] 
[ 31-Oct-2022 16:10:36 ] [AY] 
[ 31-Oct-2022 16:10:36 ] [AY] 
[ 31-Oct-2022 16:10:36 ] [Res][ay] 
[ 31-Oct-2022 16:10:37 ] 
[ 31-Oct-2022 16:10:59 ] [AY] 
[ 31-Oct-2022 16:11:00 ] [AY] 
[ 31-Oct-2022 16:11:00 ] [Res][ay] 
[ 31-Oct-2022 16:11:00 ] 
[ 31-Oct-2022 16:12:09 ] [AY] 
[ 31-Oct-2022 16:12:09 ] [AY] 
[ 31-Oct-2022 16:12:09 ] [Res][ay] 
[ 31-Oct-2022 16:12:10 ] 
[ 31-Oct-2022 16:12:26 ] [AY] 
[ 31-Oct-2022 16:12:26 ] [AY] 
[ 31-Oct-2022 16:12:26 ] [Res][ay] 
[ 31-Oct-2022 16:12:26 ] 
[ 31-Oct-2022 16:13:23 ] [AY] 
[ 31-Oct-2022 16:13:24 ] [AY] 
[ 31-Oct-2022 16:13:24 ] [Res][ay] 
[ 31-Oct-2022 16:13:24 ] 
[ 31-Oct-2022 16:15:01 ] [AY] 
[ 31-Oct-2022 16:15:01 ] [AY] 
[ 31-Oct-2022 16:15:01 ] [Res][ay] 
[ 31-Oct-2022 16:15:01 ] 
[ 31-Oct-2022 16:15:09 ] [AY] 
[ 31-Oct-2022 16:15:09 ] [AY] 
[ 31-Oct-2022 16:15:09 ] [Res][ay] 
[ 31-Oct-2022 16:15:10 ] 
[ 31-Oct-2022 16:15:51 ] [AY] 
[ 31-Oct-2022 16:15:51 ] [AY] 
[ 31-Oct-2022 16:15:51 ] [Res][ay] 
[ 31-Oct-2022 16:15:51 ] 
[ 31-Oct-2022 16:19:10 ] [AY] 
[ 31-Oct-2022 16:19:10 ] [AY] 
[ 31-Oct-2022 16:19:11 ] [Res][ay] 
[ 31-Oct-2022 16:19:11 ] 
[ 31-Oct-2022 16:19:15 ] [AY] 
[ 31-Oct-2022 16:19:28 ] [AY] 
[ 31-Oct-2022 16:23:41 ] [AY] 
[ 31-Oct-2022 16:26:30 ] [AY] 
[ 31-Oct-2022 16:26:30 ] [ ressource ] {"ip":"127.0.0.1","ressource":"\/"}
[ 31-Oct-2022 16:27:16 ] [AY] 
[ 31-Oct-2022 16:27:17 ] [AY] 
[ 31-Oct-2022 16:27:17 ] [AY] 
[ 31-Oct-2022 16:27:18 ] [Res][ay] 
[ 31-Oct-2022 16:27:18 ] 
[ 31-Oct-2022 16:27:40 ] [AY] 
[ 31-Oct-2022 16:27:40 ] [Res][ay] 
[ 31-Oct-2022 16:27:41 ] 
[ 31-Oct-2022 16:27:46 ] [AY] 
[ 31-Oct-2022 16:27:46 ] [Days]  Array
[ 31-Oct-2022 16:27:53 ] [AY] 
[ 31-Oct-2022 16:27:53 ] [Days]  Array
[ 31-Oct-2022 16:49:12 ] [AY] 
[ 31-Oct-2022 16:50:00 ] [AY] 
[ 31-Oct-2022 16:50:52 ] [AY] 
[ 31-Oct-2022 16:51:20 ] [AY] 
[ 31-Oct-2022 16:51:20 ] [Found] 1
[ 31-Oct-2022 16:52:15 ] [AY] 
[ 31-Oct-2022 16:52:15 ] [AY] 
[ 31-Oct-2022 16:52:15 ] [Res][ay] 
[ 31-Oct-2022 16:52:15 ] 
[ 31-Oct-2022 16:52:21 ] [AY] 
[ 31-Oct-2022 16:59:12 ] [AY] 
[ 31-Oct-2022 16:59:12 ] [AY] 
[ 31-Oct-2022 16:59:12 ] [Res][ay] 
[ 31-Oct-2022 16:59:12 ] 
[ 31-Oct-2022 16:59:17 ] [AY] 
[ 31-Oct-2022 16:59:21 ] [AY] 
[ 31-Oct-2022 16:59:21 ] [AY] 
[ 31-Oct-2022 16:59:21 ] [Res][ay] 
[ 31-Oct-2022 16:59:22 ] 
[ 31-Oct-2022 16:59:39 ] [AY] 
[ 31-Oct-2022 16:59:39 ] [AY] 
[ 31-Oct-2022 16:59:39 ] [Res][ay] 
[ 31-Oct-2022 16:59:40 ] 
[ 31-Oct-2022 16:59:42 ] [AY] 
[ 31-Oct-2022 17:00:51 ] [AY] 
[ 31-Oct-2022 17:00:51 ] [AY] 
[ 31-Oct-2022 17:00:51 ] [Res][ay] 
[ 31-Oct-2022 17:00:51 ] 
[ 31-Oct-2022 17:01:05 ] [AY] 
[ 31-Oct-2022 17:01:05 ] [AY] 
[ 31-Oct-2022 17:01:05 ] [Res][ay] 
[ 31-Oct-2022 17:01:05 ] 
[ 31-Oct-2022 17:01:35 ] [AY] 
[ 31-Oct-2022 17:01:35 ] [AY] 
[ 31-Oct-2022 17:01:35 ] [Res][ay] 
[ 31-Oct-2022 17:01:35 ] 
[ 31-Oct-2022 17:01:44 ] [AY] 
[ 31-Oct-2022 17:05:23 ] [AY] 
[ 31-Oct-2022 17:05:35 ] [AY] 
[ 31-Oct-2022 17:06:18 ] [AY] 
[ 31-Oct-2022 17:06:18 ] [IN] 1 / Success !
[ 31-Oct-2022 17:06:18 ] [Res][ay] 
[ 31-Oct-2022 17:06:18 ] 
[ 31-Oct-2022 17:06:45 ] [AY] 
[ 31-Oct-2022 17:06:45 ] [AY] 
[ 31-Oct-2022 17:06:45 ] [Res][ay] 
[ 31-Oct-2022 17:06:45 ] 
[ 31-Oct-2022 17:06:49 ] [AY] 
[ 31-Oct-2022 17:06:49 ] [Res][ay] 
[ 31-Oct-2022 17:06:49 ] 
[ 31-Oct-2022 17:06:53 ] [AY] 
[ 31-Oct-2022 17:06:53 ] [AY] 
[ 31-Oct-2022 17:06:53 ] [Res][ay] 
[ 31-Oct-2022 17:06:53 ] 
[ 31-Oct-2022 17:06:58 ] [AY] 
[ 31-Oct-2022 17:06:58 ] [Res][ay] 
[ 31-Oct-2022 17:06:58 ] 
[ 31-Oct-2022 17:10:28 ] [AY] 
[ 31-Oct-2022 17:10:29 ] [AY] 
[ 31-Oct-2022 17:10:29 ] [Res][ay] 
[ 31-Oct-2022 17:10:29 ] 
[ 31-Oct-2022 17:12:10 ] [AY] 
[ 31-Oct-2022 17:12:10 ] [AY] 
[ 31-Oct-2022 17:12:10 ] [Res][ay] 
[ 31-Oct-2022 17:12:10 ] 
[ 31-Oct-2022 17:12:54 ] [AY] 
[ 31-Oct-2022 17:12:55 ] [AY] 
[ 31-Oct-2022 17:12:55 ] [Res][ay] 
[ 31-Oct-2022 17:12:55 ] 
[ 31-Oct-2022 17:13:21 ] [AY] 
[ 31-Oct-2022 17:13:21 ] [AY] 
[ 31-Oct-2022 17:13:21 ] [Res][ay] 
[ 31-Oct-2022 17:13:21 ] 
[ 31-Oct-2022 17:13:44 ] [AY] 
[ 31-Oct-2022 17:13:44 ] [AY] 
[ 31-Oct-2022 17:13:44 ] [Res][ay] 
[ 31-Oct-2022 17:13:44 ] 
[ 31-Oct-2022 17:16:43 ] [AY] 
[ 31-Oct-2022 17:16:43 ] [AY] 
[ 31-Oct-2022 17:16:43 ] [Res][ay] 
[ 31-Oct-2022 17:16:43 ] 
[ 31-Oct-2022 17:16:55 ] [AY] 
[ 31-Oct-2022 17:16:56 ] [AY] 
[ 31-Oct-2022 17:16:56 ] [Res][ay] 
[ 31-Oct-2022 17:16:56 ] 
[ 31-Oct-2022 17:17:26 ] [AY] 
[ 31-Oct-2022 17:17:26 ] [AY] 
[ 31-Oct-2022 17:17:27 ] [Res][ay] 
[ 31-Oct-2022 17:17:27 ] 
[ 31-Oct-2022 17:19:28 ] [AY] 
[ 31-Oct-2022 17:19:28 ] [AY] 
[ 31-Oct-2022 17:19:28 ] [Res][ay] 
[ 31-Oct-2022 17:19:28 ] 
[ 31-Oct-2022 17:19:59 ] [AY] 
[ 31-Oct-2022 17:19:59 ] [AY] 
[ 31-Oct-2022 17:19:59 ] [Res][ay] 
[ 31-Oct-2022 17:20:00 ] 
[ 31-Oct-2022 17:20:16 ] [AY] 
[ 31-Oct-2022 17:20:16 ] [AY] 
[ 31-Oct-2022 17:20:17 ] [Res][ay] 
[ 31-Oct-2022 17:20:17 ] 
[ 31-Oct-2022 17:21:05 ] [AY] 
[ 31-Oct-2022 17:21:05 ] [AY] 
[ 31-Oct-2022 17:21:05 ] [Res][ay] 
[ 31-Oct-2022 17:21:05 ] 
[ 31-Oct-2022 17:21:36 ] [AY] 
[ 31-Oct-2022 17:21:36 ] [AY] 
[ 31-Oct-2022 17:21:36 ] [Res][ay] 
[ 31-Oct-2022 17:21:36 ] 
[ 31-Oct-2022 17:21:52 ] [AY] 
[ 31-Oct-2022 17:21:52 ] [AY] 
[ 31-Oct-2022 17:21:52 ] [Res][ay] 
[ 31-Oct-2022 17:21:52 ] 
[ 31-Oct-2022 17:22:35 ] [AY] 
[ 31-Oct-2022 17:22:35 ] [AY] 
[ 31-Oct-2022 17:22:35 ] [Res][ay] 
[ 31-Oct-2022 17:22:35 ] 
[ 31-Oct-2022 17:23:52 ] [AY] 
[ 31-Oct-2022 17:23:52 ] [AY] 
[ 31-Oct-2022 17:23:53 ] [Res][ay] 
[ 31-Oct-2022 17:23:53 ] 
[ 31-Oct-2022 17:23:57 ] [AY] 
[ 31-Oct-2022 17:23:57 ] [AY] 
[ 31-Oct-2022 17:23:57 ] [Res][ay] 
[ 31-Oct-2022 17:23:57 ] 
[ 31-Oct-2022 17:24:02 ] [AY] 
[ 31-Oct-2022 17:24:04 ] [AY] 
[ 31-Oct-2022 17:24:04 ] [ ressource ] {"ip":"127.0.0.1","ressource":"\/"}
[ 31-Oct-2022 17:24:10 ] [AY] 
[ 31-Oct-2022 17:24:12 ] [AY] 
[ 31-Oct-2022 17:24:12 ] [AY] 
[ 31-Oct-2022 17:24:12 ] [Res][ay] 
[ 31-Oct-2022 17:24:12 ] 
[ 31-Oct-2022 17:24:23 ] [AY] 
[ 31-Oct-2022 17:24:23 ] [Res][ay] 
[ 31-Oct-2022 17:24:23 ] 
[ 31-Oct-2022 17:32:01 ] [AY] 
[ 31-Oct-2022 17:32:01 ] [AY] 
[ 31-Oct-2022 17:32:01 ] [Res][ay] 
[ 31-Oct-2022 17:32:01 ] 
[ 31-Oct-2022 17:32:39 ] [AY] 
[ 31-Oct-2022 17:32:39 ] [AY] 
[ 31-Oct-2022 17:32:39 ] [Res][ay] 
[ 31-Oct-2022 17:32:39 ] 
[ 31-Oct-2022 17:34:04 ] [AY] 
[ 31-Oct-2022 17:34:04 ] [AY] 
[ 31-Oct-2022 17:34:04 ] [Res][ay] 
[ 31-Oct-2022 17:34:04 ] 
[ 31-Oct-2022 17:34:31 ] [AY] 
[ 31-Oct-2022 17:34:31 ] [AY] 
[ 31-Oct-2022 17:34:31 ] [Res][ay] 
[ 31-Oct-2022 17:34:31 ] 
[ 31-Oct-2022 17:35:23 ] [AY] 
[ 31-Oct-2022 17:35:23 ] [AY] 
[ 31-Oct-2022 17:35:23 ] [Res][ay] 
[ 31-Oct-2022 17:35:23 ] 
[ 31-Oct-2022 17:35:39 ] [AY] 
[ 31-Oct-2022 17:35:39 ] [Res][ay] 
[ 31-Oct-2022 17:35:39 ] 
[ 31-Oct-2022 17:35:42 ] [AY] 
[ 31-Oct-2022 17:35:42 ] [Res][ay] 
[ 31-Oct-2022 17:35:42 ] 
[ 31-Oct-2022 17:36:09 ] [AY] 
[ 31-Oct-2022 17:36:10 ] [Res][ay] 
[ 31-Oct-2022 17:36:10 ] 
[ 31-Oct-2022 17:36:41 ] [AY] 
[ 31-Oct-2022 17:36:41 ] [Res][ay] 
[ 31-Oct-2022 17:36:41 ] 
[ 31-Oct-2022 17:37:05 ] [AY] 
[ 31-Oct-2022 17:37:05 ] [Res][ay] 
[ 31-Oct-2022 17:37:05 ] 
[ 31-Oct-2022 17:37:20 ] [AY] 
[ 31-Oct-2022 17:37:20 ] [Res][ay] 
[ 31-Oct-2022 17:37:20 ] 
[ 31-Oct-2022 17:37:56 ] [AY] 
[ 31-Oct-2022 17:37:57 ] [AY] 
[ 31-Oct-2022 17:37:57 ] [Res][ay] 
[ 31-Oct-2022 17:37:57 ] 
[ 31-Oct-2022 17:38:10 ] [AY] 
[ 31-Oct-2022 17:38:11 ] [AY] 
[ 31-Oct-2022 17:38:11 ] [Res][ay] 
[ 31-Oct-2022 17:38:11 ] 
[ 31-Oct-2022 17:38:35 ] [AY] 
[ 31-Oct-2022 17:38:35 ] [AY] 
[ 31-Oct-2022 17:38:35 ] [Res][ay] 
[ 31-Oct-2022 17:38:35 ] 
[ 31-Oct-2022 17:38:45 ] [AY] 
[ 31-Oct-2022 17:38:45 ] [AY] 
[ 31-Oct-2022 17:38:45 ] [Res][ay] 
[ 31-Oct-2022 17:38:45 ] 
[ 31-Oct-2022 17:38:50 ] [AY] 
[ 31-Oct-2022 17:38:50 ] [AY] 
[ 31-Oct-2022 17:38:50 ] [Res][ay] 
[ 31-Oct-2022 17:38:50 ] 
[ 31-Oct-2022 17:38:59 ] [AY] 
[ 31-Oct-2022 17:38:59 ] [AY] 
[ 31-Oct-2022 17:38:59 ] [Res][ay] 
[ 31-Oct-2022 17:38:59 ] 
[ 31-Oct-2022 17:40:22 ] [AY] 
[ 31-Oct-2022 17:40:22 ] [AY] 
[ 31-Oct-2022 17:40:22 ] [Res][ay] 
[ 31-Oct-2022 17:40:22 ] 
[ 31-Oct-2022 17:40:45 ] [AY] 
[ 31-Oct-2022 17:40:45 ] [Res][ay] 
[ 31-Oct-2022 17:40:45 ] 
[ 31-Oct-2022 17:41:27 ] [AY] 
[ 31-Oct-2022 17:41:27 ] [AY] 
[ 31-Oct-2022 17:41:28 ] [Res][ay] 
[ 31-Oct-2022 17:41:31 ] 
[ 31-Oct-2022 17:41:31 ] [AY] 
[ 31-Oct-2022 17:41:31 ] [Res][ay] 
[ 31-Oct-2022 17:41:31 ] 
[ 31-Oct-2022 17:41:32 ] [AY] 
[ 31-Oct-2022 17:41:32 ] [Res][ay] 
[ 31-Oct-2022 17:41:32 ] 
[ 31-Oct-2022 17:42:41 ] [AY] 
[ 31-Oct-2022 17:42:41 ] [AY] 
[ 31-Oct-2022 17:42:41 ] [Res][ay] 
[ 31-Oct-2022 17:42:41 ] 
[ 31-Oct-2022 17:43:24 ] [AY] 
[ 31-Oct-2022 17:43:24 ] [AY] 
[ 31-Oct-2022 17:43:24 ] [Res][ay] 
[ 31-Oct-2022 17:43:24 ] 
[ 31-Oct-2022 17:45:06 ] [AY] 
[ 31-Oct-2022 17:45:06 ] [AY] 
[ 31-Oct-2022 17:45:06 ] [Res][ay] 
[ 31-Oct-2022 17:45:06 ] 
[ 31-Oct-2022 17:49:42 ] [AY] 
[ 31-Oct-2022 17:49:42 ] [AY] 
[ 31-Oct-2022 17:49:42 ] [Res][ay] 
[ 31-Oct-2022 17:49:42 ] 
[ 31-Oct-2022 17:50:33 ] [AY] 
[ 31-Oct-2022 17:50:33 ] [AY] 
[ 31-Oct-2022 17:50:34 ] [Res][ay] 
[ 31-Oct-2022 17:50:34 ] 
[ 31-Oct-2022 17:52:26 ] [AY] 
[ 31-Oct-2022 17:52:26 ] [AY] 
[ 31-Oct-2022 17:52:27 ] [Res][ay] 
[ 31-Oct-2022 17:52:27 ] 
[ 31-Oct-2022 17:52:43 ] [AY] 
[ 31-Oct-2022 17:52:43 ] [AY] 
[ 31-Oct-2022 17:52:43 ] [Res][ay] 
[ 31-Oct-2022 17:52:43 ] 
[ 31-Oct-2022 17:52:56 ] [AY] 
[ 31-Oct-2022 17:52:56 ] [AY] 
[ 31-Oct-2022 17:52:56 ] [Res][ay] 
[ 31-Oct-2022 17:52:56 ] 
[ 31-Oct-2022 17:53:05 ] [AY] 
[ 31-Oct-2022 17:53:05 ] [AY] 
[ 31-Oct-2022 17:53:05 ] [Res][ay] 
[ 31-Oct-2022 17:53:05 ] 
[ 31-Oct-2022 17:53:22 ] [AY] 
[ 31-Oct-2022 17:53:22 ] [AY] 
[ 31-Oct-2022 17:53:22 ] [Res][ay] 
[ 31-Oct-2022 17:53:22 ] 
[ 31-Oct-2022 17:53:49 ] [AY] 
[ 31-Oct-2022 17:53:49 ] [AY] 
[ 31-Oct-2022 17:53:49 ] [Res][ay] 
[ 31-Oct-2022 17:53:49 ] 
[ 31-Oct-2022 17:54:01 ] [AY] 
[ 31-Oct-2022 17:54:01 ] [AY] 
[ 31-Oct-2022 17:54:02 ] [Res][ay] 
[ 31-Oct-2022 17:54:02 ] 
[ 31-Oct-2022 17:54:12 ] [AY] 
[ 31-Oct-2022 17:54:12 ] [AY] 
[ 31-Oct-2022 17:54:12 ] [Res][ay] 
[ 31-Oct-2022 17:54:12 ] 
[ 31-Oct-2022 17:54:51 ] [AY] 
[ 31-Oct-2022 17:54:51 ] [AY] 
[ 31-Oct-2022 17:54:51 ] [Res][ay] 
[ 31-Oct-2022 17:54:51 ] 
[ 31-Oct-2022 17:55:14 ] [AY] 
[ 31-Oct-2022 17:55:14 ] [Res][ay] 
[ 31-Oct-2022 17:55:14 ] 
[ 31-Oct-2022 17:56:24 ] [AY] 
[ 31-Oct-2022 17:56:25 ] [AY] 
[ 31-Oct-2022 17:56:25 ] [Res][ay] 
[ 31-Oct-2022 17:56:25 ] 
[ 31-Oct-2022 17:56:43 ] [AY] 
[ 31-Oct-2022 17:56:44 ] [AY] 
[ 31-Oct-2022 17:56:44 ] [Res][ay] 
[ 31-Oct-2022 17:56:44 ] 
[ 31-Oct-2022 17:57:36 ] [AY] 
[ 31-Oct-2022 17:57:36 ] [AY] 
[ 31-Oct-2022 17:57:36 ] [Res][ay] 
[ 31-Oct-2022 17:57:37 ] 
[ 31-Oct-2022 18:04:03 ] [AY] 
[ 31-Oct-2022 18:04:03 ] [AY] 
[ 31-Oct-2022 18:04:03 ] [Res][ay] 
[ 31-Oct-2022 18:04:03 ] 
[ 31-Oct-2022 18:04:13 ] [AY] 
[ 31-Oct-2022 18:04:35 ] [AY] 
[ 31-Oct-2022 18:04:46 ] [AY] 
[ 31-Oct-2022 18:07:31 ] [AY] 
[ 31-Oct-2022 18:07:31 ] [Res][ay] 
[ 31-Oct-2022 18:07:31 ] 
[ 31-Oct-2022 18:08:10 ] [AY] 
[ 31-Oct-2022 18:08:10 ] [AY] 
[ 31-Oct-2022 18:08:10 ] [Res][ay] 
[ 31-Oct-2022 18:08:10 ] 
[ 31-Oct-2022 18:08:17 ] [AY] 
[ 31-Oct-2022 18:08:17 ] [Res][ay] 
[ 31-Oct-2022 18:08:17 ] 
[ 31-Oct-2022 18:09:27 ] [AY] 
[ 31-Oct-2022 18:09:27 ] [AY] 
[ 31-Oct-2022 18:09:27 ] [Res][ay] 
[ 31-Oct-2022 18:09:27 ] 
[ 31-Oct-2022 18:09:38 ] [AY] 
[ 31-Oct-2022 18:09:38 ] [AY] 
[ 31-Oct-2022 18:09:38 ] [Res][ay] 
[ 31-Oct-2022 18:09:38 ] 
[ 31-Oct-2022 18:10:20 ] [AY] 
[ 31-Oct-2022 18:10:20 ] [AY] 
[ 31-Oct-2022 18:10:20 ] [Res][ay] 
[ 31-Oct-2022 18:10:20 ] 
[ 31-Oct-2022 18:11:38 ] [AY] 
[ 31-Oct-2022 18:11:38 ] [AY] 
[ 31-Oct-2022 18:11:38 ] [Res][ay] 
[ 31-Oct-2022 18:11:38 ] 
[ 31-Oct-2022 18:12:21 ] [AY] 
[ 31-Oct-2022 18:12:22 ] [AY] 
[ 31-Oct-2022 18:12:22 ] [Res][ay] 
[ 31-Oct-2022 18:12:22 ] 
[ 31-Oct-2022 18:12:36 ] [AY] 
[ 31-Oct-2022 18:12:36 ] [AY] 
[ 31-Oct-2022 18:12:36 ] [Res][ay] 
[ 31-Oct-2022 18:12:36 ] 
[ 31-Oct-2022 18:17:29 ] [AY] 
[ 31-Oct-2022 18:17:29 ] [AY] 
[ 31-Oct-2022 18:17:29 ] [Res][ay] 
[ 31-Oct-2022 18:17:29 ] 
[ 31-Oct-2022 18:17:32 ] [AY] 
[ 31-Oct-2022 18:17:32 ] [Res][ay] 
[ 31-Oct-2022 18:17:33 ] 
[ 31-Oct-2022 18:19:00 ] [AY] 
[ 31-Oct-2022 18:19:00 ] [AY] 
[ 31-Oct-2022 18:19:00 ] [Res][ay] 
[ 31-Oct-2022 18:19:00 ] 
[ 31-Oct-2022 18:19:33 ] [AY] 
[ 31-Oct-2022 18:19:34 ] [AY] 
[ 31-Oct-2022 18:19:34 ] [Res][ay] 
[ 31-Oct-2022 18:19:34 ] 
[ 31-Oct-2022 18:21:48 ] [AY] 
[ 31-Oct-2022 18:21:48 ] [AY] 
[ 31-Oct-2022 18:21:48 ] [Res][ay] 
[ 31-Oct-2022 18:21:48 ] 
[ 31-Oct-2022 18:22:11 ] [AY] 
[ 31-Oct-2022 18:22:11 ] [Res][ay] 
[ 31-Oct-2022 18:22:11 ] 
[ 31-Oct-2022 18:22:22 ] [AY] 
[ 31-Oct-2022 18:22:22 ] [Res][ay] 
[ 31-Oct-2022 18:22:22 ] 
[ 31-Oct-2022 18:23:41 ] [AY] 
[ 31-Oct-2022 18:23:44 ] [AY] 
[ 31-Oct-2022 18:23:44 ] [ ressource ] {"ip":"127.0.0.1","ressource":"\/"}
[ 31-Oct-2022 18:27:56 ] [AY] 
[ 31-Oct-2022 18:27:58 ] [AY] 
[ 31-Oct-2022 18:27:58 ] [AY] 
[ 31-Oct-2022 18:27:59 ] [Res][ay] 
[ 31-Oct-2022 18:27:59 ] 
[ 31-Oct-2022 18:28:57 ] [AY] 
[ 31-Oct-2022 18:28:58 ] [AY] 
[ 31-Oct-2022 18:28:58 ] [Res][ay] 
[ 31-Oct-2022 18:28:58 ] 
[ 31-Oct-2022 18:29:40 ] [AY] 
[ 31-Oct-2022 18:29:40 ] [Res][ay] 
[ 31-Oct-2022 18:29:40 ] 
[ 31-Oct-2022 18:29:43 ] [AY] 
[ 31-Oct-2022 18:29:43 ] [Res][ay] 
[ 31-Oct-2022 18:29:43 ] 
[ 31-Oct-2022 18:31:22 ] [AY] 
[ 31-Oct-2022 18:31:24 ] [AY] 
[ 31-Oct-2022 18:31:24 ] [ ressource ] {"ip":"127.0.0.1","ressource":"\/"}
[ 31-Oct-2022 18:31:30 ] [AY] 
[ 31-Oct-2022 18:31:31 ] [AY] 
[ 31-Oct-2022 18:31:31 ] [AY] 
[ 31-Oct-2022 18:31:32 ] [Res][ay] 
[ 31-Oct-2022 18:31:32 ] 
[ 31-Oct-2022 18:31:34 ] [AY] 
[ 31-Oct-2022 18:31:35 ] [Res][ay] 
[ 31-Oct-2022 18:31:35 ] 
[ 31-Oct-2022 18:32:05 ] [AY] 
[ 31-Oct-2022 18:32:07 ] [AY] 
[ 31-Oct-2022 18:32:07 ] [ ressource ] {"ip":"127.0.0.1","ressource":"\/"}
[ 31-Oct-2022 18:32:23 ] [AY] 
[ 31-Oct-2022 18:32:23 ] [ ressource ] {"ip":"127.0.0.1","ressource":"\/"}
[ 31-Oct-2022 18:32:28 ] [AY] 
[ 31-Oct-2022 18:32:30 ] [AY] 
[ 31-Oct-2022 18:32:30 ] [AY] 
[ 31-Oct-2022 18:32:31 ] [Res][ay] 
[ 31-Oct-2022 18:32:31 ] 
[ 31-Oct-2022 18:32:32 ] [AY] 
[ 31-Oct-2022 18:32:32 ] [Res][ay] 
[ 31-Oct-2022 18:32:32 ] 
[ 31-Oct-2022 18:33:08 ] [AY] 
[ 31-Oct-2022 18:33:08 ] [Res][ay] 
[ 31-Oct-2022 18:33:09 ] 
[ 31-Oct-2022 18:33:14 ] [AY] 
[ 31-Oct-2022 18:33:14 ] [Res][ay] 
[ 31-Oct-2022 18:33:14 ] 
[ 31-Oct-2022 18:35:23 ] [AY] 
[ 31-Oct-2022 18:35:23 ] [AY] 
[ 31-Oct-2022 18:35:23 ] [Res][ay] 
[ 31-Oct-2022 18:35:23 ] 
[ 31-Oct-2022 18:35:31 ] [AY] 
[ 31-Oct-2022 18:35:31 ] [Res][ay] 
[ 31-Oct-2022 18:35:31 ] 
[ 31-Oct-2022 18:35:40 ] [AY] 
[ 31-Oct-2022 18:35:40 ] [Date] Update 1995-03-21
[ 31-Oct-2022 18:35:41 ] [Reflection] Teacher
[ 31-Oct-2022 18:35:41 ] [Date] Update 1980-05-27
[ 31-Oct-2022 18:35:41 ] [Reflection] Teacher
[ 31-Oct-2022 18:35:41 ] [Res][ay] 
[ 31-Oct-2022 18:35:41 ] 
[ 31-Oct-2022 18:35:58 ] [AY] 
[ 31-Oct-2022 18:35:58 ] [AY] 
[ 31-Oct-2022 18:35:58 ] [Res][ay] 
[ 31-Oct-2022 18:35:58 ] 
[ 31-Oct-2022 18:36:05 ] [AY] 
[ 31-Oct-2022 18:36:05 ] [Res][ay] 
[ 31-Oct-2022 18:36:05 ] 
[ 31-Oct-2022 18:36:18 ] [AY] 
[ 31-Oct-2022 18:36:18 ] [Date] Update 1995-03-21
[ 31-Oct-2022 18:36:18 ] [Reflection] Teacher
[ 31-Oct-2022 18:36:18 ] [Date] Update 1980-05-27
[ 31-Oct-2022 18:36:18 ] [Reflection] Teacher
[ 31-Oct-2022 18:36:18 ] [Res][ay] 
[ 31-Oct-2022 18:36:18 ] 
[ 31-Oct-2022 18:37:38 ] [AY] 
[ 31-Oct-2022 18:37:39 ] [AY] 
[ 31-Oct-2022 18:37:39 ] [Res][ay] 
[ 31-Oct-2022 18:37:39 ] 
[ 31-Oct-2022 18:37:43 ] [AY] 
[ 31-Oct-2022 18:37:43 ] [Res][ay] 
[ 31-Oct-2022 18:37:43 ] 
[ 31-Oct-2022 18:37:50 ] [AY] 
[ 31-Oct-2022 18:37:50 ] [Date] Update 1995-03-21
[ 31-Oct-2022 18:37:50 ] [Reflection] Teacher
[ 31-Oct-2022 18:37:50 ] [Date] Update 1980-05-27
[ 31-Oct-2022 18:37:50 ] [Reflection] Teacher
[ 31-Oct-2022 18:37:50 ] [Res][ay] 
[ 31-Oct-2022 18:37:50 ] 
[ 31-Oct-2022 18:38:33 ] [AY] 
[ 31-Oct-2022 18:38:34 ] [Date] Update 1995-03-21
[ 31-Oct-2022 18:38:34 ] [Reflection] Teacher
[ 31-Oct-2022 18:38:34 ] [Date] Update 1980-05-27
[ 31-Oct-2022 18:38:34 ] [Reflection] Teacher
[ 31-Oct-2022 18:38:34 ] [Res][ay] 
[ 31-Oct-2022 18:38:34 ] 
[ 31-Oct-2022 18:42:12 ] [AY] 
[ 31-Oct-2022 18:42:12 ] [Res][ay] 
[ 31-Oct-2022 18:42:12 ] 
[ 31-Oct-2022 18:42:33 ] [AY] 
[ 31-Oct-2022 18:42:34 ] [Res][ay] 
[ 31-Oct-2022 18:42:34 ] 
